{"C:\\Users\\pc performance\\Documents\\CTRPE\\ctr-pe-project\\backend\\src\\app.ts": {"path":"C:\\Users\\pc performance\\Documents\\CTRPE\\ctr-pe-project\\backend\\src\\app.ts","statementMap":{"0":{"start":{"line":24,"column":16},"end":{"line":24,"column":46}},"1":{"start":{"line":25,"column":48},"end":{"line":25,"column":65}},"2":{"start":{"line":27,"column":12},"end":{"line":27,"column":21}},"3":{"start":{"line":31,"column":0},"end":{"line":31,"column":18}},"4":{"start":{"line":32,"column":0},"end":{"line":32,"column":16}},"5":{"start":{"line":33,"column":0},"end":{"line":33,"column":23}},"6":{"start":{"line":34,"column":0},"end":{"line":34,"column":34}},"7":{"start":{"line":35,"column":0},"end":{"line":35,"column":24}},"8":{"start":{"line":36,"column":0},"end":{"line":36,"column":25}},"9":{"start":{"line":38,"column":0},"end":{"line":38,"column":33}},"10":{"start":{"line":39,"column":0},"end":{"line":39,"column":41}},"11":{"start":{"line":40,"column":0},"end":{"line":40,"column":41}},"12":{"start":{"line":41,"column":0},"end":{"line":41,"column":37}},"13":{"start":{"line":42,"column":0},"end":{"line":42,"column":43}},"14":{"start":{"line":43,"column":0},"end":{"line":43,"column":39}},"15":{"start":{"line":44,"column":0},"end":{"line":44,"column":52}},"16":{"start":{"line":45,"column":0},"end":{"line":45,"column":52}},"17":{"start":{"line":46,"column":0},"end":{"line":46,"column":71}},"18":{"start":{"line":47,"column":0},"end":{"line":47,"column":54}},"19":{"start":{"line":48,"column":0},"end":{"line":48,"column":43}},"20":{"start":{"line":49,"column":0},"end":{"line":49,"column":43}},"21":{"start":{"line":50,"column":0},"end":{"line":50,"column":49}},"22":{"start":{"line":52,"column":0},"end":{"line":58,"column":3}},"23":{"start":{"line":53,"column":2},"end":{"line":57,"column":5}},"24":{"start":{"line":60,"column":0},"end":{"line":68,"column":3}},"25":{"start":{"line":61,"column":2},"end":{"line":67,"column":4}},"26":{"start":{"line":70,"column":0},"end":{"line":78,"column":3}},"27":{"start":{"line":71,"column":2},"end":{"line":77,"column":4}},"28":{"start":{"line":80,"column":0},"end":{"line":80,"column":32}}},"fnMap":{"0":{"name":"(anonymous_0)","decl":{"start":{"line":52,"column":19},"end":{"line":52,"column":20}},"loc":{"start":{"line":52,"column":33},"end":{"line":58,"column":1}}},"1":{"name":"(anonymous_1)","decl":{"start":{"line":60,"column":17},"end":{"line":60,"column":18}},"loc":{"start":{"line":60,"column":38},"end":{"line":68,"column":1}}},"2":{"name":"(anonymous_2)","decl":{"start":{"line":70,"column":8},"end":{"line":70,"column":9}},"loc":{"start":{"line":70,"column":29},"end":{"line":78,"column":1}}}},"branchMap":{},"s":{"0":16,"1":16,"2":16,"3":16,"4":16,"5":16,"6":16,"7":16,"8":16,"9":16,"10":16,"11":16,"12":16,"13":16,"14":16,"15":16,"16":16,"17":16,"18":16,"19":16,"20":16,"21":16,"22":16,"23":1,"24":16,"25":0,"26":16,"27":1,"28":16},"f":{"0":1,"1":0,"2":1},"b":{}}
,"C:\\Users\\pc performance\\Documents\\CTRPE\\ctr-pe-project\\backend\\src\\auth\\auth.controller.ts": {"path":"C:\\Users\\pc performance\\Documents\\CTRPE\\ctr-pe-project\\backend\\src\\auth\\auth.controller.ts","statementMap":{"0":{"start":{"line":11,"column":20},"end":{"line":11,"column":37}},"1":{"start":{"line":18,"column":2},"end":{"line":23,"column":3}},"2":{"start":{"line":19,"column":19},"end":{"line":19,"column":57}},"3":{"start":{"line":20,"column":4},"end":{"line":20,"column":40}},"4":{"start":{"line":22,"column":4},"end":{"line":22,"column":16}},"5":{"start":{"line":27,"column":2},"end":{"line":32,"column":3}},"6":{"start":{"line":28,"column":19},"end":{"line":28,"column":68}},"7":{"start":{"line":29,"column":4},"end":{"line":29,"column":40}},"8":{"start":{"line":31,"column":4},"end":{"line":31,"column":16}},"9":{"start":{"line":40,"column":2},"end":{"line":45,"column":3}},"10":{"start":{"line":41,"column":19},"end":{"line":41,"column":82}},"11":{"start":{"line":42,"column":4},"end":{"line":42,"column":40}},"12":{"start":{"line":44,"column":4},"end":{"line":44,"column":16}},"13":{"start":{"line":49,"column":2},"end":{"line":55,"column":3}},"14":{"start":{"line":50,"column":32},"end":{"line":50,"column":55}},"15":{"start":{"line":51,"column":19},"end":{"line":51,"column":60}},"16":{"start":{"line":52,"column":4},"end":{"line":52,"column":40}},"17":{"start":{"line":54,"column":4},"end":{"line":54,"column":16}},"18":{"start":{"line":59,"column":2},"end":{"line":65,"column":3}},"19":{"start":{"line":60,"column":29},"end":{"line":60,"column":58}},"20":{"start":{"line":61,"column":19},"end":{"line":61,"column":58}},"21":{"start":{"line":62,"column":4},"end":{"line":62,"column":40}},"22":{"start":{"line":64,"column":4},"end":{"line":64,"column":16}},"23":{"start":{"line":69,"column":2},"end":{"line":75,"column":3}},"24":{"start":{"line":70,"column":29},"end":{"line":70,"column":58}},"25":{"start":{"line":71,"column":4},"end":{"line":71,"column":43}},"26":{"start":{"line":72,"column":4},"end":{"line":72,"column":34}},"27":{"start":{"line":74,"column":4},"end":{"line":74,"column":16}},"28":{"start":{"line":79,"column":2},"end":{"line":85,"column":3}},"29":{"start":{"line":80,"column":24},"end":{"line":80,"column":43}},"30":{"start":{"line":81,"column":19},"end":{"line":81,"column":55}},"31":{"start":{"line":82,"column":4},"end":{"line":82,"column":40}},"32":{"start":{"line":84,"column":4},"end":{"line":84,"column":16}},"33":{"start":{"line":93,"column":2},"end":{"line":108,"column":3}},"34":{"start":{"line":94,"column":24},"end":{"line":94,"column":43}},"35":{"start":{"line":96,"column":6},"end":{"line":96,"column":37}},"36":{"start":{"line":98,"column":19},"end":{"line":102,"column":null}},"37":{"start":{"line":105,"column":4},"end":{"line":105,"column":40}},"38":{"start":{"line":107,"column":4},"end":{"line":107,"column":16}}},"fnMap":{"0":{"name":"listSignupEmpresas","decl":{"start":{"line":13,"column":22},"end":{"line":13,"column":40}},"loc":{"start":{"line":16,"column":20},"end":{"line":24,"column":1}}},"1":{"name":"signUp","decl":{"start":{"line":26,"column":22},"end":{"line":26,"column":28}},"loc":{"start":{"line":26,"column":76},"end":{"line":33,"column":1}}},"2":{"name":"signUpTesting","decl":{"start":{"line":35,"column":22},"end":{"line":35,"column":35}},"loc":{"start":{"line":38,"column":20},"end":{"line":46,"column":1}}},"3":{"name":"signIn","decl":{"start":{"line":48,"column":22},"end":{"line":48,"column":28}},"loc":{"start":{"line":48,"column":76},"end":{"line":56,"column":1}}},"4":{"name":"refresh","decl":{"start":{"line":58,"column":22},"end":{"line":58,"column":29}},"loc":{"start":{"line":58,"column":77},"end":{"line":66,"column":1}}},"5":{"name":"logout","decl":{"start":{"line":68,"column":22},"end":{"line":68,"column":28}},"loc":{"start":{"line":68,"column":76},"end":{"line":76,"column":1}}},"6":{"name":"me","decl":{"start":{"line":78,"column":22},"end":{"line":78,"column":24}},"loc":{"start":{"line":78,"column":72},"end":{"line":86,"column":1}}},"7":{"name":"changePassword","decl":{"start":{"line":88,"column":22},"end":{"line":88,"column":36}},"loc":{"start":{"line":91,"column":20},"end":{"line":109,"column":1}}}},"branchMap":{},"s":{"0":16,"1":0,"2":0,"3":0,"4":0,"5":0,"6":0,"7":0,"8":0,"9":0,"10":0,"11":0,"12":0,"13":53,"14":53,"15":53,"16":50,"17":3,"18":0,"19":0,"20":0,"21":0,"22":0,"23":0,"24":0,"25":0,"26":0,"27":0,"28":8,"29":8,"30":8,"31":8,"32":0,"33":0,"34":0,"35":0,"36":0,"37":0,"38":0},"f":{"0":0,"1":0,"2":0,"3":53,"4":0,"5":0,"6":8,"7":0},"b":{}}
,"C:\\Users\\pc performance\\Documents\\CTRPE\\ctr-pe-project\\backend\\src\\auth\\auth.repository.ts": {"path":"C:\\Users\\pc performance\\Documents\\CTRPE\\ctr-pe-project\\backend\\src\\auth\\auth.repository.ts","statementMap":{"0":{"start":{"line":26,"column":4},"end":{"line":37,"column":7}},"1":{"start":{"line":41,"column":4},"end":{"line":51,"column":7}},"2":{"start":{"line":55,"column":4},"end":{"line":61,"column":7}},"3":{"start":{"line":65,"column":4},"end":{"line":71,"column":7}},"4":{"start":{"line":75,"column":4},"end":{"line":82,"column":7}},"5":{"start":{"line":86,"column":4},"end":{"line":104,"column":7}},"6":{"start":{"line":108,"column":4},"end":{"line":126,"column":7}},"7":{"start":{"line":130,"column":4},"end":{"line":133,"column":7}},"8":{"start":{"line":137,"column":4},"end":{"line":140,"column":7}},"9":{"start":{"line":144,"column":4},"end":{"line":146,"column":7}},"10":{"start":{"line":150,"column":4},"end":{"line":164,"column":7}},"11":{"start":{"line":168,"column":4},"end":{"line":171,"column":7}},"12":{"start":{"line":175,"column":4},"end":{"line":183,"column":7}},"13":{"start":{"line":187,"column":4},"end":{"line":191,"column":7}}},"fnMap":{"0":{"name":"(anonymous_0)","decl":{"start":{"line":25,"column":2},"end":{"line":25,"column":7}},"loc":{"start":{"line":25,"column":33},"end":{"line":38,"column":3}}},"1":{"name":"(anonymous_1)","decl":{"start":{"line":40,"column":2},"end":{"line":40,"column":7}},"loc":{"start":{"line":40,"column":27},"end":{"line":52,"column":3}}},"2":{"name":"(anonymous_2)","decl":{"start":{"line":54,"column":2},"end":{"line":54,"column":7}},"loc":{"start":{"line":54,"column":39},"end":{"line":62,"column":3}}},"3":{"name":"(anonymous_3)","decl":{"start":{"line":64,"column":2},"end":{"line":64,"column":7}},"loc":{"start":{"line":64,"column":34},"end":{"line":72,"column":3}}},"4":{"name":"(anonymous_4)","decl":{"start":{"line":74,"column":2},"end":{"line":74,"column":7}},"loc":{"start":{"line":74,"column":35},"end":{"line":83,"column":3}}},"5":{"name":"(anonymous_5)","decl":{"start":{"line":85,"column":2},"end":{"line":85,"column":7}},"loc":{"start":{"line":85,"column":59},"end":{"line":105,"column":3}}},"6":{"name":"(anonymous_6)","decl":{"start":{"line":107,"column":2},"end":{"line":107,"column":7}},"loc":{"start":{"line":107,"column":71},"end":{"line":127,"column":3}}},"7":{"name":"(anonymous_7)","decl":{"start":{"line":129,"column":2},"end":{"line":129,"column":7}},"loc":{"start":{"line":129,"column":52},"end":{"line":134,"column":3}}},"8":{"name":"(anonymous_8)","decl":{"start":{"line":136,"column":2},"end":{"line":136,"column":7}},"loc":{"start":{"line":136,"column":34},"end":{"line":141,"column":3}}},"9":{"name":"(anonymous_9)","decl":{"start":{"line":143,"column":2},"end":{"line":143,"column":7}},"loc":{"start":{"line":143,"column":55},"end":{"line":147,"column":3}}},"10":{"name":"(anonymous_10)","decl":{"start":{"line":149,"column":2},"end":{"line":149,"column":7}},"loc":{"start":{"line":149,"column":48},"end":{"line":165,"column":3}}},"11":{"name":"(anonymous_11)","decl":{"start":{"line":167,"column":2},"end":{"line":167,"column":7}},"loc":{"start":{"line":167,"column":37},"end":{"line":172,"column":3}}},"12":{"name":"(anonymous_12)","decl":{"start":{"line":174,"column":2},"end":{"line":174,"column":7}},"loc":{"start":{"line":174,"column":50},"end":{"line":184,"column":3}}},"13":{"name":"(anonymous_13)","decl":{"start":{"line":186,"column":2},"end":{"line":186,"column":7}},"loc":{"start":{"line":186,"column":43},"end":{"line":192,"column":3}}}},"branchMap":{},"s":{"0":53,"1":8,"2":0,"3":0,"4":0,"5":0,"6":0,"7":0,"8":50,"9":50,"10":0,"11":0,"12":0,"13":0},"f":{"0":53,"1":8,"2":0,"3":0,"4":0,"5":0,"6":0,"7":0,"8":50,"9":50,"10":0,"11":0,"12":0,"13":0},"b":{}}
,"C:\\Users\\pc performance\\Documents\\CTRPE\\ctr-pe-project\\backend\\src\\auth\\auth.routes.ts": {"path":"C:\\Users\\pc performance\\Documents\\CTRPE\\ctr-pe-project\\backend\\src\\auth\\auth.routes.ts","statementMap":{"0":{"start":{"line":22,"column":26},"end":{"line":22,"column":34}},"1":{"start":{"line":24,"column":0},"end":{"line":24,"column":56}},"2":{"start":{"line":25,"column":0},"end":{"line":25,"column":77}},"3":{"start":{"line":26,"column":0},"end":{"line":31,"column":2}},"4":{"start":{"line":32,"column":0},"end":{"line":32,"column":77}},"5":{"start":{"line":33,"column":0},"end":{"line":33,"column":84}},"6":{"start":{"line":34,"column":0},"end":{"line":34,"column":67}},"7":{"start":{"line":36,"column":0},"end":{"line":36,"column":42}},"8":{"start":{"line":37,"column":0},"end":{"line":42,"column":2}}},"fnMap":{},"branchMap":{},"s":{"0":16,"1":16,"2":16,"3":16,"4":16,"5":16,"6":16,"7":16,"8":16},"f":{},"b":{}}
,"C:\\Users\\pc performance\\Documents\\CTRPE\\ctr-pe-project\\backend\\src\\auth\\auth.service.ts": {"path":"C:\\Users\\pc performance\\Documents\\CTRPE\\ctr-pe-project\\backend\\src\\auth\\auth.service.ts","statementMap":{"0":{"start":{"line":11,"column":27},"end":{"line":11,"column":47}},"1":{"start":{"line":12,"column":25},"end":{"line":12,"column":43}},"2":{"start":{"line":15,"column":4},"end":{"line":15,"column":61}},"3":{"start":{"line":19,"column":23},"end":{"line":19,"column":72}},"4":{"start":{"line":21,"column":4},"end":{"line":27,"column":5}},"5":{"start":{"line":22,"column":6},"end":{"line":26,"column":9}},"6":{"start":{"line":29,"column":20},"end":{"line":29,"column":77}},"7":{"start":{"line":31,"column":4},"end":{"line":37,"column":5}},"8":{"start":{"line":32,"column":6},"end":{"line":36,"column":9}},"9":{"start":{"line":39,"column":4},"end":{"line":45,"column":5}},"10":{"start":{"line":40,"column":6},"end":{"line":44,"column":9}},"11":{"start":{"line":47,"column":23},"end":{"line":47,"column":70}},"12":{"start":{"line":48,"column":22},"end":{"line":48,"column":66}},"13":{"start":{"line":50,"column":17},"end":{"line":55,"column":6}},"14":{"start":{"line":57,"column":4},"end":{"line":60,"column":6}},"15":{"start":{"line":64,"column":23},"end":{"line":64,"column":72}},"16":{"start":{"line":66,"column":4},"end":{"line":72,"column":5}},"17":{"start":{"line":67,"column":6},"end":{"line":71,"column":9}},"18":{"start":{"line":74,"column":20},"end":{"line":74,"column":77}},"19":{"start":{"line":76,"column":4},"end":{"line":82,"column":5}},"20":{"start":{"line":77,"column":6},"end":{"line":81,"column":9}},"21":{"start":{"line":84,"column":4},"end":{"line":90,"column":5}},"22":{"start":{"line":85,"column":6},"end":{"line":89,"column":9}},"23":{"start":{"line":92,"column":23},"end":{"line":92,"column":70}},"24":{"start":{"line":93,"column":22},"end":{"line":93,"column":66}},"25":{"start":{"line":95,"column":17},"end":{"line":101,"column":6}},"26":{"start":{"line":103,"column":4},"end":{"line":106,"column":6}},"27":{"start":{"line":110,"column":17},"end":{"line":110,"column":59}},"28":{"start":{"line":112,"column":4},"end":{"line":118,"column":5}},"29":{"start":{"line":113,"column":6},"end":{"line":117,"column":9}},"30":{"start":{"line":120,"column":4},"end":{"line":120,"column":16}},"31":{"start":{"line":129,"column":4},"end":{"line":135,"column":5}},"32":{"start":{"line":130,"column":6},"end":{"line":134,"column":9}},"33":{"start":{"line":137,"column":17},"end":{"line":137,"column":71}},"34":{"start":{"line":139,"column":4},"end":{"line":145,"column":5}},"35":{"start":{"line":140,"column":6},"end":{"line":144,"column":9}},"36":{"start":{"line":147,"column":26},"end":{"line":147,"column":79}},"37":{"start":{"line":149,"column":4},"end":{"line":155,"column":5}},"38":{"start":{"line":150,"column":6},"end":{"line":154,"column":9}},"39":{"start":{"line":157,"column":23},"end":{"line":157,"column":70}},"40":{"start":{"line":158,"column":20},"end":{"line":158,"column":62}},"41":{"start":{"line":160,"column":4},"end":{"line":160,"column":62}},"42":{"start":{"line":162,"column":4},"end":{"line":162,"column":53}},"43":{"start":{"line":166,"column":17},"end":{"line":166,"column":61}},"44":{"start":{"line":168,"column":4},"end":{"line":174,"column":5}},"45":{"start":{"line":169,"column":6},"end":{"line":173,"column":9}},"46":{"start":{"line":176,"column":4},"end":{"line":182,"column":5}},"47":{"start":{"line":177,"column":6},"end":{"line":181,"column":9}},"48":{"start":{"line":184,"column":26},"end":{"line":184,"column":72}},"49":{"start":{"line":186,"column":4},"end":{"line":192,"column":5}},"50":{"start":{"line":187,"column":6},"end":{"line":191,"column":9}},"51":{"start":{"line":194,"column":21},"end":{"line":200,"column":6}},"52":{"start":{"line":202,"column":24},"end":{"line":202,"column":65}},"53":{"start":{"line":203,"column":25},"end":{"line":203,"column":62}},"54":{"start":{"line":205,"column":4},"end":{"line":205,"column":55}},"55":{"start":{"line":207,"column":4},"end":{"line":210,"column":6}},"56":{"start":{"line":214,"column":22},"end":{"line":214,"column":70}},"57":{"start":{"line":215,"column":24},"end":{"line":215,"column":83}},"58":{"start":{"line":217,"column":4},"end":{"line":223,"column":5}},"59":{"start":{"line":218,"column":6},"end":{"line":222,"column":9}},"60":{"start":{"line":225,"column":4},"end":{"line":235,"column":5}},"61":{"start":{"line":226,"column":6},"end":{"line":228,"column":7}},"62":{"start":{"line":227,"column":8},"end":{"line":227,"column":69}},"63":{"start":{"line":230,"column":6},"end":{"line":234,"column":9}},"64":{"start":{"line":237,"column":17},"end":{"line":237,"column":36}},"65":{"start":{"line":239,"column":4},"end":{"line":247,"column":5}},"66":{"start":{"line":240,"column":6},"end":{"line":240,"column":67}},"67":{"start":{"line":242,"column":6},"end":{"line":246,"column":9}},"68":{"start":{"line":249,"column":4},"end":{"line":249,"column":65}},"69":{"start":{"line":251,"column":24},"end":{"line":257,"column":6}},"70":{"start":{"line":259,"column":28},"end":{"line":261,"column":null}},"71":{"start":{"line":264,"column":4},"end":{"line":267,"column":6}},"72":{"start":{"line":271,"column":22},"end":{"line":271,"column":70}},"73":{"start":{"line":272,"column":4},"end":{"line":272,"column":66}},"74":{"start":{"line":276,"column":4},"end":{"line":276,"column":69}},"75":{"start":{"line":280,"column":25},"end":{"line":280,"column":65}},"76":{"start":{"line":281,"column":22},"end":{"line":281,"column":70}},"77":{"start":{"line":283,"column":4},"end":{"line":287,"column":7}},"78":{"start":{"line":289,"column":4},"end":{"line":289,"column":24}}},"fnMap":{"0":{"name":"(anonymous_0)","decl":{"start":{"line":14,"column":2},"end":{"line":14,"column":7}},"loc":{"start":{"line":14,"column":26},"end":{"line":16,"column":3}}},"1":{"name":"(anonymous_1)","decl":{"start":{"line":18,"column":2},"end":{"line":18,"column":7}},"loc":{"start":{"line":18,"column":32},"end":{"line":61,"column":3}}},"2":{"name":"(anonymous_2)","decl":{"start":{"line":63,"column":2},"end":{"line":63,"column":7}},"loc":{"start":{"line":63,"column":46},"end":{"line":107,"column":3}}},"3":{"name":"(anonymous_3)","decl":{"start":{"line":109,"column":2},"end":{"line":109,"column":7}},"loc":{"start":{"line":109,"column":25},"end":{"line":121,"column":3}}},"4":{"name":"(anonymous_4)","decl":{"start":{"line":123,"column":2},"end":{"line":123,"column":7}},"loc":{"start":{"line":127,"column":30},"end":{"line":163,"column":3}}},"5":{"name":"(anonymous_5)","decl":{"start":{"line":165,"column":2},"end":{"line":165,"column":7}},"loc":{"start":{"line":165,"column":46},"end":{"line":211,"column":3}}},"6":{"name":"(anonymous_6)","decl":{"start":{"line":213,"column":2},"end":{"line":213,"column":7}},"loc":{"start":{"line":213,"column":36},"end":{"line":268,"column":3}}},"7":{"name":"(anonymous_7)","decl":{"start":{"line":270,"column":2},"end":{"line":270,"column":7}},"loc":{"start":{"line":270,"column":35},"end":{"line":273,"column":3}}},"8":{"name":"(anonymous_8)","decl":{"start":{"line":275,"column":2},"end":{"line":275,"column":7}},"loc":{"start":{"line":275,"column":42},"end":{"line":277,"column":3}}},"9":{"name":"(anonymous_9)","decl":{"start":{"line":279,"column":10},"end":{"line":279,"column":15}},"loc":{"start":{"line":279,"column":69},"end":{"line":290,"column":3}}}},"branchMap":{"0":{"loc":{"start":{"line":21,"column":4},"end":{"line":27,"column":5}},"type":"if","locations":[{"start":{"line":21,"column":4},"end":{"line":27,"column":5}},{"start":{},"end":{}}]},"1":{"loc":{"start":{"line":31,"column":4},"end":{"line":37,"column":5}},"type":"if","locations":[{"start":{"line":31,"column":4},"end":{"line":37,"column":5}},{"start":{},"end":{}}]},"2":{"loc":{"start":{"line":39,"column":4},"end":{"line":45,"column":5}},"type":"if","locations":[{"start":{"line":39,"column":4},"end":{"line":45,"column":5}},{"start":{},"end":{}}]},"3":{"loc":{"start":{"line":47,"column":30},"end":{"line":47,"column":69}},"type":"binary-expr","locations":[{"start":{"line":47,"column":30},"end":{"line":47,"column":63}},{"start":{"line":47,"column":67},"end":{"line":47,"column":69}}]},"4":{"loc":{"start":{"line":66,"column":4},"end":{"line":72,"column":5}},"type":"if","locations":[{"start":{"line":66,"column":4},"end":{"line":72,"column":5}},{"start":{},"end":{}}]},"5":{"loc":{"start":{"line":76,"column":4},"end":{"line":82,"column":5}},"type":"if","locations":[{"start":{"line":76,"column":4},"end":{"line":82,"column":5}},{"start":{},"end":{}}]},"6":{"loc":{"start":{"line":84,"column":4},"end":{"line":90,"column":5}},"type":"if","locations":[{"start":{"line":84,"column":4},"end":{"line":90,"column":5}},{"start":{},"end":{}}]},"7":{"loc":{"start":{"line":92,"column":30},"end":{"line":92,"column":69}},"type":"binary-expr","locations":[{"start":{"line":92,"column":30},"end":{"line":92,"column":63}},{"start":{"line":92,"column":67},"end":{"line":92,"column":69}}]},"8":{"loc":{"start":{"line":112,"column":4},"end":{"line":118,"column":5}},"type":"if","locations":[{"start":{"line":112,"column":4},"end":{"line":118,"column":5}},{"start":{},"end":{}}]},"9":{"loc":{"start":{"line":129,"column":4},"end":{"line":135,"column":5}},"type":"if","locations":[{"start":{"line":129,"column":4},"end":{"line":135,"column":5}},{"start":{},"end":{}}]},"10":{"loc":{"start":{"line":139,"column":4},"end":{"line":145,"column":5}},"type":"if","locations":[{"start":{"line":139,"column":4},"end":{"line":145,"column":5}},{"start":{},"end":{}}]},"11":{"loc":{"start":{"line":149,"column":4},"end":{"line":155,"column":5}},"type":"if","locations":[{"start":{"line":149,"column":4},"end":{"line":155,"column":5}},{"start":{},"end":{}}]},"12":{"loc":{"start":{"line":157,"column":30},"end":{"line":157,"column":69}},"type":"binary-expr","locations":[{"start":{"line":157,"column":30},"end":{"line":157,"column":63}},{"start":{"line":157,"column":67},"end":{"line":157,"column":69}}]},"13":{"loc":{"start":{"line":168,"column":4},"end":{"line":174,"column":5}},"type":"if","locations":[{"start":{"line":168,"column":4},"end":{"line":174,"column":5}},{"start":{},"end":{}}]},"14":{"loc":{"start":{"line":176,"column":4},"end":{"line":182,"column":5}},"type":"if","locations":[{"start":{"line":176,"column":4},"end":{"line":182,"column":5}},{"start":{},"end":{}}]},"15":{"loc":{"start":{"line":186,"column":4},"end":{"line":192,"column":5}},"type":"if","locations":[{"start":{"line":186,"column":4},"end":{"line":192,"column":5}},{"start":{},"end":{}}]},"16":{"loc":{"start":{"line":217,"column":4},"end":{"line":223,"column":5}},"type":"if","locations":[{"start":{"line":217,"column":4},"end":{"line":223,"column":5}},{"start":{},"end":{}}]},"17":{"loc":{"start":{"line":225,"column":4},"end":{"line":235,"column":5}},"type":"if","locations":[{"start":{"line":225,"column":4},"end":{"line":235,"column":5}},{"start":{},"end":{}}]},"18":{"loc":{"start":{"line":225,"column":8},"end":{"line":225,"column":67}},"type":"binary-expr","locations":[{"start":{"line":225,"column":8},"end":{"line":225,"column":29}},{"start":{"line":225,"column":33},"end":{"line":225,"column":67}}]},"19":{"loc":{"start":{"line":226,"column":6},"end":{"line":228,"column":7}},"type":"if","locations":[{"start":{"line":226,"column":6},"end":{"line":228,"column":7}},{"start":{},"end":{}}]},"20":{"loc":{"start":{"line":239,"column":4},"end":{"line":247,"column":5}},"type":"if","locations":[{"start":{"line":239,"column":4},"end":{"line":247,"column":5}},{"start":{},"end":{}}]},"21":{"loc":{"start":{"line":286,"column":17},"end":{"line":286,"column":74}},"type":"binary-expr","locations":[{"start":{"line":286,"column":17},"end":{"line":286,"column":26}},{"start":{"line":286,"column":30},"end":{"line":286,"column":74}}]}},"s":{"0":16,"1":16,"2":0,"3":0,"4":0,"5":0,"6":0,"7":0,"8":0,"9":0,"10":0,"11":0,"12":0,"13":0,"14":0,"15":0,"16":0,"17":0,"18":0,"19":0,"20":0,"21":0,"22":0,"23":0,"24":0,"25":0,"26":0,"27":8,"28":8,"29":0,"30":8,"31":0,"32":0,"33":0,"34":0,"35":0,"36":0,"37":0,"38":0,"39":0,"40":0,"41":0,"42":0,"43":53,"44":53,"45":1,"46":52,"47":1,"48":51,"49":51,"50":1,"51":50,"52":50,"53":50,"54":50,"55":50,"56":0,"57":0,"58":0,"59":0,"60":0,"61":0,"62":0,"63":0,"64":0,"65":0,"66":0,"67":0,"68":0,"69":0,"70":0,"71":0,"72":0,"73":0,"74":0,"75":50,"76":50,"77":50,"78":50},"f":{"0":0,"1":0,"2":0,"3":8,"4":0,"5":53,"6":0,"7":0,"8":0,"9":50},"b":{"0":[0,0],"1":[0,0],"2":[0,0],"3":[0,0],"4":[0,0],"5":[0,0],"6":[0,0],"7":[0,0],"8":[0,8],"9":[0,0],"10":[0,0],"11":[0,0],"12":[0,0],"13":[1,52],"14":[1,51],"15":[1,50],"16":[0,0],"17":[0,0],"18":[0,0],"19":[0,0],"20":[0,0],"21":[50,50]}}
,"C:\\Users\\pc performance\\Documents\\CTRPE\\ctr-pe-project\\backend\\src\\auth\\clean-refresh-tokens.ts": {"path":"C:\\Users\\pc performance\\Documents\\CTRPE\\ctr-pe-project\\backend\\src\\auth\\clean-refresh-tokens.ts","statementMap":{"0":{"start":{"line":7,"column":22},"end":{"line":7,"column":39}},"1":{"start":{"line":8,"column":17},"end":{"line":8,"column":71}},"2":{"start":{"line":9,"column":2},"end":{"line":9,"column":59}},"3":{"start":{"line":12,"column":0},"end":{"line":19,"column":5}},"4":{"start":{"line":14,"column":4},"end":{"line":14,"column":25}},"5":{"start":{"line":15,"column":4},"end":{"line":15,"column":20}},"6":{"start":{"line":18,"column":4},"end":{"line":18,"column":31}}},"fnMap":{"0":{"name":"main","decl":{"start":{"line":6,"column":15},"end":{"line":6,"column":19}},"loc":{"start":{"line":6,"column":19},"end":{"line":10,"column":1}}},"1":{"name":"(anonymous_1)","decl":{"start":{"line":13,"column":9},"end":{"line":13,"column":10}},"loc":{"start":{"line":13,"column":19},"end":{"line":16,"column":3}}},"2":{"name":"(anonymous_2)","decl":{"start":{"line":17,"column":11},"end":{"line":17,"column":16}},"loc":{"start":{"line":17,"column":22},"end":{"line":19,"column":3}}}},"branchMap":{},"s":{"0":0,"1":0,"2":0,"3":0,"4":0,"5":0,"6":0},"f":{"0":0,"1":0,"2":0},"b":{}}
,"C:\\Users\\pc performance\\Documents\\CTRPE\\ctr-pe-project\\backend\\src\\auth\\token.service.ts": {"path":"C:\\Users\\pc performance\\Documents\\CTRPE\\ctr-pe-project\\backend\\src\\auth\\token.service.ts","statementMap":{"0":{"start":{"line":8,"column":19},"end":{"line":8,"column":44}},"1":{"start":{"line":9,"column":23},"end":{"line":9,"column":60}},"2":{"start":{"line":13,"column":4},"end":{"line":15,"column":5}},"3":{"start":{"line":14,"column":6},"end":{"line":14,"column":53}},"4":{"start":{"line":17,"column":4},"end":{"line":30,"column":6}},"5":{"start":{"line":34,"column":4},"end":{"line":34,"column":43}},"6":{"start":{"line":38,"column":4},"end":{"line":38,"column":67}},"7":{"start":{"line":42,"column":17},"end":{"line":42,"column":74}},"8":{"start":{"line":43,"column":22},"end":{"line":43,"column":32}},"9":{"start":{"line":44,"column":4},"end":{"line":44,"column":50}},"10":{"start":{"line":45,"column":4},"end":{"line":45,"column":21}}},"fnMap":{"0":{"name":"(anonymous_0)","decl":{"start":{"line":7,"column":2},"end":{"line":7,"column":15}},"loc":{"start":{"line":7,"column":30},"end":{"line":31,"column":3}}},"1":{"name":"(anonymous_1)","decl":{"start":{"line":33,"column":2},"end":{"line":33,"column":22}},"loc":{"start":{"line":33,"column":22},"end":{"line":35,"column":3}}},"2":{"name":"(anonymous_2)","decl":{"start":{"line":37,"column":2},"end":{"line":37,"column":18}},"loc":{"start":{"line":37,"column":39},"end":{"line":39,"column":3}}},"3":{"name":"(anonymous_3)","decl":{"start":{"line":41,"column":2},"end":{"line":41,"column":26}},"loc":{"start":{"line":41,"column":26},"end":{"line":46,"column":3}}}},"branchMap":{"0":{"loc":{"start":{"line":9,"column":23},"end":{"line":9,"column":60}},"type":"binary-expr","locations":[{"start":{"line":9,"column":23},"end":{"line":9,"column":52}},{"start":{"line":9,"column":56},"end":{"line":9,"column":60}}]},"1":{"loc":{"start":{"line":13,"column":4},"end":{"line":15,"column":5}},"type":"if","locations":[{"start":{"line":13,"column":4},"end":{"line":15,"column":5}},{"start":{},"end":{}}]},"2":{"loc":{"start":{"line":42,"column":24},"end":{"line":42,"column":73}},"type":"binary-expr","locations":[{"start":{"line":42,"column":24},"end":{"line":42,"column":68}},{"start":{"line":42,"column":72},"end":{"line":42,"column":73}}]}},"s":{"0":50,"1":50,"2":50,"3":0,"4":50,"5":50,"6":50,"7":50,"8":50,"9":50,"10":50},"f":{"0":50,"1":50,"2":50,"3":50},"b":{"0":[50,0],"1":[0,50],"2":[50,0]}}
,"C:\\Users\\pc performance\\Documents\\CTRPE\\ctr-pe-project\\backend\\src\\auth\\dto\\change-password.dto.ts": {"path":"C:\\Users\\pc performance\\Documents\\CTRPE\\ctr-pe-project\\backend\\src\\auth\\dto\\change-password.dto.ts","statementMap":{"0":{"start":{"line":3,"column":36},"end":{"line":18,"column":4}},"1":{"start":{"line":15,"column":20},"end":{"line":15,"column":64}}},"fnMap":{"0":{"name":"(anonymous_0)","decl":{"start":{"line":15,"column":10},"end":{"line":15,"column":11}},"loc":{"start":{"line":15,"column":20},"end":{"line":15,"column":64}}}},"branchMap":{},"s":{"0":16,"1":0},"f":{"0":0},"b":{}}
,"C:\\Users\\pc performance\\Documents\\CTRPE\\ctr-pe-project\\backend\\src\\auth\\dto\\refresh-token.dto.ts": {"path":"C:\\Users\\pc performance\\Documents\\CTRPE\\ctr-pe-project\\backend\\src\\auth\\dto\\refresh-token.dto.ts","statementMap":{"0":{"start":{"line":3,"column":34},"end":{"line":8,"column":2}}},"fnMap":{},"branchMap":{},"s":{"0":16},"f":{},"b":{}}
,"C:\\Users\\pc performance\\Documents\\CTRPE\\ctr-pe-project\\backend\\src\\auth\\dto\\sign-in.dto.ts": {"path":"C:\\Users\\pc performance\\Documents\\CTRPE\\ctr-pe-project\\backend\\src\\auth\\dto\\sign-in.dto.ts","statementMap":{"0":{"start":{"line":3,"column":28},"end":{"line":11,"column":2}}},"fnMap":{},"branchMap":{},"s":{"0":16},"f":{},"b":{}}
,"C:\\Users\\pc performance\\Documents\\CTRPE\\ctr-pe-project\\backend\\src\\auth\\dto\\sign-up-testing.dto.ts": {"path":"C:\\Users\\pc performance\\Documents\\CTRPE\\ctr-pe-project\\backend\\src\\auth\\dto\\sign-up-testing.dto.ts","statementMap":{"0":{"start":{"line":3,"column":35},"end":{"line":22,"column":2}}},"fnMap":{},"branchMap":{},"s":{"0":16},"f":{},"b":{}}
,"C:\\Users\\pc performance\\Documents\\CTRPE\\ctr-pe-project\\backend\\src\\auth\\dto\\sign-up.dto.ts": {"path":"C:\\Users\\pc performance\\Documents\\CTRPE\\ctr-pe-project\\backend\\src\\auth\\dto\\sign-up.dto.ts","statementMap":{"0":{"start":{"line":3,"column":28},"end":{"line":19,"column":2}}},"fnMap":{},"branchMap":{},"s":{"0":16},"f":{},"b":{}}
,"C:\\Users\\pc performance\\Documents\\CTRPE\\ctr-pe-project\\backend\\src\\common\\errors\\AppError.ts": {"path":"C:\\Users\\pc performance\\Documents\\CTRPE\\ctr-pe-project\\backend\\src\\common\\errors\\AppError.ts","statementMap":{"0":{"start":{"line":21,"column":4},"end":{"line":21,"column":19}},"1":{"start":{"line":22,"column":4},"end":{"line":22,"column":27}},"2":{"start":{"line":23,"column":4},"end":{"line":23,"column":33}},"3":{"start":{"line":24,"column":4},"end":{"line":24,"column":31}},"4":{"start":{"line":25,"column":4},"end":{"line":25,"column":27}}},"fnMap":{"0":{"name":"(anonymous_0)","decl":{"start":{"line":15,"column":2},"end":{"line":15,"column":14}},"loc":{"start":{"line":20,"column":19},"end":{"line":26,"column":3}}}},"branchMap":{"0":{"loc":{"start":{"line":17,"column":4},"end":{"line":17,"column":20}},"type":"default-arg","locations":[{"start":{"line":17,"column":17},"end":{"line":17,"column":20}}]},"1":{"loc":{"start":{"line":18,"column":4},"end":{"line":18,"column":47}},"type":"default-arg","locations":[{"start":{"line":18,"column":16},"end":{"line":18,"column":47}}]}},"s":{"0":168,"1":168,"2":168,"3":168,"4":168},"f":{"0":168},"b":{"0":[0],"1":[0]}}
,"C:\\Users\\pc performance\\Documents\\CTRPE\\ctr-pe-project\\backend\\src\\common\\errors\\error-code.ts": {"path":"C:\\Users\\pc performance\\Documents\\CTRPE\\ctr-pe-project\\backend\\src\\common\\errors\\error-code.ts","statementMap":{"0":{"start":{"line":1,"column":25},"end":{"line":9,"column":11}}},"fnMap":{},"branchMap":{},"s":{"0":28},"f":{},"b":{}}
,"C:\\Users\\pc performance\\Documents\\CTRPE\\ctr-pe-project\\backend\\src\\common\\middlewares\\audit.middleware.ts": {"path":"C:\\Users\\pc performance\\Documents\\CTRPE\\ctr-pe-project\\backend\\src\\common\\middlewares\\audit.middleware.ts","statementMap":{"0":{"start":{"line":5,"column":25},"end":{"line":5,"column":47}},"1":{"start":{"line":7,"column":27},"end":{"line":7,"column":61}},"2":{"start":{"line":9,"column":24},"end":{"line":9,"column":55}},"3":{"start":{"line":12,"column":2},"end":{"line":12,"column":59}},"4":{"start":{"line":12,"column":34},"end":{"line":12,"column":59}},"5":{"start":{"line":13,"column":2},"end":{"line":13,"column":59}},"6":{"start":{"line":13,"column":34},"end":{"line":13,"column":59}},"7":{"start":{"line":15,"column":2},"end":{"line":25,"column":3}},"8":{"start":{"line":17,"column":6},"end":{"line":17,"column":23}},"9":{"start":{"line":20,"column":6},"end":{"line":20,"column":25}},"10":{"start":{"line":22,"column":6},"end":{"line":22,"column":24}},"11":{"start":{"line":24,"column":6},"end":{"line":24,"column":18}},"12":{"start":{"line":29,"column":20},"end":{"line":29,"column":54}},"13":{"start":{"line":30,"column":2},"end":{"line":30,"column":59}},"14":{"start":{"line":34,"column":2},"end":{"line":36,"column":3}},"15":{"start":{"line":35,"column":4},"end":{"line":35,"column":18}},"16":{"start":{"line":39,"column":23},"end":{"line":39,"column":41}},"17":{"start":{"line":40,"column":2},"end":{"line":43,"column":4}},"18":{"start":{"line":41,"column":4},"end":{"line":41,"column":25}},"19":{"start":{"line":42,"column":4},"end":{"line":42,"column":30}},"20":{"start":{"line":45,"column":2},"end":{"line":81,"column":5}},"21":{"start":{"line":46,"column":4},"end":{"line":46,"column":62}},"22":{"start":{"line":46,"column":55},"end":{"line":46,"column":62}},"23":{"start":{"line":48,"column":20},"end":{"line":48,"column":50}},"24":{"start":{"line":49,"column":4},"end":{"line":49,"column":73}},"25":{"start":{"line":49,"column":39},"end":{"line":49,"column":63}},"26":{"start":{"line":49,"column":66},"end":{"line":49,"column":73}},"27":{"start":{"line":51,"column":17},"end":{"line":51,"column":51}},"28":{"start":{"line":52,"column":4},"end":{"line":52,"column":22}},"29":{"start":{"line":52,"column":15},"end":{"line":52,"column":22}},"30":{"start":{"line":55,"column":6},"end":{"line":57,"column":19}},"31":{"start":{"line":59,"column":21},"end":{"line":59,"column":46}},"32":{"start":{"line":60,"column":23},"end":{"line":60,"column":84}},"33":{"start":{"line":62,"column":30},"end":{"line":62,"column":50}},"34":{"start":{"line":64,"column":6},"end":{"line":66,"column":10}},"35":{"start":{"line":67,"column":22},"end":{"line":67,"column":42}},"36":{"start":{"line":69,"column":4},"end":{"line":80,"column":9}},"37":{"start":{"line":79,"column":8},"end":{"line":79,"column":68}},"38":{"start":{"line":83,"column":2},"end":{"line":83,"column":9}}},"fnMap":{"0":{"name":"resolverAcao","decl":{"start":{"line":11,"column":9},"end":{"line":11,"column":21}},"loc":{"start":{"line":11,"column":50},"end":{"line":26,"column":1}}},"1":{"name":"resolverEntidade","decl":{"start":{"line":28,"column":9},"end":{"line":28,"column":25}},"loc":{"start":{"line":28,"column":41},"end":{"line":31,"column":1}}},"2":{"name":"auditMiddleware","decl":{"start":{"line":33,"column":16},"end":{"line":33,"column":31}},"loc":{"start":{"line":33,"column":79},"end":{"line":84,"column":1}}},"3":{"name":"(anonymous_3)","decl":{"start":{"line":40,"column":13},"end":{"line":40,"column":14}},"loc":{"start":{"line":40,"column":32},"end":{"line":43,"column":3}}},"4":{"name":"(anonymous_4)","decl":{"start":{"line":45,"column":19},"end":{"line":45,"column":22}},"loc":{"start":{"line":45,"column":24},"end":{"line":81,"column":3}}},"5":{"name":"(anonymous_5)","decl":{"start":{"line":49,"column":29},"end":{"line":49,"column":30}},"loc":{"start":{"line":49,"column":39},"end":{"line":49,"column":63}}},"6":{"name":"(anonymous_6)","decl":{"start":{"line":78,"column":13},"end":{"line":78,"column":14}},"loc":{"start":{"line":78,"column":23},"end":{"line":80,"column":7}}}},"branchMap":{"0":{"loc":{"start":{"line":12,"column":2},"end":{"line":12,"column":59}},"type":"if","locations":[{"start":{"line":12,"column":2},"end":{"line":12,"column":59}},{"start":{},"end":{}}]},"1":{"loc":{"start":{"line":13,"column":2},"end":{"line":13,"column":59}},"type":"if","locations":[{"start":{"line":13,"column":2},"end":{"line":13,"column":59}},{"start":{},"end":{}}]},"2":{"loc":{"start":{"line":15,"column":2},"end":{"line":25,"column":3}},"type":"switch","locations":[{"start":{"line":16,"column":4},"end":{"line":17,"column":23}},{"start":{"line":18,"column":4},"end":{"line":18,"column":15}},{"start":{"line":19,"column":4},"end":{"line":20,"column":25}},{"start":{"line":21,"column":4},"end":{"line":22,"column":24}},{"start":{"line":23,"column":4},"end":{"line":24,"column":18}}]},"3":{"loc":{"start":{"line":30,"column":9},"end":{"line":30,"column":58}},"type":"binary-expr","locations":[{"start":{"line":30,"column":9},"end":{"line":30,"column":40}},{"start":{"line":30,"column":44},"end":{"line":30,"column":58}}]},"4":{"loc":{"start":{"line":34,"column":2},"end":{"line":36,"column":3}},"type":"if","locations":[{"start":{"line":34,"column":2},"end":{"line":36,"column":3}},{"start":{},"end":{}}]},"5":{"loc":{"start":{"line":46,"column":4},"end":{"line":46,"column":62}},"type":"if","locations":[{"start":{"line":46,"column":4},"end":{"line":46,"column":62}},{"start":{},"end":{}}]},"6":{"loc":{"start":{"line":46,"column":8},"end":{"line":46,"column":53}},"type":"binary-expr","locations":[{"start":{"line":46,"column":8},"end":{"line":46,"column":28}},{"start":{"line":46,"column":32},"end":{"line":46,"column":53}}]},"7":{"loc":{"start":{"line":48,"column":20},"end":{"line":48,"column":50}},"type":"binary-expr","locations":[{"start":{"line":48,"column":20},"end":{"line":48,"column":31}},{"start":{"line":48,"column":35},"end":{"line":48,"column":50}}]},"8":{"loc":{"start":{"line":49,"column":4},"end":{"line":49,"column":73}},"type":"if","locations":[{"start":{"line":49,"column":4},"end":{"line":49,"column":73}},{"start":{},"end":{}}]},"9":{"loc":{"start":{"line":52,"column":4},"end":{"line":52,"column":22}},"type":"if","locations":[{"start":{"line":52,"column":4},"end":{"line":52,"column":22}},{"start":{},"end":{}}]},"10":{"loc":{"start":{"line":55,"column":6},"end":{"line":57,"column":19}},"type":"cond-expr","locations":[{"start":{"line":56,"column":11},"end":{"line":56,"column":52}},{"start":{"line":57,"column":10},"end":{"line":57,"column":19}}]},"11":{"loc":{"start":{"line":55,"column":6},"end":{"line":55,"column":56}},"type":"binary-expr","locations":[{"start":{"line":55,"column":6},"end":{"line":55,"column":19}},{"start":{"line":55,"column":23},"end":{"line":55,"column":56}}]},"12":{"loc":{"start":{"line":60,"column":30},"end":{"line":60,"column":83}},"type":"binary-expr","locations":[{"start":{"line":60,"column":30},"end":{"line":60,"column":43}},{"start":{"line":60,"column":47},"end":{"line":60,"column":65}},{"start":{"line":60,"column":69},"end":{"line":60,"column":83}}]},"13":{"loc":{"start":{"line":64,"column":6},"end":{"line":66,"column":10}},"type":"binary-expr","locations":[{"start":{"line":64,"column":7},"end":{"line":64,"column":76}},{"start":{"line":65,"column":6},"end":{"line":65,"column":25}},{"start":{"line":66,"column":6},"end":{"line":66,"column":10}}]},"14":{"loc":{"start":{"line":64,"column":7},"end":{"line":64,"column":76}},"type":"cond-expr","locations":[{"start":{"line":64,"column":47},"end":{"line":64,"column":64}},{"start":{"line":64,"column":67},"end":{"line":64,"column":76}}]},"15":{"loc":{"start":{"line":67,"column":22},"end":{"line":67,"column":42}},"type":"binary-expr","locations":[{"start":{"line":67,"column":22},"end":{"line":67,"column":34}},{"start":{"line":67,"column":38},"end":{"line":67,"column":42}}]},"16":{"loc":{"start":{"line":76,"column":12},"end":{"line":76,"column":68}},"type":"binary-expr","locations":[{"start":{"line":76,"column":12},"end":{"line":76,"column":39}},{"start":{"line":76,"column":43},"end":{"line":76,"column":68}}]}},"s":{"0":16,"1":16,"2":16,"3":238,"4":16,"5":222,"6":4,"7":218,"8":169,"9":46,"10":3,"11":0,"12":238,"13":238,"14":447,"15":44,"16":403,"17":403,"18":400,"19":400,"20":403,"21":403,"22":115,"23":288,"24":288,"25":526,"26":50,"27":238,"28":238,"29":0,"30":238,"31":238,"32":238,"33":238,"34":238,"35":238,"36":238,"37":7,"38":403},"f":{"0":238,"1":238,"2":447,"3":400,"4":403,"5":526,"6":7},"b":{"0":[16,222],"1":[4,218],"2":[169,0,46,3,0],"3":[238,0],"4":[44,403],"5":[115,288],"6":[403,403],"7":[288,0],"8":[50,238],"9":[0,238],"10":[235,3],"11":[238,235],"12":[238,3,0],"13":[238,83,66],"14":[155,83],"15":[238,0],"16":[238,235]}}
,"C:\\Users\\pc performance\\Documents\\CTRPE\\ctr-pe-project\\backend\\src\\common\\middlewares\\auth-rate-limit.middleware.ts": {"path":"C:\\Users\\pc performance\\Documents\\CTRPE\\ctr-pe-project\\backend\\src\\common\\middlewares\\auth-rate-limit.middleware.ts","statementMap":{"0":{"start":{"line":7,"column":16},"end":{"line":7,"column":46}},"1":{"start":{"line":9,"column":2},"end":{"line":9,"column":31}},"2":{"start":{"line":11,"column":31},"end":{"line":25,"column":2}},"3":{"start":{"line":17,"column":4},"end":{"line":23,"column":6}}},"fnMap":{"0":{"name":"(anonymous_0)","decl":{"start":{"line":16,"column":11},"end":{"line":16,"column":12}},"loc":{"start":{"line":16,"column":65},"end":{"line":24,"column":3}}}},"branchMap":{},"s":{"0":16,"1":16,"2":16,"3":0},"f":{"0":0},"b":{}}
,"C:\\Users\\pc performance\\Documents\\CTRPE\\ctr-pe-project\\backend\\src\\common\\middlewares\\auth.middleware.ts": {"path":"C:\\Users\\pc performance\\Documents\\CTRPE\\ctr-pe-project\\backend\\src\\common\\middlewares\\auth.middleware.ts","statementMap":{"0":{"start":{"line":9,"column":16},"end":{"line":9,"column":28}},"1":{"start":{"line":11,"column":2},"end":{"line":11,"column":50}},"2":{"start":{"line":15,"column":16},"end":{"line":15,"column":28}},"3":{"start":{"line":17,"column":2},"end":{"line":19,"column":3}},"4":{"start":{"line":18,"column":4},"end":{"line":18,"column":16}},"5":{"start":{"line":21,"column":2},"end":{"line":21,"column":50}},"6":{"start":{"line":25,"column":13},"end":{"line":25,"column":76}},"7":{"start":{"line":26,"column":15},"end":{"line":26,"column":46}},"8":{"start":{"line":27,"column":16},"end":{"line":27,"column":48}},"9":{"start":{"line":28,"column":17},"end":{"line":28,"column":50}},"10":{"start":{"line":29,"column":20},"end":{"line":29,"column":64}},"11":{"start":{"line":31,"column":2},"end":{"line":33,"column":3}},"12":{"start":{"line":32,"column":4},"end":{"line":32,"column":16}},"13":{"start":{"line":35,"column":2},"end":{"line":41,"column":4}},"14":{"start":{"line":45,"column":24},"end":{"line":45,"column":49}},"15":{"start":{"line":47,"column":2},"end":{"line":55,"column":3}},"16":{"start":{"line":48,"column":4},"end":{"line":54,"column":6}},"17":{"start":{"line":57,"column":20},"end":{"line":57,"column":42}},"18":{"start":{"line":59,"column":2},"end":{"line":67,"column":3}},"19":{"start":{"line":60,"column":4},"end":{"line":66,"column":6}},"20":{"start":{"line":69,"column":16},"end":{"line":69,"column":59}},"21":{"start":{"line":71,"column":2},"end":{"line":95,"column":3}},"22":{"start":{"line":72,"column":20},"end":{"line":72,"column":48}},"23":{"start":{"line":74,"column":4},"end":{"line":76,"column":5}},"24":{"start":{"line":75,"column":6},"end":{"line":75,"column":47}},"25":{"start":{"line":78,"column":17},"end":{"line":78,"column":39}},"26":{"start":{"line":80,"column":4},"end":{"line":82,"column":5}},"27":{"start":{"line":81,"column":6},"end":{"line":81,"column":47}},"28":{"start":{"line":84,"column":4},"end":{"line":84,"column":20}},"29":{"start":{"line":86,"column":4},"end":{"line":86,"column":18}},"30":{"start":{"line":88,"column":4},"end":{"line":94,"column":6}}},"fnMap":{"0":{"name":"getStringClaim","decl":{"start":{"line":8,"column":9},"end":{"line":8,"column":23}},"loc":{"start":{"line":8,"column":56},"end":{"line":12,"column":1}}},"1":{"name":"getNullableStringClaim","decl":{"start":{"line":14,"column":9},"end":{"line":14,"column":31}},"loc":{"start":{"line":14,"column":64},"end":{"line":22,"column":1}}},"2":{"name":"parseAuthUser","decl":{"start":{"line":24,"column":9},"end":{"line":24,"column":22}},"loc":{"start":{"line":24,"column":42},"end":{"line":42,"column":1}}},"3":{"name":"authMiddleware","decl":{"start":{"line":44,"column":16},"end":{"line":44,"column":30}},"loc":{"start":{"line":44,"column":79},"end":{"line":96,"column":1}}}},"branchMap":{"0":{"loc":{"start":{"line":11,"column":9},"end":{"line":11,"column":49}},"type":"cond-expr","locations":[{"start":{"line":11,"column":37},"end":{"line":11,"column":42}},{"start":{"line":11,"column":45},"end":{"line":11,"column":49}}]},"1":{"loc":{"start":{"line":17,"column":2},"end":{"line":19,"column":3}},"type":"if","locations":[{"start":{"line":17,"column":2},"end":{"line":19,"column":3}},{"start":{},"end":{}}]},"2":{"loc":{"start":{"line":17,"column":6},"end":{"line":17,"column":43}},"type":"binary-expr","locations":[{"start":{"line":17,"column":6},"end":{"line":17,"column":20}},{"start":{"line":17,"column":24},"end":{"line":17,"column":43}}]},"3":{"loc":{"start":{"line":21,"column":9},"end":{"line":21,"column":49}},"type":"cond-expr","locations":[{"start":{"line":21,"column":37},"end":{"line":21,"column":42}},{"start":{"line":21,"column":45},"end":{"line":21,"column":49}}]},"4":{"loc":{"start":{"line":25,"column":13},"end":{"line":25,"column":76}},"type":"binary-expr","locations":[{"start":{"line":25,"column":13},"end":{"line":25,"column":42}},{"start":{"line":25,"column":46},"end":{"line":25,"column":76}}]},"5":{"loc":{"start":{"line":31,"column":2},"end":{"line":33,"column":3}},"type":"if","locations":[{"start":{"line":31,"column":2},"end":{"line":33,"column":3}},{"start":{},"end":{}}]},"6":{"loc":{"start":{"line":31,"column":6},"end":{"line":31,"column":56}},"type":"binary-expr","locations":[{"start":{"line":31,"column":6},"end":{"line":31,"column":9}},{"start":{"line":31,"column":13},"end":{"line":31,"column":18}},{"start":{"line":31,"column":22},"end":{"line":31,"column":28}},{"start":{"line":31,"column":32},"end":{"line":31,"column":56}}]},"7":{"loc":{"start":{"line":47,"column":2},"end":{"line":55,"column":3}},"type":"if","locations":[{"start":{"line":47,"column":2},"end":{"line":55,"column":3}},{"start":{},"end":{}}]},"8":{"loc":{"start":{"line":59,"column":2},"end":{"line":67,"column":3}},"type":"if","locations":[{"start":{"line":59,"column":2},"end":{"line":67,"column":3}},{"start":{},"end":{}}]},"9":{"loc":{"start":{"line":74,"column":4},"end":{"line":76,"column":5}},"type":"if","locations":[{"start":{"line":74,"column":4},"end":{"line":76,"column":5}},{"start":{},"end":{}}]},"10":{"loc":{"start":{"line":80,"column":4},"end":{"line":82,"column":5}},"type":"if","locations":[{"start":{"line":80,"column":4},"end":{"line":82,"column":5}},{"start":{},"end":{}}]}},"s":{"0":1536,"1":1536,"2":384,"3":384,"4":297,"5":87,"6":384,"7":384,"8":384,"9":384,"10":384,"11":384,"12":0,"13":384,"14":392,"15":392,"16":7,"17":385,"18":385,"19":0,"20":385,"21":385,"22":385,"23":384,"24":0,"25":384,"26":384,"27":0,"28":384,"29":384,"30":1},"f":{"0":1536,"1":384,"2":384,"3":392},"b":{"0":[1536,0],"1":[297,87],"2":[384,87],"3":[87,0],"4":[384,0],"5":[0,384],"6":[384,384,384,384],"7":[7,385],"8":[0,385],"9":[0,384],"10":[0,384]}}
,"C:\\Users\\pc performance\\Documents\\CTRPE\\ctr-pe-project\\backend\\src\\common\\middlewares\\error-handler.middleware.ts": {"path":"C:\\Users\\pc performance\\Documents\\CTRPE\\ctr-pe-project\\backend\\src\\common\\middlewares\\error-handler.middleware.ts","statementMap":{"0":{"start":{"line":11,"column":2},"end":{"line":20,"column":3}},"1":{"start":{"line":12,"column":4},"end":{"line":19,"column":7}},"2":{"start":{"line":22,"column":2},"end":{"line":22,"column":21}},"3":{"start":{"line":24,"column":2},"end":{"line":30,"column":5}}},"fnMap":{"0":{"name":"errorHandlerMiddleware","decl":{"start":{"line":5,"column":16},"end":{"line":5,"column":38}},"loc":{"start":{"line":9,"column":21},"end":{"line":31,"column":1}}}},"branchMap":{"0":{"loc":{"start":{"line":11,"column":2},"end":{"line":20,"column":3}},"type":"if","locations":[{"start":{"line":11,"column":2},"end":{"line":20,"column":3}},{"start":{},"end":{}}]},"1":{"loc":{"start":{"line":17,"column":15},"end":{"line":17,"column":34}},"type":"binary-expr","locations":[{"start":{"line":17,"column":15},"end":{"line":17,"column":26}},{"start":{"line":17,"column":30},"end":{"line":17,"column":34}}]},"2":{"loc":{"start":{"line":18,"column":15},"end":{"line":18,"column":34}},"type":"binary-expr","locations":[{"start":{"line":18,"column":15},"end":{"line":18,"column":26}},{"start":{"line":18,"column":30},"end":{"line":18,"column":34}}]},"3":{"loc":{"start":{"line":29,"column":13},"end":{"line":29,"column":32}},"type":"binary-expr","locations":[{"start":{"line":29,"column":13},"end":{"line":29,"column":24}},{"start":{"line":29,"column":28},"end":{"line":29,"column":32}}]}},"s":{"0":127,"1":127,"2":0,"3":0},"f":{"0":127},"b":{"0":[127,0],"1":[127,0],"2":[127,118],"3":[0,0]}}
,"C:\\Users\\pc performance\\Documents\\CTRPE\\ctr-pe-project\\backend\\src\\common\\middlewares\\request-context.middleware.ts": {"path":"C:\\Users\\pc performance\\Documents\\CTRPE\\ctr-pe-project\\backend\\src\\common\\middlewares\\request-context.middleware.ts","statementMap":{"0":{"start":{"line":9,"column":18},"end":{"line":9,"column":30}},"1":{"start":{"line":11,"column":2},"end":{"line":11,"column":24}},"2":{"start":{"line":12,"column":2},"end":{"line":12,"column":39}},"3":{"start":{"line":14,"column":2},"end":{"line":14,"column":9}}},"fnMap":{"0":{"name":"requestContextMiddleware","decl":{"start":{"line":4,"column":16},"end":{"line":4,"column":40}},"loc":{"start":{"line":7,"column":20},"end":{"line":15,"column":1}}}},"branchMap":{},"s":{"0":447,"1":447,"2":447,"3":447},"f":{"0":447},"b":{}}
,"C:\\Users\\pc performance\\Documents\\CTRPE\\ctr-pe-project\\backend\\src\\common\\middlewares\\require-role.middleware.ts": {"path":"C:\\Users\\pc performance\\Documents\\CTRPE\\ctr-pe-project\\backend\\src\\common\\middlewares\\require-role.middleware.ts","statementMap":{"0":{"start":{"line":7,"column":2},"end":{"line":19,"column":4}},"1":{"start":{"line":8,"column":17},"end":{"line":8,"column":25}},"2":{"start":{"line":10,"column":4},"end":{"line":12,"column":5}},"3":{"start":{"line":11,"column":6},"end":{"line":11,"column":116}},"4":{"start":{"line":14,"column":4},"end":{"line":16,"column":5}},"5":{"start":{"line":15,"column":6},"end":{"line":15,"column":126}},"6":{"start":{"line":18,"column":4},"end":{"line":18,"column":11}}},"fnMap":{"0":{"name":"requireRole","decl":{"start":{"line":6,"column":16},"end":{"line":6,"column":27}},"loc":{"start":{"line":6,"column":51},"end":{"line":20,"column":1}}},"1":{"name":"(anonymous_1)","decl":{"start":{"line":7,"column":9},"end":{"line":7,"column":10}},"loc":{"start":{"line":7,"column":61},"end":{"line":19,"column":3}}}},"branchMap":{"0":{"loc":{"start":{"line":10,"column":4},"end":{"line":12,"column":5}},"type":"if","locations":[{"start":{"line":10,"column":4},"end":{"line":12,"column":5}},{"start":{},"end":{}}]},"1":{"loc":{"start":{"line":14,"column":4},"end":{"line":16,"column":5}},"type":"if","locations":[{"start":{"line":14,"column":4},"end":{"line":16,"column":5}},{"start":{},"end":{}}]}},"s":{"0":688,"1":335,"2":335,"3":0,"4":335,"5":26,"6":309},"f":{"0":688,"1":335},"b":{"0":[0,335],"1":[26,309]}}
,"C:\\Users\\pc performance\\Documents\\CTRPE\\ctr-pe-project\\backend\\src\\common\\middlewares\\validate.middleware.ts": {"path":"C:\\Users\\pc performance\\Documents\\CTRPE\\ctr-pe-project\\backend\\src\\common\\middlewares\\validate.middleware.ts","statementMap":{"0":{"start":{"line":9,"column":2},"end":{"line":29,"column":4}},"1":{"start":{"line":10,"column":4},"end":{"line":28,"column":5}},"2":{"start":{"line":11,"column":21},"end":{"line":11,"column":46}},"3":{"start":{"line":12,"column":6},"end":{"line":14,"column":7}},"4":{"start":{"line":13,"column":8},"end":{"line":13,"column":26}},"5":{"start":{"line":15,"column":6},"end":{"line":15,"column":13}},"6":{"start":{"line":17,"column":6},"end":{"line":26,"column":7}},"7":{"start":{"line":18,"column":8},"end":{"line":25,"column":10}},"8":{"start":{"line":27,"column":6},"end":{"line":27,"column":18}}},"fnMap":{"0":{"name":"validate","decl":{"start":{"line":8,"column":16},"end":{"line":8,"column":24}},"loc":{"start":{"line":8,"column":75},"end":{"line":30,"column":1}}},"1":{"name":"(anonymous_1)","decl":{"start":{"line":9,"column":9},"end":{"line":9,"column":10}},"loc":{"start":{"line":9,"column":62},"end":{"line":29,"column":3}}}},"branchMap":{"0":{"loc":{"start":{"line":8,"column":44},"end":{"line":8,"column":75}},"type":"default-arg","locations":[{"start":{"line":8,"column":69},"end":{"line":8,"column":75}}]},"1":{"loc":{"start":{"line":12,"column":6},"end":{"line":14,"column":7}},"type":"if","locations":[{"start":{"line":12,"column":6},"end":{"line":14,"column":7}},{"start":{},"end":{}}]},"2":{"loc":{"start":{"line":17,"column":6},"end":{"line":26,"column":7}},"type":"if","locations":[{"start":{"line":17,"column":6},"end":{"line":26,"column":7}},{"start":{},"end":{}}]}},"s":{"0":416,"1":229,"2":229,"3":220,"4":211,"5":220,"6":9,"7":9,"8":0},"f":{"0":416,"1":229},"b":{"0":[304],"1":[211,9],"2":[9,0]}}
,"C:\\Users\\pc performance\\Documents\\CTRPE\\ctr-pe-project\\backend\\src\\common\\types\\auth-user.ts": {"path":"C:\\Users\\pc performance\\Documents\\CTRPE\\ctr-pe-project\\backend\\src\\common\\types\\auth-user.ts","statementMap":{"0":{"start":{"line":1,"column":30},"end":{"line":7,"column":11}},"1":{"start":{"line":20,"column":2},"end":{"line":20,"column":57}}},"fnMap":{"0":{"name":"isPerfilUsuario","decl":{"start":{"line":19,"column":16},"end":{"line":19,"column":31}},"loc":{"start":{"line":19,"column":46},"end":{"line":21,"column":1}}}},"branchMap":{},"s":{"0":16,"1":384},"f":{"0":384},"b":{}}
,"C:\\Users\\pc performance\\Documents\\CTRPE\\ctr-pe-project\\backend\\src\\common\\utils\\date.ts": {"path":"C:\\Users\\pc performance\\Documents\\CTRPE\\ctr-pe-project\\backend\\src\\common\\utils\\date.ts","statementMap":{"0":{"start":{"line":2,"column":12},"end":{"line":2,"column":26}},"1":{"start":{"line":4,"column":2},"end":{"line":6,"column":3}},"2":{"start":{"line":5,"column":4},"end":{"line":5,"column":27}},"3":{"start":{"line":8,"column":14},"end":{"line":8,"column":50}},"4":{"start":{"line":9,"column":16},"end":{"line":9,"column":57}},"5":{"start":{"line":10,"column":15},"end":{"line":10,"column":30}},"6":{"start":{"line":12,"column":2},"end":{"line":12,"column":35}}},"fnMap":{"0":{"name":"formatDateToBR","decl":{"start":{"line":1,"column":16},"end":{"line":1,"column":30}},"loc":{"start":{"line":1,"column":50},"end":{"line":13,"column":1}}}},"branchMap":{"0":{"loc":{"start":{"line":4,"column":2},"end":{"line":6,"column":3}},"type":"if","locations":[{"start":{"line":4,"column":2},"end":{"line":6,"column":3}},{"start":{},"end":{}}]}},"s":{"0":2,"1":2,"2":1,"3":1,"4":1,"5":1,"6":1},"f":{"0":2},"b":{"0":[1,1]}}
,"C:\\Users\\pc performance\\Documents\\CTRPE\\ctr-pe-project\\backend\\src\\common\\utils\\get-current-user.ts": {"path":"C:\\Users\\pc performance\\Documents\\CTRPE\\ctr-pe-project\\backend\\src\\common\\utils\\get-current-user.ts","statementMap":{"0":{"start":{"line":8,"column":2},"end":{"line":14,"column":3}},"1":{"start":{"line":9,"column":4},"end":{"line":13,"column":7}},"2":{"start":{"line":16,"column":2},"end":{"line":16,"column":18}}},"fnMap":{"0":{"name":"getCurrentUser","decl":{"start":{"line":7,"column":16},"end":{"line":7,"column":30}},"loc":{"start":{"line":7,"column":43},"end":{"line":17,"column":1}}}},"branchMap":{"0":{"loc":{"start":{"line":8,"column":2},"end":{"line":14,"column":3}},"type":"if","locations":[{"start":{"line":8,"column":2},"end":{"line":14,"column":3}},{"start":{},"end":{}}]}},"s":{"0":8,"1":0,"2":8},"f":{"0":8},"b":{"0":[0,8]}}
,"C:\\Users\\pc performance\\Documents\\CTRPE\\ctr-pe-project\\backend\\src\\common\\utils\\jwt.ts": {"path":"C:\\Users\\pc performance\\Documents\\CTRPE\\ctr-pe-project\\backend\\src\\common\\utils\\jwt.ts","statementMap":{"0":{"start":{"line":6,"column":20},"end":{"line":6,"column":42}},"1":{"start":{"line":8,"column":2},"end":{"line":10,"column":3}},"2":{"start":{"line":9,"column":4},"end":{"line":9,"column":51}},"3":{"start":{"line":12,"column":21},"end":{"line":12,"column":55}},"4":{"start":{"line":16,"column":31},"end":{"line":19,"column":4}},"5":{"start":{"line":21,"column":2},"end":{"line":31,"column":4}}},"fnMap":{"0":{"name":"generateAuthToken","decl":{"start":{"line":5,"column":16},"end":{"line":5,"column":33}},"loc":{"start":{"line":5,"column":48},"end":{"line":32,"column":1}}}},"branchMap":{"0":{"loc":{"start":{"line":8,"column":2},"end":{"line":10,"column":3}},"type":"if","locations":[{"start":{"line":8,"column":2},"end":{"line":10,"column":3}},{"start":{},"end":{}}]},"1":{"loc":{"start":{"line":12,"column":21},"end":{"line":12,"column":55}},"type":"binary-expr","locations":[{"start":{"line":12,"column":21},"end":{"line":12,"column":47}},{"start":{"line":12,"column":51},"end":{"line":12,"column":55}}]}},"s":{"0":3,"1":3,"2":1,"3":2,"4":2,"5":2},"f":{"0":3},"b":{"0":[1,2],"1":[2,1]}}
,"C:\\Users\\pc performance\\Documents\\CTRPE\\ctr-pe-project\\backend\\src\\common\\utils\\password.ts": {"path":"C:\\Users\\pc performance\\Documents\\CTRPE\\ctr-pe-project\\backend\\src\\common\\utils\\password.ts","statementMap":{"0":{"start":{"line":3,"column":19},"end":{"line":3,"column":63}},"1":{"start":{"line":6,"column":2},"end":{"line":6,"column":36}},"2":{"start":{"line":10,"column":2},"end":{"line":10,"column":41}}},"fnMap":{"0":{"name":"hashPassword","decl":{"start":{"line":5,"column":16},"end":{"line":5,"column":28}},"loc":{"start":{"line":5,"column":45},"end":{"line":7,"column":1}}},"1":{"name":"comparePassword","decl":{"start":{"line":9,"column":16},"end":{"line":9,"column":31}},"loc":{"start":{"line":9,"column":70},"end":{"line":11,"column":1}}}},"branchMap":{"0":{"loc":{"start":{"line":3,"column":26},"end":{"line":3,"column":62}},"type":"binary-expr","locations":[{"start":{"line":3,"column":26},"end":{"line":3,"column":56}},{"start":{"line":3,"column":60},"end":{"line":3,"column":62}}]}},"s":{"0":1,"1":3,"2":2},"f":{"0":3,"1":2},"b":{"0":[1,0]}}
,"C:\\Users\\pc performance\\Documents\\CTRPE\\ctr-pe-project\\backend\\src\\modules\\alertas\\alertas.controller.ts": {"path":"C:\\Users\\pc performance\\Documents\\CTRPE\\ctr-pe-project\\backend\\src\\modules\\alertas\\alertas.controller.ts","statementMap":{"0":{"start":{"line":5,"column":23},"end":{"line":5,"column":43}},"1":{"start":{"line":8,"column":2},"end":{"line":27,"column":3}},"2":{"start":{"line":9,"column":51},"end":{"line":9,"column":null}},"3":{"start":{"line":16,"column":20},"end":{"line":21,"column":6}},"4":{"start":{"line":23,"column":19},"end":{"line":23,"column":56}},"5":{"start":{"line":24,"column":4},"end":{"line":24,"column":40}},"6":{"start":{"line":26,"column":4},"end":{"line":26,"column":16}},"7":{"start":{"line":31,"column":2},"end":{"line":52,"column":3}},"8":{"start":{"line":32,"column":22},"end":{"line":32,"column":34}},"9":{"start":{"line":34,"column":4},"end":{"line":36,"column":5}},"10":{"start":{"line":35,"column":6},"end":{"line":35,"column":38}},"11":{"start":{"line":38,"column":29},"end":{"line":38,"column":null}},"12":{"start":{"line":43,"column":20},"end":{"line":46,"column":6}},"13":{"start":{"line":48,"column":19},"end":{"line":48,"column":73}},"14":{"start":{"line":49,"column":4},"end":{"line":49,"column":40}},"15":{"start":{"line":51,"column":4},"end":{"line":51,"column":16}},"16":{"start":{"line":56,"column":2},"end":{"line":62,"column":3}},"17":{"start":{"line":57,"column":19},"end":{"line":57,"column":47}},"18":{"start":{"line":58,"column":19},"end":{"line":58,"column":52}},"19":{"start":{"line":59,"column":4},"end":{"line":59,"column":40}},"20":{"start":{"line":61,"column":4},"end":{"line":61,"column":16}},"21":{"start":{"line":66,"column":2},"end":{"line":71,"column":3}},"22":{"start":{"line":67,"column":19},"end":{"line":67,"column":56}},"23":{"start":{"line":68,"column":4},"end":{"line":68,"column":40}},"24":{"start":{"line":70,"column":4},"end":{"line":70,"column":16}},"25":{"start":{"line":75,"column":2},"end":{"line":81,"column":3}},"26":{"start":{"line":76,"column":19},"end":{"line":76,"column":47}},"27":{"start":{"line":77,"column":19},"end":{"line":77,"column":58}},"28":{"start":{"line":78,"column":4},"end":{"line":78,"column":40}},"29":{"start":{"line":80,"column":4},"end":{"line":80,"column":16}},"30":{"start":{"line":85,"column":2},"end":{"line":91,"column":3}},"31":{"start":{"line":86,"column":19},"end":{"line":86,"column":47}},"32":{"start":{"line":87,"column":19},"end":{"line":87,"column":52}},"33":{"start":{"line":88,"column":4},"end":{"line":88,"column":40}},"34":{"start":{"line":90,"column":4},"end":{"line":90,"column":16}},"35":{"start":{"line":95,"column":2},"end":{"line":101,"column":3}},"36":{"start":{"line":96,"column":19},"end":{"line":96,"column":47}},"37":{"start":{"line":97,"column":19},"end":{"line":97,"column":51}},"38":{"start":{"line":98,"column":4},"end":{"line":98,"column":40}},"39":{"start":{"line":100,"column":4},"end":{"line":100,"column":16}}},"fnMap":{"0":{"name":"findAll","decl":{"start":{"line":7,"column":22},"end":{"line":7,"column":29}},"loc":{"start":{"line":7,"column":77},"end":{"line":28,"column":1}}},"1":{"name":"findMe","decl":{"start":{"line":30,"column":22},"end":{"line":30,"column":28}},"loc":{"start":{"line":30,"column":76},"end":{"line":53,"column":1}}},"2":{"name":"findById","decl":{"start":{"line":55,"column":22},"end":{"line":55,"column":30}},"loc":{"start":{"line":55,"column":78},"end":{"line":63,"column":1}}},"3":{"name":"create","decl":{"start":{"line":65,"column":22},"end":{"line":65,"column":28}},"loc":{"start":{"line":65,"column":76},"end":{"line":72,"column":1}}},"4":{"name":"marcarLido","decl":{"start":{"line":74,"column":22},"end":{"line":74,"column":32}},"loc":{"start":{"line":74,"column":80},"end":{"line":82,"column":1}}},"5":{"name":"resolver","decl":{"start":{"line":84,"column":22},"end":{"line":84,"column":30}},"loc":{"start":{"line":84,"column":78},"end":{"line":92,"column":1}}},"6":{"name":"ignorar","decl":{"start":{"line":94,"column":22},"end":{"line":94,"column":29}},"loc":{"start":{"line":94,"column":77},"end":{"line":102,"column":1}}}},"branchMap":{"0":{"loc":{"start":{"line":17,"column":10},"end":{"line":17,"column":50}},"type":"binary-expr","locations":[{"start":{"line":17,"column":10},"end":{"line":17,"column":33}},{"start":{"line":17,"column":37},"end":{"line":17,"column":50}}]},"1":{"loc":{"start":{"line":18,"column":10},"end":{"line":18,"column":68}},"type":"binary-expr","locations":[{"start":{"line":18,"column":10},"end":{"line":18,"column":30}},{"start":{"line":18,"column":34},"end":{"line":18,"column":68}}]},"2":{"loc":{"start":{"line":19,"column":10},"end":{"line":19,"column":60}},"type":"binary-expr","locations":[{"start":{"line":19,"column":10},"end":{"line":19,"column":28}},{"start":{"line":19,"column":32},"end":{"line":19,"column":60}}]},"3":{"loc":{"start":{"line":20,"column":10},"end":{"line":20,"column":50}},"type":"binary-expr","locations":[{"start":{"line":20,"column":10},"end":{"line":20,"column":33}},{"start":{"line":20,"column":37},"end":{"line":20,"column":50}}]},"4":{"loc":{"start":{"line":34,"column":4},"end":{"line":36,"column":5}},"type":"if","locations":[{"start":{"line":34,"column":4},"end":{"line":36,"column":5}},{"start":{},"end":{}}]},"5":{"loc":{"start":{"line":44,"column":10},"end":{"line":44,"column":68}},"type":"binary-expr","locations":[{"start":{"line":44,"column":10},"end":{"line":44,"column":30}},{"start":{"line":44,"column":34},"end":{"line":44,"column":68}}]},"6":{"loc":{"start":{"line":45,"column":10},"end":{"line":45,"column":60}},"type":"binary-expr","locations":[{"start":{"line":45,"column":10},"end":{"line":45,"column":28}},{"start":{"line":45,"column":32},"end":{"line":45,"column":60}}]}},"s":{"0":16,"1":2,"2":2,"3":2,"4":2,"5":2,"6":0,"7":1,"8":1,"9":1,"10":0,"11":1,"12":1,"13":1,"14":1,"15":0,"16":0,"17":0,"18":0,"19":0,"20":0,"21":3,"22":3,"23":3,"24":0,"25":1,"26":1,"27":1,"28":1,"29":0,"30":1,"31":1,"32":1,"33":1,"34":0,"35":1,"36":1,"37":1,"38":1,"39":0},"f":{"0":2,"1":1,"2":0,"3":3,"4":1,"5":1,"6":1},"b":{"0":[2,2],"1":[2,0],"2":[2,2],"3":[2,0],"4":[0,1],"5":[1,0],"6":[1,0]}}
,"C:\\Users\\pc performance\\Documents\\CTRPE\\ctr-pe-project\\backend\\src\\modules\\alertas\\alertas.repository.ts": {"path":"C:\\Users\\pc performance\\Documents\\CTRPE\\ctr-pe-project\\backend\\src\\modules\\alertas\\alertas.repository.ts","statementMap":{"0":{"start":{"line":4,"column":39},"end":{"line":4,"column":57}},"1":{"start":{"line":39,"column":21},"end":{"line":54,"column":32}},"2":{"start":{"line":58,"column":4},"end":{"line":67,"column":7}},"3":{"start":{"line":71,"column":4},"end":{"line":74,"column":7}},"4":{"start":{"line":78,"column":4},"end":{"line":92,"column":7}},"5":{"start":{"line":96,"column":4},"end":{"line":104,"column":7}},"6":{"start":{"line":112,"column":22},"end":{"line":119,"column":6}},"7":{"start":{"line":121,"column":4},"end":{"line":121,"column":36}},"8":{"start":{"line":121,"column":19},"end":{"line":121,"column":36}},"9":{"start":{"line":123,"column":18},"end":{"line":126,"column":6}},"10":{"start":{"line":129,"column":6},"end":{"line":133,"column":19}},"11":{"start":{"line":135,"column":4},"end":{"line":148,"column":7}},"12":{"start":{"line":155,"column":22},"end":{"line":162,"column":6}},"13":{"start":{"line":164,"column":4},"end":{"line":164,"column":36}},"14":{"start":{"line":164,"column":19},"end":{"line":164,"column":36}},"15":{"start":{"line":166,"column":15},"end":{"line":169,"column":6}},"16":{"start":{"line":171,"column":4},"end":{"line":171,"column":25}},"17":{"start":{"line":171,"column":13},"end":{"line":171,"column":25}},"18":{"start":{"line":173,"column":4},"end":{"line":187,"column":7}},"19":{"start":{"line":191,"column":18},"end":{"line":191,"column":28}},"20":{"start":{"line":193,"column":22},"end":{"line":207,"column":6}},"21":{"start":{"line":209,"column":20},"end":{"line":209,"column":22}},"22":{"start":{"line":211,"column":4},"end":{"line":240,"column":5}},"23":{"start":{"line":212,"column":24},"end":{"line":219,"column":8}},"24":{"start":{"line":221,"column":6},"end":{"line":221,"column":30}},"25":{"start":{"line":221,"column":21},"end":{"line":221,"column":30}},"26":{"start":{"line":223,"column":21},"end":{"line":237,"column":8}},"27":{"start":{"line":239,"column":6},"end":{"line":239,"column":27}},"28":{"start":{"line":242,"column":4},"end":{"line":242,"column":19}},"29":{"start":{"line":246,"column":4},"end":{"line":253,"column":7}},"30":{"start":{"line":257,"column":28},"end":{"line":258,"column":null}},"31":{"start":{"line":261,"column":4},"end":{"line":263,"column":5}},"32":{"start":{"line":262,"column":6},"end":{"line":262,"column":29}},"33":{"start":{"line":265,"column":4},"end":{"line":287,"column":7}}},"fnMap":{"0":{"name":"(anonymous_0)","decl":{"start":{"line":57,"column":2},"end":{"line":57,"column":7}},"loc":{"start":{"line":57,"column":46},"end":{"line":68,"column":3}}},"1":{"name":"(anonymous_1)","decl":{"start":{"line":70,"column":2},"end":{"line":70,"column":7}},"loc":{"start":{"line":70,"column":27},"end":{"line":75,"column":3}}},"2":{"name":"(anonymous_2)","decl":{"start":{"line":77,"column":2},"end":{"line":77,"column":7}},"loc":{"start":{"line":77,"column":37},"end":{"line":93,"column":3}}},"3":{"name":"(anonymous_3)","decl":{"start":{"line":95,"column":2},"end":{"line":95,"column":7}},"loc":{"start":{"line":95,"column":55},"end":{"line":105,"column":3}}},"4":{"name":"(anonymous_4)","decl":{"start":{"line":107,"column":2},"end":{"line":107,"column":7}},"loc":{"start":{"line":111,"column":3},"end":{"line":149,"column":3}}},"5":{"name":"(anonymous_5)","decl":{"start":{"line":151,"column":2},"end":{"line":151,"column":7}},"loc":{"start":{"line":154,"column":3},"end":{"line":188,"column":3}}},"6":{"name":"(anonymous_6)","decl":{"start":{"line":190,"column":2},"end":{"line":190,"column":7}},"loc":{"start":{"line":190,"column":47},"end":{"line":243,"column":3}}},"7":{"name":"(anonymous_7)","decl":{"start":{"line":245,"column":2},"end":{"line":245,"column":7}},"loc":{"start":{"line":245,"column":60},"end":{"line":254,"column":3}}},"8":{"name":"(anonymous_8)","decl":{"start":{"line":256,"column":2},"end":{"line":256,"column":7}},"loc":{"start":{"line":256,"column":61},"end":{"line":288,"column":3}}}},"branchMap":{"0":{"loc":{"start":{"line":60,"column":12},"end":{"line":60,"column":79}},"type":"binary-expr","locations":[{"start":{"line":60,"column":12},"end":{"line":60,"column":43}},{"start":{"line":60,"column":47},"end":{"line":60,"column":79}}]},"1":{"loc":{"start":{"line":61,"column":12},"end":{"line":61,"column":70}},"type":"binary-expr","locations":[{"start":{"line":61,"column":12},"end":{"line":61,"column":40}},{"start":{"line":61,"column":44},"end":{"line":61,"column":70}}]},"2":{"loc":{"start":{"line":62,"column":12},"end":{"line":62,"column":64}},"type":"binary-expr","locations":[{"start":{"line":62,"column":12},"end":{"line":62,"column":38}},{"start":{"line":62,"column":42},"end":{"line":62,"column":64}}]},"3":{"loc":{"start":{"line":63,"column":12},"end":{"line":63,"column":79}},"type":"binary-expr","locations":[{"start":{"line":63,"column":12},"end":{"line":63,"column":43}},{"start":{"line":63,"column":47},"end":{"line":63,"column":79}}]},"4":{"loc":{"start":{"line":84,"column":12},"end":{"line":84,"column":76}},"type":"binary-expr","locations":[{"start":{"line":84,"column":12},"end":{"line":84,"column":41}},{"start":{"line":84,"column":45},"end":{"line":84,"column":76}}]},"5":{"loc":{"start":{"line":85,"column":12},"end":{"line":85,"column":67}},"type":"binary-expr","locations":[{"start":{"line":85,"column":12},"end":{"line":85,"column":38}},{"start":{"line":85,"column":42},"end":{"line":85,"column":67}}]},"6":{"loc":{"start":{"line":86,"column":12},"end":{"line":88,"column":10}},"type":"binary-expr","locations":[{"start":{"line":86,"column":12},"end":{"line":86,"column":45}},{"start":{"line":86,"column":49},"end":{"line":88,"column":10}}]},"7":{"loc":{"start":{"line":89,"column":12},"end":{"line":89,"column":73}},"type":"binary-expr","locations":[{"start":{"line":89,"column":12},"end":{"line":89,"column":40}},{"start":{"line":89,"column":44},"end":{"line":89,"column":73}}]},"8":{"loc":{"start":{"line":100,"column":12},"end":{"line":100,"column":64}},"type":"binary-expr","locations":[{"start":{"line":100,"column":12},"end":{"line":100,"column":37}},{"start":{"line":100,"column":41},"end":{"line":100,"column":64}}]},"9":{"loc":{"start":{"line":101,"column":12},"end":{"line":101,"column":79}},"type":"binary-expr","locations":[{"start":{"line":101,"column":12},"end":{"line":101,"column":42}},{"start":{"line":101,"column":46},"end":{"line":101,"column":79}}]},"10":{"loc":{"start":{"line":121,"column":4},"end":{"line":121,"column":36}},"type":"if","locations":[{"start":{"line":121,"column":4},"end":{"line":121,"column":36}},{"start":{},"end":{}}]},"11":{"loc":{"start":{"line":129,"column":6},"end":{"line":133,"column":19}},"type":"cond-expr","locations":[{"start":{"line":130,"column":10},"end":{"line":130,"column":19}},{"start":{"line":131,"column":10},"end":{"line":133,"column":19}}]},"12":{"loc":{"start":{"line":131,"column":10},"end":{"line":133,"column":19}},"type":"cond-expr","locations":[{"start":{"line":132,"column":12},"end":{"line":132,"column":18}},{"start":{"line":133,"column":12},"end":{"line":133,"column":19}}]},"13":{"loc":{"start":{"line":142,"column":33},"end":{"line":142,"column":60}},"type":"binary-expr","locations":[{"start":{"line":142,"column":33},"end":{"line":142,"column":44}},{"start":{"line":142,"column":48},"end":{"line":142,"column":60}}]},"14":{"loc":{"start":{"line":144,"column":21},"end":{"line":144,"column":38}},"type":"binary-expr","locations":[{"start":{"line":144,"column":21},"end":{"line":144,"column":32}},{"start":{"line":144,"column":36},"end":{"line":144,"column":38}}]},"15":{"loc":{"start":{"line":144,"column":43},"end":{"line":144,"column":72}},"type":"binary-expr","locations":[{"start":{"line":144,"column":43},"end":{"line":144,"column":56}},{"start":{"line":144,"column":60},"end":{"line":144,"column":72}}]},"16":{"loc":{"start":{"line":145,"column":11},"end":{"line":145,"column":56}},"type":"cond-expr","locations":[{"start":{"line":145,"column":25},"end":{"line":145,"column":51}},{"start":{"line":145,"column":54},"end":{"line":145,"column":56}}]},"17":{"loc":{"start":{"line":164,"column":4},"end":{"line":164,"column":36}},"type":"if","locations":[{"start":{"line":164,"column":4},"end":{"line":164,"column":36}},{"start":{},"end":{}}]},"18":{"loc":{"start":{"line":171,"column":4},"end":{"line":171,"column":25}},"type":"if","locations":[{"start":{"line":171,"column":4},"end":{"line":171,"column":25}},{"start":{},"end":{}}]},"19":{"loc":{"start":{"line":184,"column":11},"end":{"line":184,"column":68}},"type":"cond-expr","locations":[{"start":{"line":184,"column":29},"end":{"line":184,"column":63}},{"start":{"line":184,"column":66},"end":{"line":184,"column":68}}]},"20":{"loc":{"start":{"line":195,"column":12},"end":{"line":195,"column":52}},"type":"binary-expr","locations":[{"start":{"line":195,"column":12},"end":{"line":195,"column":35}},{"start":{"line":195,"column":39},"end":{"line":195,"column":52}}]},"21":{"loc":{"start":{"line":221,"column":6},"end":{"line":221,"column":30}},"type":"if","locations":[{"start":{"line":221,"column":6},"end":{"line":221,"column":30}},{"start":{},"end":{}}]},"22":{"loc":{"start":{"line":234,"column":22},"end":{"line":234,"column":74}},"type":"cond-expr","locations":[{"start":{"line":234,"column":35},"end":{"line":234,"column":59}},{"start":{"line":234,"column":62},"end":{"line":234,"column":74}}]},"23":{"loc":{"start":{"line":261,"column":4},"end":{"line":263,"column":5}},"type":"if","locations":[{"start":{"line":261,"column":4},"end":{"line":263,"column":5}},{"start":{},"end":{}}]}},"s":{"0":18,"1":18,"2":3,"3":3,"4":3,"5":3,"6":3,"7":3,"8":3,"9":0,"10":0,"11":0,"12":2,"13":2,"14":0,"15":2,"16":2,"17":0,"18":2,"19":2,"20":2,"21":2,"22":2,"23":9,"24":9,"25":8,"26":1,"27":1,"28":2,"29":7,"30":7,"31":7,"32":0,"33":7},"f":{"0":3,"1":3,"2":3,"3":3,"4":3,"5":2,"6":2,"7":7,"8":7},"b":{"0":[3,2],"1":[3,0],"2":[3,2],"3":[3,1],"4":[3,0],"5":[3,0],"6":[3,0],"7":[3,0],"8":[3,1],"9":[3,1],"10":[3,0],"11":[0,0],"12":[0,0],"13":[0,0],"14":[0,0],"15":[0,0],"16":[0,0],"17":[0,2],"18":[0,2],"19":[1,1],"20":[2,2],"21":[8,1],"22":[1,0],"23":[0,7]}}
,"C:\\Users\\pc performance\\Documents\\CTRPE\\ctr-pe-project\\backend\\src\\modules\\alertas\\alertas.routes.ts": {"path":"C:\\Users\\pc performance\\Documents\\CTRPE\\ctr-pe-project\\backend\\src\\modules\\alertas\\alertas.routes.ts","statementMap":{"0":{"start":{"line":17,"column":29},"end":{"line":17,"column":37}},"1":{"start":{"line":19,"column":0},"end":{"line":19,"column":34}},"2":{"start":{"line":21,"column":0},"end":{"line":21,"column":67}},"3":{"start":{"line":22,"column":0},"end":{"line":22,"column":33}},"4":{"start":{"line":23,"column":0},"end":{"line":23,"column":36}},"5":{"start":{"line":24,"column":0},"end":{"line":29,"column":2}},"6":{"start":{"line":30,"column":0},"end":{"line":30,"column":45}},"7":{"start":{"line":31,"column":0},"end":{"line":35,"column":2}},"8":{"start":{"line":36,"column":0},"end":{"line":40,"column":2}}},"fnMap":{},"branchMap":{},"s":{"0":16,"1":16,"2":16,"3":16,"4":16,"5":16,"6":16,"7":16,"8":16},"f":{},"b":{}}
,"C:\\Users\\pc performance\\Documents\\CTRPE\\ctr-pe-project\\backend\\src\\modules\\alertas\\alertas.service.ts": {"path":"C:\\Users\\pc performance\\Documents\\CTRPE\\ctr-pe-project\\backend\\src\\modules\\alertas\\alertas.service.ts","statementMap":{"0":{"start":{"line":25,"column":30},"end":{"line":25,"column":53}},"1":{"start":{"line":28,"column":4},"end":{"line":28,"column":73}},"2":{"start":{"line":29,"column":4},"end":{"line":29,"column":51}},"3":{"start":{"line":33,"column":4},"end":{"line":33,"column":69}},"4":{"start":{"line":37,"column":19},"end":{"line":37,"column":60}},"5":{"start":{"line":39,"column":4},"end":{"line":45,"column":5}},"6":{"start":{"line":40,"column":6},"end":{"line":44,"column":9}},"7":{"start":{"line":47,"column":4},"end":{"line":47,"column":18}},"8":{"start":{"line":51,"column":4},"end":{"line":51,"column":47}},"9":{"start":{"line":55,"column":4},"end":{"line":55,"column":28}},"10":{"start":{"line":56,"column":4},"end":{"line":59,"column":7}},"11":{"start":{"line":63,"column":4},"end":{"line":63,"column":28}},"12":{"start":{"line":64,"column":4},"end":{"line":67,"column":7}},"13":{"start":{"line":71,"column":4},"end":{"line":71,"column":28}},"14":{"start":{"line":72,"column":4},"end":{"line":72,"column":75}}},"fnMap":{"0":{"name":"(anonymous_0)","decl":{"start":{"line":27,"column":2},"end":{"line":27,"column":7}},"loc":{"start":{"line":27,"column":39},"end":{"line":30,"column":3}}},"1":{"name":"(anonymous_1)","decl":{"start":{"line":32,"column":2},"end":{"line":32,"column":7}},"loc":{"start":{"line":32,"column":64},"end":{"line":34,"column":3}}},"2":{"name":"(anonymous_2)","decl":{"start":{"line":36,"column":2},"end":{"line":36,"column":7}},"loc":{"start":{"line":36,"column":27},"end":{"line":48,"column":3}}},"3":{"name":"(anonymous_3)","decl":{"start":{"line":50,"column":2},"end":{"line":50,"column":7}},"loc":{"start":{"line":50,"column":38},"end":{"line":52,"column":3}}},"4":{"name":"(anonymous_4)","decl":{"start":{"line":54,"column":2},"end":{"line":54,"column":7}},"loc":{"start":{"line":54,"column":33},"end":{"line":60,"column":3}}},"5":{"name":"(anonymous_5)","decl":{"start":{"line":62,"column":2},"end":{"line":62,"column":7}},"loc":{"start":{"line":62,"column":27},"end":{"line":68,"column":3}}},"6":{"name":"(anonymous_6)","decl":{"start":{"line":70,"column":2},"end":{"line":70,"column":7}},"loc":{"start":{"line":70,"column":26},"end":{"line":73,"column":3}}}},"branchMap":{"0":{"loc":{"start":{"line":39,"column":4},"end":{"line":45,"column":5}},"type":"if","locations":[{"start":{"line":39,"column":4},"end":{"line":45,"column":5}},{"start":{},"end":{}}]}},"s":{"0":20,"1":3,"2":3,"3":1,"4":6,"5":6,"6":1,"7":5,"8":3,"9":2,"10":2,"11":2,"12":2,"13":1,"14":1},"f":{"0":3,"1":1,"2":6,"3":3,"4":2,"5":2,"6":1},"b":{"0":[1,5]}}
,"C:\\Users\\pc performance\\Documents\\CTRPE\\ctr-pe-project\\backend\\src\\modules\\alertas\\dto\\create-alerta.dto.ts": {"path":"C:\\Users\\pc performance\\Documents\\CTRPE\\ctr-pe-project\\backend\\src\\modules\\alertas\\dto\\create-alerta.dto.ts","statementMap":{"0":{"start":{"line":3,"column":31},"end":{"line":19,"column":2}}},"fnMap":{},"branchMap":{},"s":{"0":16},"f":{},"b":{}}
,"C:\\Users\\pc performance\\Documents\\CTRPE\\ctr-pe-project\\backend\\src\\modules\\alertas\\dto\\list-alertas.dto.ts": {"path":"C:\\Users\\pc performance\\Documents\\CTRPE\\ctr-pe-project\\backend\\src\\modules\\alertas\\dto\\list-alertas.dto.ts","statementMap":{"0":{"start":{"line":3,"column":30},"end":{"line":17,"column":2}}},"fnMap":{},"branchMap":{},"s":{"0":16},"f":{},"b":{}}
[...]
rt":{"line":110,"column":10},"end":{"line":110,"column":62}},"type":"binary-expr","locations":[{"start":{"line":110,"column":10},"end":{"line":110,"column":35}},{"start":{"line":110,"column":39},"end":{"line":110,"column":62}}]},"17":{"loc":{"start":{"line":111,"column":10},"end":{"line":111,"column":74}},"type":"binary-expr","locations":[{"start":{"line":111,"column":10},"end":{"line":111,"column":39}},{"start":{"line":111,"column":43},"end":{"line":111,"column":74}}]},"18":{"loc":{"start":{"line":112,"column":10},"end":{"line":112,"column":110}},"type":"binary-expr","locations":[{"start":{"line":112,"column":10},"end":{"line":112,"column":51}},{"start":{"line":112,"column":55},"end":{"line":112,"column":110}}]},"19":{"loc":{"start":{"line":118,"column":10},"end":{"line":118,"column":62}},"type":"binary-expr","locations":[{"start":{"line":118,"column":10},"end":{"line":118,"column":35}},{"start":{"line":118,"column":39},"end":{"line":118,"column":62}}]},"20":{"loc":{"start":{"line":132,"column":4},"end":{"line":132,"column":171}},"type":"if","locations":[{"start":{"line":132,"column":4},"end":{"line":132,"column":171}},{"start":{},"end":{}}]},"21":{"loc":{"start":{"line":134,"column":53},"end":{"line":134,"column":89}},"type":"cond-expr","locations":[{"start":{"line":134,"column":61},"end":{"line":134,"column":76}},{"start":{"line":134,"column":79},"end":{"line":134,"column":89}}]},"22":{"loc":{"start":{"line":140,"column":4},"end":{"line":140,"column":171}},"type":"if","locations":[{"start":{"line":140,"column":4},"end":{"line":140,"column":171}},{"start":{},"end":{}}]}},"s":{"0":33,"1":33,"2":1,"3":10,"4":10,"5":1,"6":9,"7":12,"8":12,"9":1,"10":11,"11":1,"12":10,"13":4,"14":4,"15":1,"16":3,"17":1,"18":2,"19":1,"20":7,"21":7,"22":2,"23":5,"24":5,"25":5,"26":1,"27":1,"28":3,"29":3,"30":1,"31":2,"32":4,"33":4,"34":1,"35":3},"f":{"0":1,"1":10,"2":12,"3":1,"4":3,"5":4},"b":{"0":[1,1],"1":[1,1],"2":[1,1],"3":[1,1],"4":[1,1],"5":[1,9],"6":[1,11],"7":[12,11],"8":[1,10],"9":[4,6],"10":[1,3],"11":[1,2],"12":[1,1],"13":[2,5],"14":[5,1],"15":[5,2],"16":[5,4],"17":[5,4],"18":[5,4],"19":[5,4],"20":[1,2],"21":[1,1],"22":[1,3]}}
,"C:\\Users\\pc performance\\Documents\\CTRPE\\ctr-pe-project\\backend\\src\\modules\\usuarios\\usuarios.controller.ts": {"path":"C:\\Users\\pc performance\\Documents\\CTRPE\\ctr-pe-project\\backend\\src\\modules\\usuarios\\usuarios.controller.ts","statementMap":{"0":{"start":{"line":8,"column":24},"end":{"line":8,"column":45}},"1":{"start":{"line":11,"column":2},"end":{"line":30,"column":3}},"2":{"start":{"line":12,"column":49},"end":{"line":12,"column":null}},"3":{"start":{"line":19,"column":20},"end":{"line":24,"column":6}},"4":{"start":{"line":26,"column":19},"end":{"line":26,"column":57}},"5":{"start":{"line":27,"column":4},"end":{"line":27,"column":40}},"6":{"start":{"line":29,"column":4},"end":{"line":29,"column":16}},"7":{"start":{"line":34,"column":2},"end":{"line":46,"column":3}},"8":{"start":{"line":35,"column":18},"end":{"line":35,"column":27}},"9":{"start":{"line":36,"column":19},"end":{"line":36,"column":47}},"10":{"start":{"line":38,"column":4},"end":{"line":40,"column":5}},"11":{"start":{"line":39,"column":6},"end":{"line":39,"column":119}},"12":{"start":{"line":42,"column":19},"end":{"line":42,"column":53}},"13":{"start":{"line":43,"column":4},"end":{"line":43,"column":40}},"14":{"start":{"line":45,"column":4},"end":{"line":45,"column":16}},"15":{"start":{"line":50,"column":2},"end":{"line":55,"column":3}},"16":{"start":{"line":51,"column":19},"end":{"line":51,"column":57}},"17":{"start":{"line":52,"column":4},"end":{"line":52,"column":40}},"18":{"start":{"line":54,"column":4},"end":{"line":54,"column":16}},"19":{"start":{"line":59,"column":2},"end":{"line":65,"column":3}},"20":{"start":{"line":60,"column":19},"end":{"line":60,"column":47}},"21":{"start":{"line":61,"column":19},"end":{"line":61,"column":61}},"22":{"start":{"line":62,"column":4},"end":{"line":62,"column":40}},"23":{"start":{"line":64,"column":4},"end":{"line":64,"column":16}},"24":{"start":{"line":69,"column":2},"end":{"line":76,"column":3}},"25":{"start":{"line":70,"column":19},"end":{"line":70,"column":47}},"26":{"start":{"line":71,"column":26},"end":{"line":71,"column":59}},"27":{"start":{"line":72,"column":19},"end":{"line":72,"column":69}},"28":{"start":{"line":73,"column":4},"end":{"line":73,"column":40}},"29":{"start":{"line":75,"column":4},"end":{"line":75,"column":16}},"30":{"start":{"line":80,"column":2},"end":{"line":86,"column":3}},"31":{"start":{"line":81,"column":19},"end":{"line":81,"column":47}},"32":{"start":{"line":82,"column":4},"end":{"line":82,"column":37}},"33":{"start":{"line":83,"column":4},"end":{"line":83,"column":34}},"34":{"start":{"line":85,"column":4},"end":{"line":85,"column":16}}},"fnMap":{"0":{"name":"findAll","decl":{"start":{"line":10,"column":22},"end":{"line":10,"column":29}},"loc":{"start":{"line":10,"column":77},"end":{"line":31,"column":1}}},"1":{"name":"findById","decl":{"start":{"line":33,"column":22},"end":{"line":33,"column":30}},"loc":{"start":{"line":33,"column":78},"end":{"line":47,"column":1}}},"2":{"name":"create","decl":{"start":{"line":49,"column":22},"end":{"line":49,"column":28}},"loc":{"start":{"line":49,"column":76},"end":{"line":56,"column":1}}},"3":{"name":"update","decl":{"start":{"line":58,"column":22},"end":{"line":58,"column":28}},"loc":{"start":{"line":58,"column":76},"end":{"line":66,"column":1}}},"4":{"name":"resetPassword","decl":{"start":{"line":68,"column":22},"end":{"line":68,"column":35}},"loc":{"start":{"line":68,"column":83},"end":{"line":77,"column":1}}},"5":{"name":"remove","decl":{"start":{"line":79,"column":22},"end":{"line":79,"column":28}},"loc":{"start":{"line":79,"column":76},"end":{"line":87,"column":1}}}},"branchMap":{"0":{"loc":{"start":{"line":20,"column":10},"end":{"line":20,"column":50}},"type":"binary-expr","locations":[{"start":{"line":20,"column":10},"end":{"line":20,"column":33}},{"start":{"line":20,"column":37},"end":{"line":20,"column":50}}]},"1":{"loc":{"start":{"line":21,"column":10},"end":{"line":21,"column":44}},"type":"binary-expr","locations":[{"start":{"line":21,"column":10},"end":{"line":21,"column":30}},{"start":{"line":21,"column":34},"end":{"line":21,"column":44}}]},"2":{"loc":{"start":{"line":22,"column":10},"end":{"line":22,"column":60}},"type":"binary-expr","locations":[{"start":{"line":22,"column":10},"end":{"line":22,"column":29}},{"start":{"line":22,"column":33},"end":{"line":22,"column":60}}]},"3":{"loc":{"start":{"line":23,"column":10},"end":{"line":23,"column":44}},"type":"binary-expr","locations":[{"start":{"line":23,"column":10},"end":{"line":23,"column":30}},{"start":{"line":23,"column":34},"end":{"line":23,"column":44}}]},"4":{"loc":{"start":{"line":38,"column":4},"end":{"line":40,"column":5}},"type":"if","locations":[{"start":{"line":38,"column":4},"end":{"line":40,"column":5}},{"start":{},"end":{}}]}},"s":{"0":17,"1":1,"2":1,"3":1,"4":1,"5":1,"6":0,"7":4,"8":4,"9":4,"10":4,"11":2,"12":2,"13":2,"14":2,"15":5,"16":5,"17":2,"18":3,"19":1,"20":1,"21":1,"22":1,"23":0,"24":1,"25":1,"26":1,"27":1,"28":1,"29":0,"30":1,"31":1,"32":1,"33":1,"34":0},"f":{"0":1,"1":4,"2":5,"3":1,"4":1,"5":1},"b":{"0":[1,1],"1":[1,1],"2":[1,1],"3":[1,1],"4":[2,2]}}
,"C:\\Users\\pc performance\\Documents\\CTRPE\\ctr-pe-project\\backend\\src\\modules\\usuarios\\usuarios.policy.ts": {"path":"C:\\Users\\pc performance\\Documents\\CTRPE\\ctr-pe-project\\backend\\src\\modules\\usuarios\\usuarios.policy.ts","statementMap":{"0":{"start":{"line":4,"column":2},"end":{"line":4,"column":44}},"1":{"start":{"line":4,"column":32},"end":{"line":4,"column":44}},"2":{"start":{"line":5,"column":2},"end":{"line":5,"column":45}},"3":{"start":{"line":5,"column":33},"end":{"line":5,"column":45}},"4":{"start":{"line":6,"column":2},"end":{"line":6,"column":49}},"5":{"start":{"line":6,"column":37},"end":{"line":6,"column":49}},"6":{"start":{"line":7,"column":2},"end":{"line":7,"column":71}},"7":{"start":{"line":7,"column":59},"end":{"line":7,"column":71}},"8":{"start":{"line":8,"column":2},"end":{"line":8,"column":72}},"9":{"start":{"line":8,"column":60},"end":{"line":8,"column":72}},"10":{"start":{"line":9,"column":2},"end":{"line":9,"column":15}},"11":{"start":{"line":13,"column":2},"end":{"line":13,"column":34}}},"fnMap":{"0":{"name":"canReadUsuario","decl":{"start":{"line":3,"column":16},"end":{"line":3,"column":30}},"loc":{"start":{"line":3,"column":64},"end":{"line":10,"column":1}}},"1":{"name":"canWriteUsuario","decl":{"start":{"line":12,"column":16},"end":{"line":12,"column":31}},"loc":{"start":{"line":12,"column":47},"end":{"line":14,"column":1}}}},"branchMap":{"0":{"loc":{"start":{"line":4,"column":2},"end":{"line":4,"column":44}},"type":"if","locations":[{"start":{"line":4,"column":2},"end":{"line":4,"column":44}},{"start":{},"end":{}}]},"1":{"loc":{"start":{"line":5,"column":2},"end":{"line":5,"column":45}},"type":"if","locations":[{"start":{"line":5,"column":2},"end":{"line":5,"column":45}},{"start":{},"end":{}}]},"2":{"loc":{"start":{"line":6,"column":2},"end":{"line":6,"column":49}},"type":"if","locations":[{"start":{"line":6,"column":2},"end":{"line":6,"column":49}},{"start":{},"end":{}}]},"3":{"loc":{"start":{"line":7,"column":2},"end":{"line":7,"column":71}},"type":"if","locations":[{"start":{"line":7,"column":2},"end":{"line":7,"column":71}},{"start":{},"end":{}}]},"4":{"loc":{"start":{"line":7,"column":6},"end":{"line":7,"column":57}},"type":"binary-expr","locations":[{"start":{"line":7,"column":6},"end":{"line":7,"column":32}},{"start":{"line":7,"column":36},"end":{"line":7,"column":57}}]},"5":{"loc":{"start":{"line":8,"column":2},"end":{"line":8,"column":72}},"type":"if","locations":[{"start":{"line":8,"column":2},"end":{"line":8,"column":72}},{"start":{},"end":{}}]},"6":{"loc":{"start":{"line":8,"column":6},"end":{"line":8,"column":58}},"type":"binary-expr","locations":[{"start":{"line":8,"column":6},"end":{"line":8,"column":33}},{"start":{"line":8,"column":37},"end":{"line":8,"column":58}}]}},"s":{"0":11,"1":2,"2":9,"3":1,"4":8,"5":1,"6":7,"7":2,"8":5,"9":1,"10":4,"11":5},"f":{"0":11,"1":5},"b":{"0":[2,9],"1":[1,8],"2":[1,7],"3":[2,5],"4":[7,4],"5":[1,4],"6":[5,3]}}
,"C:\\Users\\pc performance\\Documents\\CTRPE\\ctr-pe-project\\backend\\src\\modules\\usuarios\\usuarios.repository.ts": {"path":"C:\\Users\\pc performance\\Documents\\CTRPE\\ctr-pe-project\\backend\\src\\modules\\usuarios\\usuarios.repository.ts","statementMap":{"0":{"start":{"line":30,"column":4},"end":{"line":51,"column":7}},"1":{"start":{"line":55,"column":4},"end":{"line":66,"column":7}},"2":{"start":{"line":70,"column":4},"end":{"line":80,"column":7}},"3":{"start":{"line":84,"column":2},"end":{"line":101,"column":5}},"4":{"start":{"line":105,"column":4},"end":{"line":117,"column":7}},"5":{"start":{"line":121,"column":4},"end":{"line":125,"column":7}},"6":{"start":{"line":129,"column":4},"end":{"line":133,"column":7}}},"fnMap":{"0":{"name":"(anonymous_0)","decl":{"start":{"line":29,"column":2},"end":{"line":29,"column":7}},"loc":{"start":{"line":29,"column":39},"end":{"line":52,"column":3}}},"1":{"name":"(anonymous_1)","decl":{"start":{"line":54,"column":2},"end":{"line":54,"column":7}},"loc":{"start":{"line":54,"column":27},"end":{"line":67,"column":3}}},"2":{"name":"(anonymous_2)","decl":{"start":{"line":69,"column":2},"end":{"line":69,"column":7}},"loc":{"start":{"line":69,"column":33},"end":{"line":81,"column":3}}},"3":{"name":"(anonymous_3)","decl":{"start":{"line":83,"column":2},"end":{"line":83,"column":7}},"loc":{"start":{"line":83,"column":38},"end":{"line":102,"column":1}}},"4":{"name":"(anonymous_4)","decl":{"start":{"line":104,"column":2},"end":{"line":104,"column":7}},"loc":{"start":{"line":104,"column":50},"end":{"line":118,"column":3}}},"5":{"name":"(anonymous_5)","decl":{"start":{"line":120,"column":2},"end":{"line":120,"column":7}},"loc":{"start":{"line":120,"column":52},"end":{"line":126,"column":3}}},"6":{"name":"(anonymous_6)","decl":{"start":{"line":128,"column":2},"end":{"line":128,"column":7}},"loc":{"start":{"line":128,"column":25},"end":{"line":134,"column":3}}}},"branchMap":{"0":{"loc":{"start":{"line":32,"column":12},"end":{"line":32,"column":79}},"type":"binary-expr","locations":[{"start":{"line":32,"column":12},"end":{"line":32,"column":43}},{"start":{"line":32,"column":47},"end":{"line":32,"column":79}}]},"1":{"loc":{"start":{"line":33,"column":12},"end":{"line":33,"column":70}},"type":"binary-expr","locations":[{"start":{"line":33,"column":12},"end":{"line":33,"column":40}},{"start":{"line":33,"column":44},"end":{"line":33,"column":70}}]},"2":{"loc":{"start":{"line":34,"column":12},"end":{"line":34,"column":67}},"type":"binary-expr","locations":[{"start":{"line":34,"column":12},"end":{"line":34,"column":39}},{"start":{"line":34,"column":43},"end":{"line":34,"column":67}}]},"3":{"loc":{"start":{"line":35,"column":12},"end":{"line":40,"column":10}},"type":"binary-expr","locations":[{"start":{"line":35,"column":12},"end":{"line":35,"column":40}},{"start":{"line":35,"column":44},"end":{"line":40,"column":10}}]},"4":{"loc":{"start":{"line":90,"column":10},"end":{"line":90,"column":71}},"type":"binary-expr","locations":[{"start":{"line":90,"column":10},"end":{"line":90,"column":38}},{"start":{"line":90,"column":42},"end":{"line":90,"column":71}}]}},"s":{"0":0,"1":1,"2":3,"3":1,"4":0,"5":0,"6":0},"f":{"0":0,"1":1,"2":3,"3":1,"4":0,"5":0,"6":0},"b":{"0":[0,0],"1":[0,0],"2":[0,0],"3":[0,0],"4":[1,0]}}
,"C:\\Users\\pc performance\\Documents\\CTRPE\\ctr-pe-project\\backend\\src\\modules\\usuarios\\usuarios.routes.ts": {"path":"C:\\Users\\pc performance\\Documents\\CTRPE\\ctr-pe-project\\backend\\src\\modules\\usuarios\\usuarios.routes.ts","statementMap":{"0":{"start":{"line":6,"column":30},"end":{"line":6,"column":38}},"1":{"start":{"line":8,"column":0},"end":{"line":8,"column":35}},"2":{"start":{"line":10,"column":0},"end":{"line":10,"column":81}},"3":{"start":{"line":11,"column":0},"end":{"line":11,"column":37}},"4":{"start":{"line":12,"column":0},"end":{"line":12,"column":57}},"5":{"start":{"line":13,"column":0},"end":{"line":13,"column":61}},"6":{"start":{"line":14,"column":0},"end":{"line":14,"column":77}},"7":{"start":{"line":15,"column":0},"end":{"line":15,"column":62}}},"fnMap":{},"branchMap":{},"s":{"0":16,"1":16,"2":16,"3":16,"4":16,"5":16,"6":16,"7":16},"f":{},"b":{}}
,"C:\\Users\\pc performance\\Documents\\CTRPE\\ctr-pe-project\\backend\\src\\modules\\usuarios\\usuarios.service.ts": {"path":"C:\\Users\\pc performance\\Documents\\CTRPE\\ctr-pe-project\\backend\\src\\modules\\usuarios\\usuarios.service.ts","statementMap":{"0":{"start":{"line":31,"column":31},"end":{"line":31,"column":55}},"1":{"start":{"line":34,"column":4},"end":{"line":34,"column":52}},"2":{"start":{"line":38,"column":17},"end":{"line":38,"column":59}},"3":{"start":{"line":40,"column":4},"end":{"line":40,"column":122}},"4":{"start":{"line":40,"column":15},"end":{"line":40,"column":122}},"5":{"start":{"line":42,"column":4},"end":{"line":42,"column":16}},"6":{"start":{"line":46,"column":23},"end":{"line":46,"column":76}},"7":{"start":{"line":48,"column":4},"end":{"line":48,"column":124}},"8":{"start":{"line":48,"column":20},"end":{"line":48,"column":124}},"9":{"start":{"line":50,"column":23},"end":{"line":50,"column":78}},"10":{"start":{"line":51,"column":22},"end":{"line":51,"column":66}},"11":{"start":{"line":53,"column":4},"end":{"line":59,"column":7}},"12":{"start":{"line":63,"column":17},"end":{"line":63,"column":40}},"13":{"start":{"line":65,"column":4},"end":{"line":68,"column":5}},"14":{"start":{"line":66,"column":25},"end":{"line":66,"column":78}},"15":{"start":{"line":67,"column":6},"end":{"line":67,"column":126}},"16":{"start":{"line":67,"column":22},"end":{"line":67,"column":126}},"17":{"start":{"line":70,"column":4},"end":{"line":70,"column":52}},"18":{"start":{"line":74,"column":4},"end":{"line":74,"column":28}},"19":{"start":{"line":76,"column":23},"end":{"line":76,"column":78}},"20":{"start":{"line":77,"column":22},"end":{"line":77,"column":62}},"21":{"start":{"line":79,"column":4},"end":{"line":79,"column":64}},"22":{"start":{"line":81,"column":4},"end":{"line":81,"column":53}},"23":{"start":{"line":85,"column":4},"end":{"line":85,"column":28}},"24":{"start":{"line":86,"column":4},"end":{"line":86,"column":46}}},"fnMap":{"0":{"name":"(anonymous_0)","decl":{"start":{"line":33,"column":2},"end":{"line":33,"column":7}},"loc":{"start":{"line":33,"column":39},"end":{"line":35,"column":3}}},"1":{"name":"(anonymous_1)","decl":{"start":{"line":37,"column":2},"end":{"line":37,"column":7}},"loc":{"start":{"line":37,"column":27},"end":{"line":43,"column":3}}},"2":{"name":"(anonymous_2)","decl":{"start":{"line":45,"column":2},"end":{"line":45,"column":7}},"loc":{"start":{"line":45,"column":39},"end":{"line":60,"column":3}}},"3":{"name":"(anonymous_3)","decl":{"start":{"line":62,"column":2},"end":{"line":62,"column":7}},"loc":{"start":{"line":62,"column":51},"end":{"line":71,"column":3}}},"4":{"name":"(anonymous_4)","decl":{"start":{"line":73,"column":2},"end":{"line":73,"column":7}},"loc":{"start":{"line":73,"column":51},"end":{"line":82,"column":3}}},"5":{"name":"(anonymous_5)","decl":{"start":{"line":84,"column":2},"end":{"line":84,"column":7}},"loc":{"start":{"line":84,"column":25},"end":{"line":87,"column":3}}}},"branchMap":{"0":{"loc":{"start":{"line":40,"column":4},"end":{"line":40,"column":122}},"type":"if","locations":[{"start":{"line":40,"column":4},"end":{"line":40,"column":122}},{"start":{},"end":{}}]},"1":{"loc":{"start":{"line":48,"column":4},"end":{"line":48,"column":124}},"type":"if","locations":[{"start":{"line":48,"column":4},"end":{"line":48,"column":124}},{"start":{},"end":{}}]},"2":{"loc":{"start":{"line":50,"column":32},"end":{"line":50,"column":73}},"type":"binary-expr","locations":[{"start":{"line":50,"column":32},"end":{"line":50,"column":65}},{"start":{"line":50,"column":69},"end":{"line":50,"column":73}}]},"3":{"loc":{"start":{"line":65,"column":4},"end":{"line":68,"column":5}},"type":"if","locations":[{"start":{"line":65,"column":4},"end":{"line":68,"column":5}},{"start":{},"end":{}}]},"4":{"loc":{"start":{"line":65,"column":8},"end":{"line":65,"column":47}},"type":"binary-expr","locations":[{"start":{"line":65,"column":8},"end":{"line":65,"column":18}},{"start":{"line":65,"column":22},"end":{"line":65,"column":47}}]},"5":{"loc":{"start":{"line":67,"column":6},"end":{"line":67,"column":126}},"type":"if","locations":[{"start":{"line":67,"column":6},"end":{"line":67,"column":126}},{"start":{},"end":{}}]},"6":{"loc":{"start":{"line":76,"column":32},"end":{"line":76,"column":73}},"type":"binary-expr","locations":[{"start":{"line":76,"column":32},"end":{"line":76,"column":65}},{"start":{"line":76,"column":69},"end":{"line":76,"column":73}}]}},"s":{"0":26,"1":1,"2":7,"3":7,"4":1,"5":6,"6":5,"7":5,"8":3,"9":2,"10":2,"11":2,"12":2,"13":2,"14":1,"15":1,"16":1,"17":1,"18":1,"19":1,"20":1,"21":1,"22":1,"23":1,"24":1},"f":{"0":1,"1":7,"2":5,"3":2,"4":1,"5":1},"b":{"0":[1,6],"1":[3,2],"2":[2,0],"3":[1,1],"4":[2,2],"5":[1,0],"6":[1,0]}}
,"C:\\Users\\pc performance\\Documents\\CTRPE\\ctr-pe-project\\backend\\src\\prisma\\prisma.client.ts": {"path":"C:\\Users\\pc performance\\Documents\\CTRPE\\ctr-pe-project\\backend\\src\\prisma\\prisma.client.ts","statementMap":{"0":{"start":{"line":5,"column":25},"end":{"line":5,"column":52}},"1":{"start":{"line":7,"column":0},"end":{"line":9,"column":1}},"2":{"start":{"line":8,"column":2},"end":{"line":8,"column":47}},"3":{"start":{"line":11,"column":16},"end":{"line":11,"column":50}},"4":{"start":{"line":13,"column":22},"end":{"line":13,"column":51}}},"fnMap":{},"branchMap":{"0":{"loc":{"start":{"line":7,"column":0},"end":{"line":9,"column":1}},"type":"if","locations":[{"start":{"line":7,"column":0},"end":{"line":9,"column":1}},{"start":{},"end":{}}]}},"s":{"0":36,"1":36,"2":0,"3":36,"4":36},"f":{},"b":{"0":[0,36]}}
}
