TN:
SF:src\app.ts
FN:52,(anonymous_0)
FN:60,(anonymous_1)
FN:70,(anonymous_2)
FNF:3
FNH:2
FNDA:1,(anonymous_0)
FNDA:0,(anonymous_1)
FNDA:1,(anonymous_2)
DA:24,16
DA:25,16
DA:27,16
DA:31,16
DA:32,16
DA:33,16
DA:34,16
DA:35,16
DA:36,16
DA:38,16
DA:39,16
DA:40,16
DA:41,16
DA:42,16
DA:43,16
DA:44,16
DA:45,16
DA:46,16
DA:47,16
DA:48,16
DA:49,16
DA:50,16
DA:52,16
DA:53,1
DA:60,16
DA:61,0
DA:70,16
DA:71,1
DA:80,16
LF:29
LH:28
BRF:0
BRH:0
end_of_record
TN:
SF:src\auth\auth.controller.ts
FN:13,listSignupEmpresas
FN:26,signUp
FN:35,signUpTesting
FN:48,signIn
FN:58,refresh
FN:68,logout
FN:78,me
FN:88,changePassword
FNF:8
FNH:2
FNDA:0,listSignupEmpresas
FNDA:0,signUp
FNDA:0,signUpTesting
FNDA:53,signIn
FNDA:0,refresh
FNDA:0,logout
FNDA:8,me
FNDA:0,changePassword
DA:11,16
DA:18,0
DA:19,0
DA:20,0
DA:22,0
DA:27,0
DA:28,0
DA:29,0
DA:31,0
DA:40,0
DA:41,0
DA:42,0
DA:44,0
DA:49,53
DA:50,53
DA:51,53
DA:52,50
DA:54,3
DA:59,0
DA:60,0
DA:61,0
DA:62,0
DA:64,0
DA:69,0
DA:70,0
DA:71,0
DA:72,0
DA:74,0
DA:79,8
DA:80,8
DA:81,8
DA:82,8
DA:84,0
DA:93,0
DA:94,0
DA:96,0
DA:98,0
DA:105,0
DA:107,0
LF:39
LH:10
BRF:0
BRH:0
end_of_record
TN:
SF:src\auth\auth.repository.ts
FN:25,(anonymous_0)
FN:40,(anonymous_1)
FN:54,(anonymous_2)
FN:64,(anonymous_3)
FN:74,(anonymous_4)
FN:85,(anonymous_5)
FN:107,(anonymous_6)
FN:129,(anonymous_7)
FN:136,(anonymous_8)
FN:143,(anonymous_9)
FN:149,(anonymous_10)
FN:167,(anonymous_11)
FN:174,(anonymous_12)
FN:186,(anonymous_13)
FNF:14
FNH:4
FNDA:53,(anonymous_0)
FNDA:8,(anonymous_1)
FNDA:0,(anonymous_2)
FNDA:0,(anonymous_3)
FNDA:0,(anonymous_4)
FNDA:0,(anonymous_5)
FNDA:0,(anonymous_6)
FNDA:0,(anonymous_7)
FNDA:50,(anonymous_8)
FNDA:50,(anonymous_9)
FNDA:0,(anonymous_10)
FNDA:0,(anonymous_11)
FNDA:0,(anonymous_12)
FNDA:0,(anonymous_13)
DA:26,53
DA:41,8
DA:55,0
DA:65,0
DA:75,0
DA:86,0
DA:108,0
DA:130,0
DA:137,50
DA:144,50
DA:150,0
DA:168,0
DA:175,0
DA:187,0
LF:14
LH:4
BRF:0
BRH:0
end_of_record
TN:
SF:src\auth\auth.routes.ts
FNF:0
FNH:0
DA:22,16
DA:24,16
DA:25,16
DA:26,16
DA:32,16
DA:33,16
DA:34,16
DA:36,16
DA:37,16
LF:9
LH:9
BRF:0
BRH:0
end_of_record
TN:
SF:src\auth\auth.service.ts
FN:14,(anonymous_0)
FN:18,(anonymous_1)
FN:63,(anonymous_2)
FN:109,(anonymous_3)
FN:123,(anonymous_4)
FN:165,(anonymous_5)
FN:213,(anonymous_6)
FN:270,(anonymous_7)
FN:275,(anonymous_8)
FN:279,(anonymous_9)
FNF:10
FNH:3
FNDA:0,(anonymous_0)
FNDA:0,(anonymous_1)
FNDA:0,(anonymous_2)
FNDA:8,(anonymous_3)
FNDA:0,(anonymous_4)
FNDA:53,(anonymous_5)
FNDA:0,(anonymous_6)
FNDA:0,(anonymous_7)
FNDA:0,(anonymous_8)
FNDA:50,(anonymous_9)
DA:11,16
DA:12,16
DA:15,0
DA:19,0
DA:21,0
DA:22,0
DA:29,0
DA:31,0
DA:32,0
DA:39,0
DA:40,0
DA:47,0
DA:48,0
DA:50,0
DA:57,0
DA:64,0
DA:66,0
DA:67,0
DA:74,0
DA:76,0
DA:77,0
DA:84,0
DA:85,0
DA:92,0
DA:93,0
DA:95,0
DA:103,0
DA:110,8
DA:112,8
DA:113,0
DA:120,8
DA:129,0
DA:130,0
DA:137,0
DA:139,0
DA:140,0
DA:147,0
DA:149,0
DA:150,0
DA:157,0
DA:158,0
DA:160,0
DA:162,0
DA:166,53
DA:168,53
DA:169,1
DA:176,52
DA:177,1
DA:184,51
DA:186,51
DA:187,1
DA:194,50
DA:202,50
DA:203,50
DA:205,50
DA:207,50
DA:214,0
DA:215,0
DA:217,0
DA:218,0
DA:225,0
DA:226,0
DA:227,0
DA:230,0
DA:237,0
DA:239,0
DA:240,0
DA:242,0
DA:249,0
DA:251,0
DA:259,0
DA:264,0
DA:271,0
DA:272,0
DA:276,0
DA:280,50
DA:281,50
DA:283,50
DA:289,50
LF:79
LH:22
BRDA:21,0,0,0
BRDA:21,0,1,0
BRDA:31,1,0,0
BRDA:31,1,1,0
BRDA:39,2,0,0
BRDA:39,2,1,0
BRDA:47,3,0,0
BRDA:47,3,1,0
BRDA:66,4,0,0
BRDA:66,4,1,0
BRDA:76,5,0,0
BRDA:76,5,1,0
BRDA:84,6,0,0
BRDA:84,6,1,0
BRDA:92,7,0,0
BRDA:92,7,1,0
BRDA:112,8,0,0
BRDA:112,8,1,8
BRDA:129,9,0,0
BRDA:129,9,1,0
BRDA:139,10,0,0
BRDA:139,10,1,0
BRDA:149,11,0,0
BRDA:149,11,1,0
BRDA:157,12,0,0
BRDA:157,12,1,0
BRDA:168,13,0,1
BRDA:168,13,1,52
BRDA:176,14,0,1
BRDA:176,14,1,51
BRDA:186,15,0,1
BRDA:186,15,1,50
BRDA:217,16,0,0
BRDA:217,16,1,0
BRDA:225,17,0,0
BRDA:225,17,1,0
BRDA:225,18,0,0
BRDA:225,18,1,0
BRDA:226,19,0,0
BRDA:226,19,1,0
BRDA:239,20,0,0
BRDA:239,20,1,0
BRDA:286,21,0,50
BRDA:286,21,1,50
BRF:44
BRH:9
end_of_record
TN:
SF:src\auth\clean-refresh-tokens.ts
FN:6,main
FN:13,(anonymous_1)
FN:17,(anonymous_2)
FNF:3
FNH:0
FNDA:0,main
FNDA:0,(anonymous_1)
FNDA:0,(anonymous_2)
DA:7,0
DA:8,0
DA:9,0
DA:12,0
DA:14,0
DA:15,0
DA:18,0
LF:7
LH:0
BRF:0
BRH:0
end_of_record
TN:
SF:src\auth\token.service.ts
FN:7,(anonymous_0)
FN:33,(anonymous_1)
FN:37,(anonymous_2)
FN:41,(anonymous_3)
FNF:4
FNH:4
FNDA:50,(anonymous_0)
FNDA:50,(anonymous_1)
FNDA:50,(anonymous_2)
FNDA:50,(anonymous_3)
DA:8,50
DA:9,50
DA:13,50
DA:14,0
DA:17,50
DA:34,50
DA:38,50
DA:42,50
DA:43,50
DA:44,50
DA:45,50
LF:11
LH:10
BRDA:9,0,0,50
BRDA:9,0,1,0
BRDA:13,1,0,0
BRDA:13,1,1,50
BRDA:42,2,0,50
BRDA:42,2,1,0
BRF:6
BRH:3
end_of_record
TN:
SF:src\auth\dto\change-password.dto.ts
FN:15,(anonymous_0)
FNF:1
FNH:0
FNDA:0,(anonymous_0)
DA:3,16
DA:15,0
LF:2
LH:1
BRF:0
BRH:0
end_of_record
TN:
SF:src\auth\dto\refresh-token.dto.ts
FNF:0
FNH:0
DA:3,16
LF:1
LH:1
BRF:0
BRH:0
end_of_record
TN:
SF:src\auth\dto\sign-in.dto.ts
FNF:0
FNH:0
DA:3,16
LF:1
LH:1
BRF:0
BRH:0
end_of_record
TN:
SF:src\auth\dto\sign-up-testing.dto.ts
FNF:0
FNH:0
DA:3,16
LF:1
LH:1
BRF:0
BRH:0
end_of_record
TN:
SF:src\auth\dto\sign-up.dto.ts
FNF:0
FNH:0
DA:3,16
LF:1
LH:1
BRF:0
BRH:0
end_of_record
TN:
SF:src\common\errors\AppError.ts
FN:15,(anonymous_0)
FNF:1
FNH:1
FNDA:177,(anonymous_0)
DA:21,177
DA:22,177
DA:23,177
DA:24,177
DA:25,177
LF:5
LH:5
BRDA:17,0,0,0
BRDA:18,1,0,0
BRF:2
BRH:0
end_of_record
TN:
SF:src\common\errors\error-code.ts
FNF:0
FNH:0
DA:1,44
LF:1
LH:1
BRF:0
BRH:0
end_of_record
TN:
SF:src\common\middlewares\audit.middleware.ts
FN:11,resolverAcao
FN:28,resolverEntidade
FN:33,auditMiddleware
FN:40,(anonymous_3)
FN:45,(anonymous_4)
FN:49,(anonymous_5)
FN:78,(anonymous_6)
FNF:7
FNH:7
FNDA:268,resolverAcao
FNDA:268,resolverEntidade
FNDA:450,auditMiddleware
FNDA:402,(anonymous_3)
FNDA:406,(anonymous_4)
FNDA:586,(anonymous_5)
FNDA:7,(anonymous_6)
DA:5,16
DA:7,16
DA:9,16
DA:12,268
DA:13,239
DA:15,235
DA:17,185
DA:20,46
DA:22,4
DA:24,0
DA:29,268
DA:30,268
DA:34,450
DA:35,44
DA:39,406
DA:40,406
DA:41,402
DA:42,402
DA:45,406
DA:46,406
DA:48,318
DA:49,586
DA:51,268
DA:52,268
DA:55,268
DA:59,268
DA:60,268
DA:62,268
DA:64,268
DA:67,268
DA:69,268
DA:79,7
DA:83,406
LF:33
LH:32
BRDA:12,0,0,29
BRDA:12,0,1,239
BRDA:13,1,0,4
BRDA:13,1,1,235
BRDA:15,2,0,185
BRDA:15,2,1,0
BRDA:15,2,2,46
BRDA:15,2,3,4
BRDA:15,2,4,0
BRDA:30,3,0,268
BRDA:30,3,1,0
BRDA:34,4,0,44
BRDA:34,4,1,406
BRDA:46,5,0,88
BRDA:46,5,1,318
BRDA:46,6,0,406
BRDA:46,6,1,406
BRDA:48,7,0,318
BRDA:48,7,1,0
BRDA:49,8,0,50
BRDA:49,8,1,268
BRDA:52,9,0,0
BRDA:52,9,1,268
BRDA:55,10,0,264
BRDA:55,10,1,4
BRDA:55,11,0,268
BRDA:55,11,1,264
BRDA:60,12,0,268
BRDA:60,12,1,4
BRDA:60,12,2,0
BRDA:64,13,0,268
BRDA:64,13,1,113
BRDA:64,13,2,89
BRDA:64,14,0,155
BRDA:64,14,1,113
BRDA:67,15,0,268
BRDA:67,15,1,0
BRDA:76,16,0,268
BRDA:76,16,1,264
BRF:39
BRH:32
end_of_record
TN:
SF:src\common\middlewares\auth-rate-limit.middleware.ts
FN:16,(anonymous_0)
FNF:1
FNH:0
FNDA:0,(anonymous_0)
DA:7,16
DA:9,16
DA:11,16
DA:17,0
LF:4
LH:3
BRF:0
BRH:0
end_of_record
TN:
SF:src\common\middlewares\auth.middleware.ts
FN:8,getStringClaim
FN:14,getNullableStringClaim
FN:24,parseAuthUser
FN:44,authMiddleware
FNF:4
FNH:4
FNDA:1561,getStringClaim
FNDA:390,getNullableStringClaim
FNDA:390,parseAuthUser
FNDA:402,authMiddleware
DA:9,1561
DA:11,1561
DA:15,390
DA:17,390
DA:18,299
DA:21,91
DA:25,390
DA:26,390
DA:27,390
DA:28,390
DA:29,390
DA:31,390
DA:32,1
DA:35,389
DA:45,402
DA:47,402
DA:48,8
DA:57,394
DA:59,394
DA:60,1
DA:69,393
DA:71,393
DA:72,393
DA:74,391
DA:75,1
DA:78,390
DA:80,390
DA:81,1
DA:84,389
DA:86,389
DA:88,4
LF:31
LH:31
BRDA:11,0,0,1559
BRDA:11,0,1,2
BRDA:17,1,0,299
BRDA:17,1,1,91
BRDA:17,2,0,390
BRDA:17,2,1,92
BRDA:21,3,0,91
BRDA:21,3,1,0
BRDA:25,4,0,390
BRDA:25,4,1,1
BRDA:31,5,0,1
BRDA:31,5,1,389
BRDA:31,6,0,390
BRDA:31,6,1,390
BRDA:31,6,2,389
BRDA:31,6,3,389
BRDA:47,7,0,8
BRDA:47,7,1,394
BRDA:59,8,0,1
BRDA:59,8,1,393
BRDA:74,9,0,1
BRDA:74,9,1,390
BRDA:80,10,0,1
BRDA:80,10,1,389
BRF:24
BRH:23
end_of_record
TN:
SF:src\common\middlewares\error-handler.middleware.ts
FN:5,errorHandlerMiddleware
FNF:1
FNH:1
FNDA:102,errorHandlerMiddleware
DA:11,102
DA:12,101
DA:22,1
DA:24,1
LF:4
LH:4
BRDA:11,0,0,101
BRDA:11,0,1,1
BRDA:17,1,0,101
BRDA:17,1,1,0
BRDA:18,2,0,101
BRDA:18,2,1,91
BRDA:29,3,0,1
BRDA:29,3,1,0
BRF:8
BRH:6
end_of_record
TN:
SF:src\common\middlewares\request-context.middleware.ts
FN:4,requestContextMiddleware
FNF:1
FNH:1
FNDA:450,requestContextMiddleware
DA:9,450
DA:11,450
DA:12,450
DA:14,450
LF:4
LH:4
BRF:0
BRH:0
end_of_record
TN:
SF:src\common\middlewares\require-role.middleware.ts
FN:6,requireRole
FN:7,(anonymous_1)
FNF:2
FNH:2
FNDA:691,requireRole
FNDA:341,(anonymous_1)
DA:7,691
DA:8,341
DA:10,341
DA:11,1
DA:14,340
DA:15,27
DA:18,313
LF:7
LH:7
BRDA:10,0,0,1
BRDA:10,0,1,340
BRDA:14,1,0,27
BRDA:14,1,1,313
BRF:4
BRH:4
end_of_record
TN:
SF:src\common\middlewares\validate.middleware.ts
FN:8,validate
FN:9,(anonymous_1)
FNF:2
FNH:2
FNDA:420,validate
FNDA:233,(anonymous_1)
DA:9,420
DA:10,233
DA:11,233
DA:12,222
DA:13,212
DA:15,222
DA:17,11
DA:18,10
DA:27,1
LF:9
LH:9
BRDA:8,0,0,307
BRDA:12,1,0,212
BRDA:12,1,1,10
BRDA:17,2,0,10
BRDA:17,2,1,1
BRF:5
BRH:5
end_of_record
TN:
SF:src\common\types\auth-user.ts
FN:19,isPerfilUsuario
FNF:1
FNH:1
FNDA:389,isPerfilUsuario
DA:1,17
DA:20,389
LF:2
LH:2
BRF:0
BRH:0
end_of_record
TN:
SF:src\common\utils\date.ts
FN:1,formatDateToBR
FNF:1
FNH:1
FNDA:2,formatDateToBR
DA:2,2
DA:4,2
DA:5,1
DA:8,1
DA:9,1
DA:10,1
DA:12,1
LF:7
LH:7
BRDA:4,0,0,1
BRDA:4,0,1,1
BRF:2
BRH:2
end_of_record
TN:
SF:src\common\utils\get-current-user.ts
FN:7,getCurrentUser
FNF:1
FNH:1
FNDA:10,getCurrentUser
DA:8,10
DA:9,1
DA:16,9
LF:3
LH:3
BRDA:8,0,0,1
BRDA:8,0,1,9
BRF:2
BRH:2
end_of_record
TN:
SF:src\common\utils\jwt.ts
FN:5,generateAuthToken
FNF:1
FNH:1
FNDA:3,generateAuthToken
DA:6,3
DA:8,3
DA:9,1
DA:12,2
DA:16,2
DA:21,2
LF:6
LH:6
BRDA:8,0,0,1
BRDA:8,0,1,2
BRDA:12,1,0,2
BRDA:12,1,1,1
BRF:4
BRH:4
end_of_record
TN:
SF:src\common\utils\password.ts
FN:5,hashPassword
FN:9,comparePassword
FNF:2
FNH:2
FNDA:3,hashPassword
FNDA:2,comparePassword
DA:3,1
DA:6,3
DA:10,2
LF:3
LH:3
BRDA:3,0,0,1
BRDA:3,0,1,0
BRF:2
BRH:1
end_of_record
TN:
SF:src\modules\alertas\alertas.controller.ts
FN:7,findAll
FN:30,findMe
FN:55,findById
FN:65,create
FN:74,marcarLido
FN:84,resolver
FN:94,ignorar
FNF:7
FNH:7
FNDA:3,findAll
FNDA:3,findMe
FNDA:1,findById
FNDA:4,create
FNDA:2,marcarLido
FNDA:2,resolver
FNDA:2,ignorar
DA:5,17
DA:8,3
DA:9,3
DA:16,3
DA:23,3
DA:24,3
DA:26,0
DA:31,3
DA:32,3
DA:34,3
DA:35,1
DA:38,2
DA:43,2
DA:48,2
DA:49,2
DA:51,0
DA:56,1
DA:57,1
DA:58,1
DA:59,1
DA:61,0
DA:66,4
DA:67,4
DA:68,4
DA:70,0
DA:75,2
DA:76,2
DA:77,2
DA:78,2
DA:80,0
DA:85,2
DA:86,2
DA:87,2
DA:88,2
DA:90,0
DA:95,2
DA:96,2
DA:97,2
DA:98,2
DA:100,0
LF:40
LH:33
BRDA:17,0,0,3
BRDA:17,0,1,3
BRDA:18,1,0,3
BRDA:18,1,1,1
BRDA:19,2,0,3
BRDA:19,2,1,3
BRDA:20,3,0,3
BRDA:20,3,1,1
BRDA:34,4,0,1
BRDA:34,4,1,2
BRDA:44,5,0,2
BRDA:44,5,1,1
BRDA:45,6,0,2
BRDA:45,6,1,1
BRF:14
BRH:14
end_of_record
TN:
SF:src\modules\alertas\alertas.repository.ts
FN:57,(anonymous_0)
FN:70,(anonymous_1)
FN:77,(anonymous_2)
FN:95,(anonymous_3)
FN:107,(anonymous_4)
FN:151,(anonymous_5)
FN:190,(anonymous_6)
FN:245,(anonymous_7)
FN:256,(anonymous_8)
FNF:9
FNH:9
FNDA:3,(anonymous_0)
FNDA:3,(anonymous_1)
FNDA:3,(anonymous_2)
FNDA:3,(anonymous_3)
FNDA:3,(anonymous_4)
FNDA:2,(anonymous_5)
FNDA:2,(anonymous_6)
FNDA:7,(anonymous_7)
FNDA:7,(anonymous_8)
DA:4,25
DA:39,25
DA:58,3
DA:71,3
DA:78,3
DA:96,3
DA:112,3
DA:121,3
DA:123,0
DA:129,0
DA:135,0
DA:155,2
DA:164,2
DA:166,2
DA:171,2
DA:173,2
DA:191,2
DA:193,2
DA:209,2
DA:211,2
DA:212,13
DA:221,13
DA:223,1
DA:239,1
DA:242,2
DA:246,7
DA:257,7
DA:261,7
DA:262,0
DA:265,7
LF:30
LH:26
BRDA:60,0,0,3
BRDA:60,0,1,2
BRDA:61,1,0,3
BRDA:61,1,1,0
BRDA:62,2,0,3
BRDA:62,2,1,2
BRDA:63,3,0,3
BRDA:63,3,1,1
BRDA:84,4,0,3
BRDA:84,4,1,0
BRDA:85,5,0,3
BRDA:85,5,1,0
BRDA:86,6,0,3
BRDA:86,6,1,0
BRDA:89,7,0,3
BRDA:89,7,1,0
BRDA:100,8,0,3
BRDA:100,8,1,1
BRDA:101,9,0,3
BRDA:101,9,1,1
BRDA:121,10,0,3
BRDA:121,10,1,0
BRDA:129,11,0,0
BRDA:129,11,1,0
BRDA:131,12,0,0
BRDA:131,12,1,0
BRDA:142,13,0,0
BRDA:142,13,1,0
BRDA:144,14,0,0
BRDA:144,14,1,0
BRDA:144,15,0,0
BRDA:144,15,1,0
BRDA:145,16,0,0
BRDA:145,16,1,0
BRDA:164,17,0,0
BRDA:164,17,1,2
BRDA:171,18,0,0
BRDA:171,18,1,2
BRDA:184,19,0,1
BRDA:184,19,1,1
BRDA:195,20,0,2
BRDA:195,20,1,2
BRDA:221,21,0,12
BRDA:221,21,1,1
BRDA:234,22,0,1
BRDA:234,22,1,0
BRDA:261,23,0,0
BRDA:261,23,1,7
BRF:48
BRH:26
end_of_record
TN:
SF:src\modules\alertas\alertas.routes.ts
FNF:0
FNH:0
DA:17,16
DA:19,16
DA:21,16
DA:22,16
DA:23,16
DA:24,16
DA:30,16
DA:31,16
DA:36,16
LF:9
LH:9
BRF:0
BRH:0
end_of_record
TN:
SF:src\modules\alertas\alertas.service.ts
FN:27,(anonymous_0)
FN:32,(anonymous_1)
FN:36,(anonymous_2)
FN:50,(anonymous_3)
FN:54,(anonymous_4)
FN:62,(anonymous_5)
FN:70,(anonymous_6)
FNF:7
FNH:7
FNDA:4,(anonymous_0)
FNDA:2,(anonymous_1)
FNDA:11,(anonymous_2)
FNDA:4,(anonymous_3)
FNDA:3,(anonymous_4)
FNDA:3,(anonymous_5)
FNDA:2,(anonymous_6)
DA:25,29
DA:28,4
DA:29,4
DA:33,2
DA:37,11
DA:39,11
DA:40,2
DA:47,9
DA:51,4
DA:55,3
DA:56,3
DA:63,3
DA:64,3
DA:71,2
DA:72,2
LF:15
LH:15
BRDA:39,0,0,2
BRDA:39,0,1,9
BRF:2
BRH:2
end_of_record
TN:
SF:src\modules\alertas\dto\create-alerta.dto.ts
FNF:0
FNH:0
DA:3,16
LF:1
LH:1
BRF:0
BRH:0
end_of_record
TN:
SF:src\modules\alertas\dto\list-alertas.dto.ts
FNF:0
FNH:0
DA:3,16
LF:1
LH:1
BRF:0
BRH:0
end_of_record
TN:
SF:src\modules\apontamentos-os\apontamentos-os.controller.ts
FN:8,findByOrdemServico
FN:18,findById
FN:28,create
FN:65,update
FN:75,encerrar
FN:85,remove
FNF:6
FNH:6
FNDA:1,findByOrdemServico
FNDA:1,findById
FNDA:45,create
FNDA:1,update
FNDA:33,encerrar
FNDA:3,remove
DA:6,17
DA:9,1
DA:10,1
DA:11,1
DA:12,1
DA:14,0
DA:19,1
DA:20,1
DA:21,1
DA:22,1
DA:24,0
DA:29,45
DA:30,45
DA:31,45
DA:33,45
DA:34,3
DA:41,42
DA:43,42
DA:44,1
DA:51,41
DA:59,37
DA:61,8
DA:66,1
DA:67,1
DA:68,1
DA:69,1
DA:71,0
DA:76,33
DA:77,33
DA:78,33
DA:79,27
DA:81,6
DA:86,3
DA:87,3
DA:88,3
DA:89,3
DA:91,0
LF:37
LH:33
BRDA:33,0,0,3
BRDA:33,0,1,42
BRDA:43,1,0,1
BRDA:43,1,1,41
BRDA:55,2,0,41
BRDA:55,2,1,3
BRDA:56,3,0,41
BRDA:56,3,1,13
BRF:8
BRH:8
end_of_record
TN:
SF:src\modules\apontamentos-os\apontamentos-os.repository.ts
FN:36,(anonymous_0)
FN:44,(anonymous_1)
FN:51,(anonymous_2)
FN:58,(anonymous_3)
FN:73,(anonymous_4)
FN:81,(anonymous_5)
FN:82,(anonymous_6)
FN:104,(anonymous_7)
FN:105,(anonymous_8)
FN:117,(anonymous_9)
FN:127,(anonymous_10)
FNF:11
FNH:9
FNDA:0,(anonymous_0)
FNDA:34,(anonymous_1)
FNDA:38,(anonymous_2)
FNDA:36,(anonymous_3)
FNDA:0,(anonymous_4)
FNDA:26,(anonymous_5)
FNDA:26,(anonymous_6)
FNDA:2,(anonymous_7)
FNDA:2,(anonymous_8)
FNDA:28,(anonymous_9)
FNDA:28,(anonymous_10)
DA:21,18
DA:37,0
DA:45,34
DA:52,38
DA:59,36
DA:74,0
DA:82,26
DA:83,26
DA:88,26
DA:98,26
DA:100,26
DA:105,2
DA:106,2
DA:111,2
DA:113,2
DA:121,28
DA:126,28
DA:127,28
DA:131,28
DA:136,28
DA:138,28
LF:21
LH:19
BRDA:64,0,0,36
BRDA:64,0,1,2
BRDA:65,1,0,36
BRDA:65,1,1,12
BRDA:93,2,0,26
BRDA:93,2,1,10
BRDA:127,3,0,28
BRDA:127,3,1,16
BRF:8
BRH:8
end_of_record
TN:
SF:src\modules\apontamentos-os\apontamentos-os.routes.ts
FNF:0
FNH:0
DA:6,16
DA:8,16
DA:10,16
DA:11,16
DA:12,16
DA:13,16
LF:6
LH:6
BRF:0
BRH:0
end_of_record
TN:
SF:src\modules\apontamentos-os\apontamentos-os.service.ts
FN:31,(anonymous_0)
FN:35,(anonymous_1)
FN:43,(anonymous_2)
FN:67,(anonymous_3)
FN:85,(anonymous_4)
FN:103,(anonymous_5)
FNF:6
FNH:6
FNDA:1,(anonymous_0)
FNDA:44,(anonymous_1)
FNDA:43,(anonymous_2)
FNDA:3,(anonymous_3)
FNDA:36,(anonymous_4)
FNDA:3,(anonymous_5)
DA:28,31
DA:29,31
DA:32,1
DA:36,44
DA:38,44
DA:40,41
DA:44,43
DA:46,43
DA:47,3
DA:54,40
DA:56,40
DA:57,3
DA:64,37
DA:68,3
DA:70,3
DA:72,2
DA:73,2
DA:75,2
DA:77,1
DA:86,36
DA:88,34
DA:90,31
DA:91,31
DA:93,31
DA:95,28
DA:97,28
DA:98,28
DA:100,28
DA:104,3
DA:105,3
LF:30
LH:30
BRDA:38,0,0,3
BRDA:38,0,1,41
BRDA:46,1,0,3
BRDA:46,1,1,40
BRDA:56,2,0,3
BRDA:56,2,1,37
BRDA:70,3,0,1
BRDA:70,3,1,2
BRDA:72,4,0,1
BRDA:72,4,1,1
BRDA:73,5,0,2
BRDA:73,5,1,0
BRDA:75,6,0,1
BRDA:75,6,1,1
BRDA:75,7,0,2
BRDA:75,7,1,2
BRDA:78,8,0,1
BRDA:78,8,1,1
BRDA:79,9,0,1
BRDA:79,9,1,1
BRDA:80,10,0,1
BRDA:80,10,1,1
BRDA:81,11,0,1
BRDA:81,11,1,1
BRDA:88,12,0,3
BRDA:88,12,1,31
BRDA:90,13,0,10
BRDA:90,13,1,21
BRDA:93,14,0,3
BRDA:93,14,1,28
BRDA:97,15,0,11
BRDA:97,15,1,17
BRDA:98,16,0,11
BRDA:98,16,1,17
BRF:34
BRH:33
end_of_record
TN:
SF:src\modules\ativos\ativos.controller.ts
FN:7,findAll
FN:34,findById
FN:44,create
FN:53,update
FN:63,updateStatus
FN:74,remove
FNF:6
FNH:6
FNDA:3,findAll
FNDA:1,findById
FNDA:11,create
FNDA:3,update
FNDA:1,updateStatus
FNDA:1,remove
DA:5,17
DA:8,3
DA:9,3
DA:18,3
DA:27,3
DA:28,3
DA:30,0
DA:35,1
DA:36,1
DA:37,1
DA:38,1
DA:40,0
DA:45,11
DA:46,11
DA:47,9
DA:49,2
DA:54,3
DA:55,3
DA:56,3
DA:57,3
DA:59,0
DA:64,1
DA:65,1
DA:66,1
DA:67,1
DA:68,1
DA:70,0
DA:75,1
DA:76,1
DA:77,1
DA:78,1
DA:80,0
LF:32
LH:27
BRDA:19,0,0,3
BRDA:19,0,1,2
BRDA:20,1,0,3
BRDA:20,1,1,1
BRDA:21,2,0,3
BRDA:21,2,1,1
BRDA:22,3,0,3
BRDA:22,3,1,1
BRDA:23,4,0,3
BRDA:23,4,1,1
BRDA:24,5,0,3
BRDA:24,5,1,1
BRF:12
BRH:12
end_of_record
TN:
SF:src\modules\ativos\ativos.policy.ts
FN:3,canReadAtivo
FN:7,canCreateAtivo
FN:11,canUpdateAtivo
FN:15,canDeleteAtivo
FNF:4
FNH:4
FNDA:2,canReadAtivo
FNDA:3,canCreateAtivo
FNDA:3,canUpdateAtivo
FNDA:3,canDeleteAtivo
DA:4,2
DA:8,3
DA:12,3
DA:16,3
LF:4
LH:4
BRDA:8,0,0,3
BRDA:8,0,1,2
BRDA:12,1,0,3
BRDA:12,1,1,2
BRF:4
BRH:4
end_of_record
TN:
SF:src\modules\ativos\ativos.repository.ts
FN:48,(anonymous_0)
FN:85,(anonymous_1)
FN:110,(anonymous_2)
FN:117,(anonymous_3)
FN:158,(anonymous_4)
FN:184,(anonymous_5)
FN:192,(anonymous_6)
FNF:7
FNH:7
FNDA:3,(anonymous_0)
FNDA:3,(anonymous_1)
FNDA:10,(anonymous_2)
FNDA:9,(anonymous_3)
FNDA:3,(anonymous_4)
FNDA:1,(anonymous_5)
FNDA:1,(anonymous_6)
DA:49,3
DA:86,3
DA:111,10
DA:118,9
DA:159,3
DA:185,1
DA:193,1
LF:7
LH:7
BRDA:51,0,0,3
BRDA:51,0,1,2
BRDA:52,1,0,3
BRDA:52,1,1,1
BRDA:53,2,0,3
BRDA:53,2,1,1
BRDA:54,3,0,3
BRDA:54,3,1,1
BRDA:55,4,0,3
BRDA:55,4,1,1
BRDA:56,5,0,3
BRDA:56,5,1,1
BRDA:124,6,0,9
BRDA:124,6,1,1
BRDA:125,7,0,9
BRDA:125,7,1,1
BRDA:126,8,0,9
BRDA:126,8,1,2
BRDA:127,9,0,9
BRDA:127,9,1,2
BRDA:128,10,0,9
BRDA:128,10,1,1
BRDA:129,11,0,9
BRDA:129,11,1,1
BRDA:130,12,0,9
BRDA:130,12,1,1
BRDA:131,13,0,9
BRDA:131,13,1,1
BRDA:132,14,0,9
BRDA:132,14,1,1
BRDA:133,15,0,9
BRDA:133,15,1,1
BRDA:134,16,0,9
BRDA:134,16,1,1
BRF:34
BRH:34
end_of_record
TN:
SF:src\modules\ativos\ativos.routes.ts
FNF:0
FNH:0
DA:11,16
DA:13,16
DA:15,16
DA:16,16
DA:17,16
DA:18,16
DA:19,16
DA:20,16
LF:8
LH:8
BRF:0
BRH:0
end_of_record
TN:
SF:src\modules\ativos\ativos.service.ts
FN:54,(anonymous_0)
FN:58,(anonymous_1)
FN:66,(anonymous_2)
FN:74,(anonymous_3)
FN:85,(anonymous_4)
FN:100,(anonymous_5)
FNF:6
FNH:6
FNDA:3,(anonymous_0)
FNDA:9,(anonymous_1)
FNDA:11,(anonymous_2)
FNDA:4,(anonymous_3)
FNDA:2,(anonymous_4)
FNDA:1,(anonymous_5)
DA:51,27
DA:52,27
DA:55,3
DA:59,9
DA:61,9
DA:63,8
DA:67,11
DA:69,11
DA:71,9
DA:75,4
DA:77,4
DA:78,1
DA:79,1
DA:82,3
DA:86,2
DA:88,2
DA:90,2
DA:91,1
DA:97,2
DA:101,1
DA:102,1
LF:21
LH:21
BRDA:61,0,0,1
BRDA:61,0,1,8
BRDA:69,1,0,2
BRDA:69,1,1,9
BRDA:77,2,0,1
BRDA:77,2,1,3
BRDA:77,3,0,4
BRDA:77,3,1,2
BRDA:79,4,0,1
BRDA:79,4,1,0
BRDA:90,5,0,1
BRDA:90,5,1,1
BRF:12
BRH:11
end_of_record
TN:
SF:src\modules\ativos\dto\create-ativo.dto.ts
FNF:0
FNH:0
DA:3,16
LF:1
LH:1
BRF:0
BRH:0
end_of_record
TN:
SF:src\modules\ativos\dto\list-ativos.dto.ts
FNF:0
FNH:0
DA:3,16
LF:1
LH:1
BRF:0
BRH:0
end_of_record
TN:
SF:src\modules\ativos\dto\update-ativo.dto.ts
FNF:0
FNH:0
DA:3,16
DA:21,16
LF:2
LH:2
BRF:0
BRH:0
end_of_record
TN:
SF:src\modules\auditoria\auditoria.controller.ts
FN:7,findAll
FN:35,findById
FNF:2
FNH:2
FNDA:5,findAll
FNDA:1,findById
DA:5,17
DA:8,5
DA:10,5
DA:19,5
DA:28,5
DA:29,4
DA:31,1
DA:36,1
DA:37,1
DA:38,1
DA:39,1
DA:41,0
LF:12
LH:11
BRDA:20,0,0,5
BRDA:20,0,1,1
BRDA:21,1,0,5
BRDA:21,1,1,1
BRDA:22,2,0,5
BRDA:22,2,1,3
BRDA:23,3,0,5
BRDA:23,3,1,3
BRDA:24,4,0,5
BRDA:24,4,1,2
BRDA:25,5,0,5
BRDA:25,5,1,1
BRF:12
BRH:12
end_of_record
TN:
SF:src\modules\auditoria\auditoria.repository.ts
FN:45,(anonymous_0)
FN:64,(anonymous_1)
FN:79,(anonymous_2)
FNF:3
FNH:2
FNDA:268,(anonymous_0)
FNDA:3,(anonymous_1)
FNDA:0,(anonymous_2)
DA:24,17
DA:46,268
DA:65,3
DA:80,0
LF:4
LH:3
BRDA:51,0,0,268
BRDA:51,0,1,179
BRDA:52,1,0,268
BRDA:52,1,1,268
BRDA:53,2,0,268
BRDA:53,2,1,0
BRDA:56,3,0,268
BRDA:56,3,1,264
BRDA:67,4,0,3
BRDA:67,4,1,0
BRDA:68,5,0,3
BRDA:68,5,1,0
BRDA:69,6,0,3
BRDA:69,6,1,2
BRDA:70,7,0,3
BRDA:70,7,1,2
BRDA:71,8,0,3
BRDA:71,8,1,1
BRDA:74,9,0,3
BRDA:74,9,1,3
BRF:20
BRH:17
end_of_record
TN:
SF:src\modules\auditoria\auditoria.routes.ts
FNF:0
FNH:0
DA:8,16
DA:10,16
DA:12,16
DA:18,16
LF:4
LH:4
BRF:0
BRH:0
end_of_record
TN:
SF:src\modules\auditoria\auditoria.service.ts
FN:28,(anonymous_0)
FN:32,(anonymous_1)
FN:36,(anonymous_2)
FNF:3
FNH:3
FNDA:269,(anonymous_0)
FNDA:4,(anonymous_1)
FNDA:1,(anonymous_2)
DA:26,36
DA:29,269
DA:33,4
DA:37,1
DA:39,1
DA:40,1
DA:47,0
LF:7
LH:6
BRDA:39,0,0,1
BRDA:39,0,1,0
BRF:2
BRH:1
end_of_record
TN:
SF:src\modules\auditoria\dto\list-auditoria.dto.ts
FNF:0
FNH:0
DA:3,16
LF:1
LH:1
BRF:0
BRH:0
end_of_record
TN:
SF:src\modules\dashboard\dashboard.controller.ts
FN:6,getEmpresaId
FN:12,getResumo
FN:22,getAtivos
FN:32,getOrdensServico
FN:42,getMateriais
FN:52,getCustos
FNF:6
FNH:6
FNDA:7,getEmpresaId
FNDA:3,getResumo
FNDA:1,getAtivos
FNDA:1,getOrdensServico
FNDA:1,getMateriais
FNDA:1,getCustos
DA:4,17
DA:7,7
DA:8,7
DA:9,1
DA:13,3
DA:14,3
DA:15,3
DA:16,2
DA:18,1
DA:23,1
DA:24,1
DA:25,1
DA:26,1
DA:28,0
DA:33,1
DA:34,1
DA:35,1
DA:36,1
DA:38,0
DA:43,1
DA:44,1
DA:45,1
DA:46,1
DA:48,0
DA:53,1
DA:54,1
DA:55,1
DA:56,1
DA:58,0
LF:29
LH:25
BRDA:8,0,0,6
BRDA:8,0,1,1
BRDA:9,1,0,1
BRDA:9,1,1,0
BRF:4
BRH:3
end_of_record
TN:
SF:src\modules\dashboard\dashboard.repository.ts
FN:4,(anonymous_0)
FN:10,(anonymous_1)
FN:16,(anonymous_2)
FN:26,(anonymous_3)
FN:32,(anonymous_4)
FN:49,(anonymous_5)
FN:60,(anonymous_6)
FN:76,(anonymous_7)
FN:92,(anonymous_8)
FNF:9
FNH:9
FNDA:1,(anonymous_0)
FNDA:1,(anonymous_1)
FNDA:1,(anonymous_2)
FNDA:1,(anonymous_3)
FNDA:2,(anonymous_4)
FNDA:2,(anonymous_5)
FNDA:1,(anonymous_6)
FNDA:1,(anonymous_7)
FNDA:1,(anonymous_8)
DA:5,1
DA:11,1
DA:17,1
DA:27,1
DA:33,2
DA:42,2
DA:50,2
DA:57,2
DA:61,1
DA:67,1
DA:73,1
DA:77,1
DA:83,1
DA:89,1
DA:93,1
LF:15
LH:15
BRDA:43,0,0,2
BRDA:43,0,1,1
BRDA:44,1,0,2
BRDA:44,1,1,1
BRDA:45,2,0,2
BRDA:45,2,1,1
BRDA:57,3,0,2
BRDA:57,3,1,1
BRF:8
BRH:8
end_of_record
TN:
SF:src\modules\dashboard\dashboard.routes.ts
FNF:0
FNH:0
DA:12,16
DA:14,16
DA:16,16
DA:17,16
DA:18,16
DA:19,16
DA:20,16
LF:7
LH:7
BRF:0
BRH:0
end_of_record
TN:
SF:src\modules\dashboard\dashboard.service.ts
FN:6,(anonymous_0)
FN:37,(anonymous_1)
FN:41,(anonymous_2)
FN:46,(anonymous_3)
FN:54,(anonymous_4)
FN:58,(anonymous_5)
FN:63,(anonymous_6)
FN:71,(anonymous_7)
FN:76,(anonymous_8)
FN:86,(anonymous_9)
FNF:10
FNH:10
FNDA:1,(anonymous_0)
FNDA:1,(anonymous_1)
FNDA:2,(anonymous_2)
FNDA:2,(anonymous_3)
FNDA:1,(anonymous_4)
FNDA:2,(anonymous_5)
FNDA:2,(anonymous_6)
FNDA:1,(anonymous_7)
FNDA:1,(anonymous_8)
FNDA:1,(anonymous_9)
DA:3,18
DA:7,1
DA:16,1
DA:25,1
DA:39,1
DA:41,2
DA:46,2
DA:51,1
DA:56,1
DA:58,2
DA:63,2
DA:68,1
DA:73,1
DA:75,1
DA:76,1
DA:87,1
LF:16
LH:16
BRF:0
BRH:0
end_of_record
TN:
SF:src\modules\empresas\empresas.controller.ts
FN:6,findAll
FN:22,findById
FN:36,create
FN:46,update
FN:57,remove
FNF:5
FNH:5
FNDA:1,findAll
FNDA:2,findById
FNDA:3,create
FNDA:2,update
FNDA:2,remove
DA:4,16
DA:7,1
DA:8,1
DA:10,1
DA:15,1
DA:16,1
DA:18,0
DA:27,2
DA:28,2
DA:29,2
DA:30,1
DA:32,1
DA:37,3
DA:38,3
DA:39,3
DA:40,1
DA:42,2
DA:47,2
DA:48,2
DA:49,2
DA:50,2
DA:51,1
DA:53,1
DA:58,2
DA:59,2
DA:60,2
DA:61,2
DA:62,1
DA:64,1
LF:29
LH:28
BRDA:11,0,0,1
BRDA:11,0,1,0
BRDA:12,1,0,1
BRDA:12,1,1,0
BRF:4
BRH:2
end_of_record
TN:
SF:src\modules\empresas\empresas.policy.ts
FN:7,canReadEmpresa
FN:12,canCreateEmpresa
FN:22,canUpdateEmpresa
FN:32,canDeleteEmpresa
FNF:4
FNH:4
FNDA:2,canReadEmpresa
FNDA:9,canCreateEmpresa
FNDA:6,canUpdateEmpresa
FNDA:6,canDeleteEmpresa
DA:9,2
DA:13,9
DA:14,5
DA:23,6
DA:24,3
DA:33,6
DA:34,3
LF:7
LH:7
BRDA:13,0,0,5
BRDA:13,0,1,4
BRDA:23,1,0,3
BRDA:23,1,1,3
BRDA:33,2,0,3
BRDA:33,2,1,3
BRF:6
BRH:6
end_of_record
TN:
SF:src\modules\empresas\empresas.repository.ts
FN:21,(anonymous_0)
FN:39,(anonymous_1)
FN:52,(anonymous_2)
FN:59,(anonymous_3)
FN:72,(anonymous_4)
FN:86,(anonymous_5)
FNF:6
FNH:6
FNDA:1,(anonymous_0)
FNDA:4,(anonymous_1)
FNDA:1,(anonymous_2)
FNDA:1,(anonymous_3)
FNDA:1,(anonymous_4)
FNDA:1,(anonymous_5)
DA:22,1
DA:40,4
DA:53,1
DA:60,1
DA:73,1
DA:87,1
LF:6
LH:6
BRDA:24,0,0,1
BRDA:24,0,1,0
BRDA:25,1,0,1
BRDA:25,1,1,0
BRF:4
BRH:2
end_of_record
TN:
SF:src\modules\empresas\empresas.routes.ts
FNF:0
FNH:0
DA:9,16
DA:11,16
DA:13,16
DA:14,16
DA:15,16
DA:16,16
DA:17,16
LF:7
LH:7
BRF:0
BRH:0
end_of_record
TN:
SF:src\modules\empresas\empresas.service.ts
FN:35,(anonymous_0)
FN:39,(anonymous_1)
FN:52,(anonymous_2)
FN:70,(anonymous_3)
FN:90,(anonymous_4)
FNF:5
FNH:5
FNDA:1,(anonymous_0)
FNDA:8,(anonymous_1)
FNDA:7,(anonymous_2)
FNDA:4,(anonymous_3)
FNDA:4,(anonymous_4)
DA:33,26
DA:36,1
DA:40,8
DA:42,8
DA:43,2
DA:49,6
DA:53,7
DA:55,3
DA:56,3
DA:59,3
DA:60,1
DA:67,2
DA:71,4
DA:73,2
DA:75,2
DA:77,0
DA:78,0
DA:79,0
DA:87,2
DA:91,4
DA:93,2
DA:94,2
LF:22
LH:19
BRDA:42,0,0,2
BRDA:42,0,1,6
BRDA:55,1,0,3
BRDA:55,1,1,0
BRDA:59,2,0,1
BRDA:59,2,1,2
BRDA:75,3,0,0
BRDA:75,3,1,2
BRDA:78,4,0,0
BRDA:78,4,1,0
BRDA:78,5,0,0
BRDA:78,5,1,0
BRF:12
BRH:6
end_of_record
TN:
SF:src\modules\empresas\dto\create-empresa.dto.ts
FNF:0
FNH:0
DA:3,16
LF:1
LH:1
BRF:0
BRH:0
end_of_record
TN:
SF:src\modules\empresas\dto\list-empresas.dto.ts
FN:7,(anonymous_0)
FNF:1
FNH:0
FNDA:0,(anonymous_0)
DA:3,16
DA:7,0
LF:2
LH:1
BRF:0
BRH:0
end_of_record
TN:
SF:src\modules\empresas\dto\update-empresa.dto.ts
FNF:0
FNH:0
DA:3,16
LF:1
LH:1
BRF:0
BRH:0
end_of_record
TN:
SF:src\modules\localizacoes\localizacoes.controller.ts
FN:6,findAll
FN:28,findById
FN:43,create
FN:53,update
FN:64,remove
FNF:5
FNH:5
FNDA:1,findAll
FNDA:2,findById
FNDA:4,create
FNDA:2,update
FNDA:2,remove
DA:4,16
DA:7,1
DA:8,1
DA:9,1
DA:15,1
DA:21,1
DA:22,1
DA:24,0
DA:33,2
DA:34,2
DA:35,2
DA:36,2
DA:37,1
DA:39,1
DA:44,4
DA:45,4
DA:46,4
DA:47,2
DA:49,2
DA:54,2
DA:55,2
DA:56,2
DA:57,2
DA:58,1
DA:60,1
DA:65,2
DA:66,2
DA:67,2
DA:68,2
DA:69,1
DA:71,1
LF:31
LH:30
BRDA:16,0,0,1
BRDA:16,0,1,0
BRDA:17,1,0,1
BRDA:17,1,1,0
BRDA:18,2,0,1
BRDA:18,2,1,0
BRF:6
BRH:3
end_of_record
TN:
SF:src\modules\localizacoes\localizacoes.policy.ts
FN:7,canReadLocalizacao
FN:12,canCreateLocalizacao
FN:22,canUpdateLocalizacao
FN:32,canDeleteLocalizacao
FNF:4
FNH:4
FNDA:2,canReadLocalizacao
FNDA:11,canCreateLocalizacao
FNDA:8,canUpdateLocalizacao
FNDA:7,canDeleteLocalizacao
DA:9,2
DA:13,11
DA:14,5
DA:23,8
DA:24,3
DA:33,7
DA:34,3
LF:7
LH:7
BRDA:13,0,0,5
BRDA:13,0,1,6
BRDA:13,1,0,11
BRDA:13,1,1,9
BRDA:23,2,0,3
BRDA:23,2,1,5
BRDA:23,3,0,8
BRDA:23,3,1,6
BRDA:33,4,0,3
BRDA:33,4,1,4
BRDA:33,5,0,7
BRDA:33,5,1,4
BRF:12
BRH:12
end_of_record
TN:
SF:src\modules\localizacoes\localizacoes.repository.ts
FN:25,(anonymous_0)
FN:47,(anonymous_1)
FN:63,(anonymous_2)
FN:70,(anonymous_3)
FN:86,(anonymous_4)
FN:103,(anonymous_5)
FNF:6
FNH:6
FNDA:1,(anonymous_0)
FNDA:4,(anonymous_1)
FNDA:2,(anonymous_2)
FNDA:2,(anonymous_3)
FNDA:1,(anonymous_4)
FNDA:1,(anonymous_5)
DA:26,1
DA:48,4
DA:64,2
DA:71,2
DA:87,1
DA:104,1
LF:6
LH:6
BRDA:28,0,0,1
BRDA:28,0,1,0
BRDA:29,1,0,1
BRDA:29,1,1,0
BRDA:30,2,0,1
BRDA:30,2,1,0
BRF:6
BRH:3
end_of_record
TN:
SF:src\modules\localizacoes\localizacoes.routes.ts
FNF:0
FNH:0
DA:15,16
DA:17,16
DA:19,16
DA:20,16
DA:21,16
DA:22,16
DA:23,16
LF:7
LH:7
BRF:0
BRH:0
end_of_record
TN:
SF:src\modules\localizacoes\localizacoes.service.ts
FN:37,(anonymous_0)
FN:56,(anonymous_1)
FN:81,(anonymous_2)
FN:111,(anonymous_3)
FN:133,(anonymous_4)
FNF:5
FNH:5
FNDA:4,(anonymous_0)
FNDA:10,(anonymous_1)
FNDA:8,(anonymous_2)
FNDA:5,(anonymous_3)
FNDA:4,(anonymous_4)
DA:35,31
DA:38,4
DA:39,0
DA:47,4
DA:49,4
DA:57,10
DA:59,10
DA:60,2
DA:67,8
DA:71,1
DA:78,7
DA:82,8
DA:85,4
DA:87,4
DA:88,0
DA:95,4
DA:96,4
DA:100,4
DA:101,1
DA:108,3
DA:112,5
DA:114,3
DA:116,3
DA:117,0
DA:121,0
DA:122,0
DA:130,3
DA:134,4
DA:136,2
DA:137,2
LF:30
LH:25
BRDA:38,0,0,0
BRDA:38,0,1,4
BRDA:38,1,0,4
BRDA:38,1,1,2
BRDA:47,2,0,2
BRDA:47,2,1,2
BRDA:47,3,0,2
BRDA:47,3,1,0
BRDA:50,4,0,4
BRDA:50,4,1,0
BRDA:51,5,0,4
BRDA:51,5,1,0
BRDA:52,6,0,4
BRDA:52,6,1,2
BRDA:59,7,0,2
BRDA:59,7,1,8
BRDA:67,8,0,1
BRDA:67,8,1,7
BRDA:68,9,0,8
BRDA:68,9,1,4
BRDA:87,10,0,0
BRDA:87,10,1,4
BRDA:95,11,0,4
BRDA:95,11,1,0
BRDA:100,12,0,1
BRDA:100,12,1,3
BRDA:116,13,0,0
BRDA:116,13,1,3
BRDA:116,14,0,3
BRDA:116,14,1,0
BRDA:121,15,0,0
BRDA:121,15,1,0
BRDA:121,16,0,0
BRDA:121,16,1,0
BRF:34
BRH:22
end_of_record
TN:
SF:src\modules\localizacoes\dto\create-localizacao.dto.ts
FNF:0
FNH:0
DA:3,16
LF:1
LH:1
BRF:0
BRH:0
end_of_record
TN:
SF:src\modules\localizacoes\dto\list-localizacoes.dto.ts
FNF:0
FNH:0
DA:3,16
LF:1
LH:1
BRF:0
BRH:0
end_of_record
TN:
SF:src\modules\localizacoes\dto\update-localizacao.dto.ts
FNF:0
FNH:0
DA:3,16
LF:1
LH:1
BRF:0
BRH:0
end_of_record
TN:
SF:src\modules\materiais\materiais.controller.ts
FN:6,findAll
FN:29,findById
FN:39,create
FN:48,update
FN:58,updateEstoque
FN:68,remove
FNF:6
FNH:6
FNDA:1,findAll
FNDA:1,findById
FNDA:38,create
FNDA:3,update
FNDA:17,updateEstoque
FNDA:1,remove
DA:4,17
DA:7,1
DA:8,1
DA:15,1
DA:22,1
DA:23,1
DA:25,0
DA:30,1
DA:31,1
DA:32,1
DA:33,1
DA:35,0
DA:40,38
DA:41,38
DA:42,35
DA:44,3
DA:49,3
DA:50,3
DA:51,3
DA:52,3
DA:54,0
DA:59,17
DA:60,17
DA:61,17
DA:62,11
DA:64,6
DA:69,1
DA:70,1
DA:71,1
DA:72,1
DA:74,0
LF:31
LH:27
BRDA:16,0,0,1
BRDA:16,0,1,1
BRDA:17,1,0,1
BRDA:17,1,1,1
BRDA:18,2,0,1
BRDA:18,2,1,1
BRDA:19,3,0,1
BRDA:19,3,1,1
BRF:8
BRH:8
end_of_record
TN:
SF:src\modules\materiais\materiais.policy.ts
FN:3,canReadMaterial
FN:7,canCreateMaterial
FN:11,canUpdateMaterial
FN:15,canDeleteMaterial
FNF:4
FNH:4
FNDA:2,canReadMaterial
FNDA:3,canCreateMaterial
FNDA:3,canUpdateMaterial
FNDA:3,canDeleteMaterial
DA:4,2
DA:8,3
DA:12,3
DA:16,3
LF:4
LH:4
BRDA:8,0,0,3
BRDA:8,0,1,2
BRDA:12,1,0,3
BRDA:12,1,1,2
BRF:4
BRH:4
end_of_record
TN:
SF:src\modules\materiais\materiais.repository.ts
FN:34,(anonymous_0)
FN:64,(anonymous_1)
FN:74,(anonymous_2)
FN:93,(anonymous_3)
FN:100,(anonymous_4)
FN:129,(anonymous_5)
FN:149,(anonymous_6)
FN:161,(anonymous_7)
FNF:8
FNH:8
FNDA:2,(anonymous_0)
FNDA:2,(anonymous_1)
FNDA:19,(anonymous_2)
FNDA:37,(anonymous_3)
FNDA:35,(anonymous_4)
FNDA:3,(anonymous_5)
FNDA:11,(anonymous_6)
FNDA:1,(anonymous_7)
DA:35,2
DA:62,2
DA:63,1
DA:65,2
DA:71,1
DA:75,19
DA:94,37
DA:101,35
DA:130,3
DA:150,11
DA:162,1
LF:11
LH:11
BRDA:37,0,0,2
BRDA:37,0,1,1
BRDA:38,1,0,2
BRDA:38,1,1,1
BRDA:39,2,0,2
BRDA:39,2,1,1
BRDA:62,3,0,1
BRDA:62,3,1,1
BRDA:106,4,0,35
BRDA:106,4,1,1
BRDA:107,5,0,35
BRDA:107,5,1,35
BRDA:108,6,0,35
BRDA:108,6,1,33
BRDA:109,7,0,35
BRDA:109,7,1,33
BRDA:110,8,0,35
BRDA:110,8,1,32
BRDA:111,9,0,35
BRDA:111,9,1,32
BRF:20
BRH:20
end_of_record
TN:
SF:src\modules\materiais\materiais.routes.ts
FNF:0
FNH:0
DA:10,16
DA:12,16
DA:14,16
DA:15,16
DA:16,16
DA:17,16
DA:18,16
DA:19,16
LF:8
LH:8
BRF:0
BRH:0
end_of_record
TN:
SF:src\modules\materiais\materiais.service.ts
FN:47,(anonymous_0)
FN:51,(anonymous_1)
FN:65,(anonymous_2)
FN:98,(anonymous_3)
FN:135,(anonymous_4)
FN:206,(anonymous_5)
FNF:6
FNH:4
FNDA:0,(anonymous_0)
FNDA:20,(anonymous_1)
FNDA:38,(anonymous_2)
FNDA:2,(anonymous_3)
FNDA:17,(anonymous_4)
FNDA:0,(anonymous_5)
DA:44,21
DA:45,21
DA:48,0
DA:52,20
DA:54,20
DA:55,3
DA:62,17
DA:66,38
DA:71,38
DA:72,3
DA:79,35
DA:81,35
DA:82,35
DA:84,35
DA:85,8
DA:95,35
DA:99,2
DA:101,2
DA:102,0
DA:107,0
DA:108,0
DA:116,2
DA:118,2
DA:119,2
DA:121,2
DA:122,0
DA:132,2
DA:136,17
DA:138,15
DA:142,15
DA:143,4
DA:144,0
DA:151,4
DA:152,11
DA:153,7
DA:154,0
DA:161,7
DA:163,7
DA:164,3
DA:171,4
DA:173,4
DA:174,2
DA:181,2
DA:184,10
DA:189,10
DA:190,10
DA:192,10
DA:193,0
DA:203,10
DA:207,0
DA:208,0
LF:51
LH:41
BRDA:54,0,0,3
BRDA:54,0,1,17
BRDA:71,1,0,3
BRDA:71,1,1,35
BRDA:81,2,0,35
BRDA:81,2,1,0
BRDA:82,3,0,35
BRDA:82,3,1,0
BRDA:84,4,0,8
BRDA:84,4,1,27
BRDA:101,5,0,0
BRDA:101,5,1,2
BRDA:101,6,0,2
BRDA:101,6,1,0
BRDA:107,7,0,0
BRDA:107,7,1,0
BRDA:118,8,0,2
BRDA:118,8,1,0
BRDA:119,9,0,2
BRDA:119,9,1,0
BRDA:121,10,0,0
BRDA:121,10,1,2
BRDA:138,11,0,15
BRDA:138,11,1,0
BRDA:142,12,0,4
BRDA:142,12,1,11
BRDA:143,13,0,0
BRDA:143,13,1,4
BRDA:143,14,0,4
BRDA:143,14,1,4
BRDA:152,15,0,7
BRDA:152,15,1,4
BRDA:153,16,0,0
BRDA:153,16,1,7
BRDA:153,17,0,7
BRDA:153,17,1,7
BRDA:163,18,0,3
BRDA:163,18,1,4
BRDA:173,19,0,2
BRDA:173,19,1,2
BRDA:173,20,0,4
BRDA:173,20,1,2
BRDA:192,21,0,0
BRDA:192,21,1,10
BRF:44
BRH:31
end_of_record
TN:
SF:src\modules\materiais\dto\create-material.dto.ts
FNF:0
FNH:0
DA:3,16
LF:1
LH:1
BRF:0
BRH:0
end_of_record
TN:
SF:src\modules\materiais\dto\list-materiais.dto.ts
FNF:0
FNH:0
DA:3,16
LF:1
LH:1
BRF:0
BRH:0
end_of_record
TN:
SF:src\modules\materiais\dto\update-material.dto.ts
FNF:0
FNH:0
DA:3,16
DA:13,16
LF:2
LH:2
BRF:0
BRH:0
end_of_record
TN:
SF:src\modules\ordens-servico\ordens-servico.controller.ts
FN:9,findAll
FN:37,findById
FN:47,create
FN:56,update
FN:66,iniciar
FN:85,aguardarPeca
FN:104,retomar
FN:123,encerrar
FN:152,cancelar
FNF:9
FNH:9
FNDA:1,findAll
FNDA:11,findById
FNDA:80,create
FNDA:1,update
FNDA:14,iniciar
FNDA:6,aguardarPeca
FNDA:3,retomar
FNDA:6,encerrar
FNDA:4,cancelar
DA:7,17
DA:10,1
DA:12,1
DA:21,1
DA:30,1
DA:31,1
DA:33,0
DA:38,11
DA:39,11
DA:40,11
DA:41,11
DA:43,0
DA:48,80
DA:49,80
DA:50,80
DA:52,0
DA:57,1
DA:58,1
DA:59,1
DA:60,1
DA:62,0
DA:67,14
DA:68,14
DA:69,14
DA:70,14
DA:72,14
DA:74,14
DA:75,3
DA:78,11
DA:79,10
DA:81,4
DA:86,6
DA:87,6
DA:88,6
DA:89,6
DA:91,6
DA:93,6
DA:94,2
DA:97,4
DA:98,3
DA:100,3
DA:105,3
DA:106,3
DA:107,3
DA:108,3
DA:110,3
DA:112,3
DA:113,0
DA:116,3
DA:117,2
DA:119,1
DA:124,6
DA:125,6
DA:126,6
DA:127,6
DA:134,6
DA:136,6
DA:137,2
DA:140,4
DA:146,3
DA:148,3
DA:153,4
DA:154,4
DA:155,4
DA:156,4
DA:161,4
DA:162,1
DA:165,3
DA:169,2
DA:171,2
LF:70
LH:65
BRDA:22,0,0,1
BRDA:22,0,1,1
BRDA:23,1,0,1
BRDA:23,1,1,1
BRDA:24,2,0,1
BRDA:24,2,1,1
BRDA:25,3,0,1
BRDA:25,3,1,1
BRDA:26,4,0,1
BRDA:26,4,1,1
BRDA:27,5,0,1
BRDA:27,5,1,1
BRDA:70,6,0,14
BRDA:70,6,1,0
BRDA:74,7,0,3
BRDA:74,7,1,11
BRDA:93,8,0,2
BRDA:93,8,1,4
BRDA:112,9,0,0
BRDA:112,9,1,3
BRDA:136,10,0,2
BRDA:136,10,1,4
BRDA:141,11,0,4
BRDA:141,11,1,4
BRDA:142,12,0,4
BRDA:142,12,1,4
BRDA:143,13,0,4
BRDA:143,13,1,1
BRDA:144,14,0,4
BRDA:144,14,1,1
BRDA:161,15,0,1
BRDA:161,15,1,3
BRDA:166,16,0,3
BRDA:166,16,1,3
BRDA:167,17,0,3
BRDA:167,17,1,1
BRF:36
BRH:34
end_of_record
TN:
SF:src\modules\ordens-servico\ordens-servico.policy.ts
FN:7,canIniciarOS
FN:13,canAguardarPecaOS
FN:19,canRetomarOS
FN:25,canEncerrarOS
FN:31,canCancelarOS
FN:35,canReadOrdemServico
FN:39,canCreateOrdemServico
FN:43,canUpdateOrdemServico
FNF:8
FNH:8
FNDA:19,canIniciarOS
FNDA:11,canAguardarPecaOS
FNDA:8,canRetomarOS
FNDA:11,canEncerrarOS
FNDA:8,canCancelarOS
FNDA:2,canReadOrdemServico
FNDA:4,canCreateOrdemServico
FNDA:4,canUpdateOrdemServico
DA:8,19
DA:9,8
DA:10,5
DA:14,11
DA:15,5
DA:16,4
DA:20,8
DA:21,4
DA:22,2
DA:26,11
DA:27,6
DA:28,4
DA:32,8
DA:36,2
DA:40,4
DA:44,4
LF:16
LH:16
BRDA:8,0,0,11
BRDA:8,0,1,8
BRDA:8,1,0,19
BRDA:8,1,1,9
BRDA:9,2,0,3
BRDA:9,2,1,5
BRDA:9,3,0,8
BRDA:9,3,1,7
BRDA:14,4,0,6
BRDA:14,4,1,5
BRDA:14,5,0,11
BRDA:14,5,1,7
BRDA:15,6,0,1
BRDA:15,6,1,4
BRDA:15,7,0,5
BRDA:15,7,1,3
BRDA:20,8,0,4
BRDA:20,8,1,4
BRDA:20,9,0,8
BRDA:20,9,1,5
BRDA:21,10,0,2
BRDA:21,10,1,2
BRDA:21,11,0,4
BRDA:21,11,1,3
BRDA:26,12,0,5
BRDA:26,12,1,6
BRDA:26,13,0,11
BRDA:26,13,1,7
BRDA:27,14,0,2
BRDA:27,14,1,4
BRDA:27,15,0,6
BRDA:27,15,1,4
BRDA:32,16,0,8
BRDA:32,16,1,4
BRDA:40,17,0,4
BRDA:40,17,1,3
BRDA:40,17,2,2
BRDA:44,18,0,4
BRDA:44,18,1,3
BRDA:44,18,2,2
BRF:40
BRH:40
end_of_record
TN:
SF:src\modules\ordens-servico\ordens-servico.repository.ts
FN:110,(anonymous_0)
FN:135,(anonymous_1)
FN:158,(anonymous_2)
FN:172,(anonymous_3)
FN:184,(anonymous_4)
FN:185,(anonymous_5)
FN:234,(anonymous_6)
FN:235,(anonymous_7)
FN:254,(anonymous_8)
FN:255,(anonymous_9)
FN:275,(anonymous_10)
FN:276,(anonymous_11)
FN:306,(anonymous_12)
FN:312,(anonymous_13)
FN:374,(anonymous_14)
FN:378,(anonymous_15)
FN:427,(anonymous_16)
FNF:17
FNH:15
FNDA:0,(anonymous_0)
FNDA:112,(anonymous_1)
FNDA:41001,(anonymous_2)
FNDA:79,(anonymous_3)
FNDA:79,(anonymous_4)
FNDA:79,(anonymous_5)
FNDA:9,(anonymous_6)
FNDA:9,(anonymous_7)
FNDA:2,(anonymous_8)
FNDA:2,(anonymous_9)
FNDA:1,(anonymous_10)
FNDA:1,(anonymous_11)
FNDA:2,(anonymous_12)
FNDA:2,(anonymous_13)
FNDA:1,(anonymous_14)
FNDA:1,(anonymous_15)
FNDA:0,(anonymous_16)
DA:58,21
DA:111,0
DA:136,112
DA:159,41001
DA:173,79
DA:185,79
DA:186,79
DA:221,79
DA:222,0
DA:225,79
DA:235,9
DA:236,9
DA:245,9
DA:250,9
DA:255,2
DA:256,2
DA:266,2
DA:271,2
DA:276,1
DA:277,1
DA:282,1
DA:286,1
DA:297,1
DA:302,1
DA:312,2
DA:313,2
DA:323,2
DA:324,2
DA:325,2
DA:327,2
DA:341,2
DA:354,2
DA:363,2
DA:364,2
DA:370,2
DA:378,1
DA:379,1
DA:384,1
DA:386,1
DA:396,1
DA:407,1
DA:416,1
DA:417,1
DA:423,1
DA:428,0
LF:45
LH:42
BRDA:113,0,0,0
BRDA:113,0,1,0
BRDA:114,1,0,0
BRDA:114,1,1,0
BRDA:115,2,0,0
BRDA:115,2,1,0
BRDA:118,3,0,0
BRDA:118,3,1,0
BRDA:119,4,0,0
BRDA:119,4,1,0
BRDA:120,5,0,0
BRDA:120,5,1,0
BRDA:195,6,0,79
BRDA:195,6,1,0
BRDA:198,7,0,79
BRDA:198,7,1,0
BRDA:201,8,0,79
BRDA:201,8,1,2
BRDA:204,9,0,79
BRDA:204,9,1,78
BRDA:205,10,0,79
BRDA:205,10,1,78
BRDA:206,11,0,79
BRDA:206,11,1,1
BRDA:207,12,0,79
BRDA:207,12,1,0
BRDA:208,13,0,79
BRDA:208,13,1,0
BRDA:209,14,0,79
BRDA:209,14,1,0
BRDA:221,15,0,0
BRDA:221,15,1,79
BRDA:261,16,0,2
BRDA:261,16,1,1
BRDA:282,17,0,1
BRDA:282,17,1,0
BRDA:291,18,0,1
BRDA:291,18,1,1
BRDA:292,19,0,1
BRDA:292,19,1,1
BRDA:323,20,0,2
BRDA:323,20,1,2
BRDA:324,21,0,2
BRDA:324,21,1,0
BRDA:333,22,0,2
BRDA:333,22,1,2
BRDA:334,23,0,2
BRDA:334,23,1,2
BRDA:335,24,0,2
BRDA:335,24,1,0
BRDA:363,25,0,2
BRDA:363,25,1,0
BRDA:384,26,0,1
BRDA:384,26,1,1
BRDA:391,27,0,1
BRDA:391,27,1,1
BRDA:416,28,0,1
BRDA:416,28,1,0
BRF:58
BRH:35
end_of_record
TN:
SF:src\modules\ordens-servico\ordens-servico.routes.ts
FNF:0
FNH:0
DA:12,16
DA:14,16
DA:16,16
DA:17,16
DA:18,16
DA:19,16
DA:21,16
DA:28,16
DA:34,16
DA:40,16
DA:47,16
DA:53,16
DA:59,16
DA:65,16
DA:71,16
LF:15
LH:15
BRF:0
BRH:0
end_of_record
TN:
SF:src\modules\ordens-servico\ordens-servico.service.ts
FN:64,(anonymous_0)
FN:68,(anonymous_1)
FN:82,(anonymous_2)
FN:146,(anonymous_3)
FN:162,(anonymous_4)
FN:183,(anonymous_5)
FN:197,(anonymous_6)
FN:221,(anonymous_7)
FN:241,(anonymous_8)
FN:265,(anonymous_9)
FNF:10
FNH:10
FNDA:1,(anonymous_0)
FNDA:71,(anonymous_1)
FNDA:84,(anonymous_2)
FNDA:13,(anonymous_3)
FNDA:6,(anonymous_4)
FNDA:4,(anonymous_5)
FNDA:6,(anonymous_6)
FNDA:5,(anonymous_7)
FNDA:2,(anonymous_8)
FNDA:80,(anonymous_9)
DA:61,42
DA:62,42
DA:65,1
DA:69,71
DA:71,71
DA:72,2
DA:79,69
DA:83,84
DA:85,84
DA:86,1
DA:93,83
DA:94,1
DA:101,82
DA:103,82
DA:108,82
DA:109,1
DA:116,81
DA:134,81
DA:135,1
DA:142,81
DA:147,13
DA:149,13
DA:150,3
DA:157,10
DA:159,10
DA:163,6
DA:165,6
DA:166,2
DA:173,4
DA:175,4
DA:180,4
DA:184,4
DA:186,4
DA:187,2
DA:194,2
DA:203,6
DA:205,6
DA:206,3
DA:213,3
DA:225,5
DA:227,5
DA:228,3
DA:235,2
DA:242,2
DA:244,2
DA:266,80
DA:268,80
DA:269,40923
DA:270,40923
DA:275,40923
DA:276,80
DA:280,0
LF:52
LH:51
BRDA:71,0,0,2
BRDA:71,0,1,69
BRDA:85,1,0,1
BRDA:85,1,1,83
BRDA:85,2,0,84
BRDA:85,2,1,83
BRDA:93,3,0,1
BRDA:93,3,1,82
BRDA:101,4,0,82
BRDA:101,4,1,80
BRDA:108,5,0,1
BRDA:108,5,1,81
BRDA:122,6,0,81
BRDA:122,6,1,1
BRDA:123,7,0,81
BRDA:123,7,1,0
BRDA:124,8,0,81
BRDA:124,8,1,0
BRDA:125,9,0,81
BRDA:125,9,1,2
BRDA:126,10,0,81
BRDA:126,10,1,78
BRDA:127,11,0,81
BRDA:127,11,1,78
BRDA:128,12,0,81
BRDA:128,12,1,1
BRDA:129,13,0,81
BRDA:129,13,1,0
BRDA:130,14,0,81
BRDA:130,14,1,0
BRDA:131,15,0,81
BRDA:131,15,1,0
BRDA:134,16,0,1
BRDA:134,16,1,80
BRDA:149,17,0,3
BRDA:149,17,1,10
BRDA:157,18,0,1
BRDA:157,18,1,9
BRDA:157,19,0,9
BRDA:157,19,1,9
BRDA:165,20,0,2
BRDA:165,20,1,4
BRDA:177,21,0,4
BRDA:177,21,1,3
BRDA:186,22,0,2
BRDA:186,22,1,2
BRDA:205,23,0,3
BRDA:205,23,1,3
BRDA:214,24,0,3
BRDA:214,24,1,3
BRDA:215,25,0,3
BRDA:215,25,1,3
BRDA:216,26,0,3
BRDA:216,26,1,1
BRDA:217,27,0,3
BRDA:217,27,1,1
BRDA:227,28,0,3
BRDA:227,28,1,2
BRDA:227,29,0,5
BRDA:227,29,1,2
BRDA:236,30,0,2
BRDA:236,30,1,2
BRDA:237,31,0,2
BRDA:237,31,1,1
BRDA:245,32,0,2
BRDA:245,32,1,0
BRDA:246,33,0,2
BRDA:246,33,1,0
BRDA:247,34,0,2
BRDA:247,34,1,0
BRDA:248,35,0,2
BRDA:248,35,1,1
BRDA:249,36,0,2
BRDA:249,36,1,0
BRDA:250,37,0,2
BRDA:250,37,1,0
BRDA:251,38,0,2
BRDA:251,38,1,0
BRDA:252,39,0,2
BRDA:252,39,1,0
BRDA:253,40,0,2
BRDA:253,40,1,0
BRDA:256,41,0,2
BRDA:256,41,1,2
BRDA:257,42,0,1
BRDA:257,42,1,1
BRDA:259,43,0,2
BRDA:259,43,1,0
BRDA:260,44,0,2
BRDA:260,44,1,0
BRDA:261,45,0,2
BRDA:261,45,1,0
BRDA:275,46,0,80
BRDA:275,46,1,40843
BRF:94
BRH:78
end_of_record
TN:
SF:src\modules\ordens-servico\ordens-servico.workflow.ts
FN:19,aplicarImpactoDisponibilidade
FNF:1
FNH:1
FNDA:2,aplicarImpactoDisponibilidade
DA:23,2
DA:32,2
LF:2
LH:2
BRF:0
BRH:0
end_of_record
TN:
SF:src\modules\ordens-servico-materiais\ordens-servico-materiais.controller.ts
FN:6,findByOrdemServico
FN:16,findById
FN:26,create
FN:36,update
FN:46,consumir
FN:57,devolver
FN:68,cancelar
FNF:7
FNH:7
FNDA:1,findByOrdemServico
FNDA:1,findById
FNDA:22,create
FNDA:1,update
FNDA:15,consumir
FNDA:8,devolver
FNDA:2,cancelar
DA:4,17
DA:7,1
DA:8,1
DA:9,1
DA:10,1
DA:12,0
DA:17,1
DA:18,1
DA:19,1
DA:20,1
DA:22,0
DA:27,22
DA:28,22
DA:29,22
DA:30,19
DA:32,3
DA:37,1
DA:38,1
DA:39,1
DA:40,1
DA:42,0
DA:47,15
DA:48,15
DA:49,15
DA:50,15
DA:51,12
DA:53,3
DA:58,8
DA:59,8
DA:60,8
DA:61,8
DA:62,5
DA:64,3
DA:69,2
DA:70,2
DA:71,2
DA:72,2
DA:74,0
LF:38
LH:34
BRF:0
BRH:0
end_of_record
TN:
SF:src\modules\ordens-servico-materiais\ordens-servico-materiais.repository.ts
FN:38,(anonymous_0)
FN:45,(anonymous_1)
FN:52,(anonymous_2)
FN:64,(anonymous_3)
FN:79,(anonymous_4)
FN:96,(anonymous_5)
FN:97,(anonymous_6)
FN:122,(anonymous_7)
FN:123,(anonymous_8)
FN:146,(anonymous_9)
FN:154,(anonymous_10)
FN:164,(anonymous_11)
FNF:12
FNH:10
FNDA:0,(anonymous_0)
FNDA:22,(anonymous_1)
FNDA:31,(anonymous_2)
FNDA:18,(anonymous_3)
FNDA:0,(anonymous_4)
FNDA:11,(anonymous_5)
FNDA:11,(anonymous_6)
FNDA:4,(anonymous_7)
FNDA:4,(anonymous_8)
FNDA:1,(anonymous_9)
FNDA:15,(anonymous_10)
FNDA:12,(anonymous_11)
DA:16,17
DA:39,0
DA:46,22
DA:53,31
DA:65,18
DA:67,18
DA:80,0
DA:85,0
DA:86,0
DA:87,0
DA:89,0
DA:97,11
DA:98,11
DA:103,11
DA:105,11
DA:111,11
DA:116,11
DA:118,11
DA:123,4
DA:124,4
DA:129,4
DA:135,4
DA:140,4
DA:142,4
DA:147,1
DA:158,15
DA:163,15
DA:164,12
DA:168,15
LF:29
LH:23
BRDA:85,0,0,0
BRDA:85,0,1,0
BRDA:86,1,0,0
BRDA:86,1,1,0
BRF:4
BRH:0
end_of_record
TN:
SF:src\modules\ordens-servico-materiais\ordens-servico-materiais.routes.ts
FNF:0
FNH:0
DA:6,16
DA:8,16
DA:10,16
DA:11,16
DA:12,16
DA:13,16
DA:14,16
LF:7
LH:7
BRF:0
BRH:0
end_of_record
TN:
SF:src\modules\ordens-servico-materiais\ordens-servico-materiais.service.ts
FN:22,(anonymous_0)
FN:26,(anonymous_1)
FN:34,(anonymous_2)
FN:76,(anonymous_3)
FN:81,(anonymous_4)
FN:97,(anonymous_5)
FN:107,(anonymous_6)
FNF:7
FNH:5
FNDA:0,(anonymous_0)
FNDA:22,(anonymous_1)
FNDA:21,(anonymous_2)
FNDA:0,(anonymous_3)
FNDA:14,(anonymous_4)
FNDA:7,(anonymous_5)
FNDA:1,(anonymous_6)
DA:19,17
DA:20,17
DA:23,0
DA:27,22
DA:29,22
DA:31,20
DA:35,21
DA:36,1
DA:43,20
DA:45,20
DA:46,1
DA:53,19
DA:55,19
DA:56,1
DA:64,18
DA:68,18
DA:77,0
DA:78,0
DA:82,14
DA:84,13
DA:86,12
DA:88,12
DA:90,12
DA:92,12
DA:94,11
DA:98,7
DA:100,6
DA:102,4
DA:104,4
DA:108,1
DA:110,1
DA:112,1
DA:114,1
LF:33
LH:30
BRDA:29,0,0,2
BRDA:29,0,1,20
BRDA:35,1,0,1
BRDA:35,1,1,20
BRDA:45,2,0,1
BRDA:45,2,1,19
BRDA:55,3,0,1
BRDA:55,3,1,18
BRDA:55,4,0,19
BRDA:55,4,1,18
BRDA:64,5,0,6
BRDA:64,5,1,12
BRDA:84,6,0,1
BRDA:84,6,1,12
BRDA:86,7,0,12
BRDA:86,7,1,11
BRDA:90,8,0,0
BRDA:90,8,1,12
BRDA:92,9,0,1
BRDA:92,9,1,11
BRDA:100,10,0,2
BRDA:100,10,1,4
BRDA:102,11,0,4
BRDA:102,11,1,3
BRDA:110,12,0,0
BRDA:110,12,1,1
BRDA:112,13,0,0
BRDA:112,13,1,1
BRF:28
BRH:25
end_of_record
TN:
SF:src\modules\ordens-servico\dto\create-ordem-servico.dto.ts
FNF:0
FNH:0
DA:3,16
LF:1
LH:1
BRF:0
BRH:0
end_of_record
TN:
SF:src\modules\ordens-servico\dto\list-ordens-servico.dto.ts
FNF:0
FNH:0
DA:3,16
LF:1
LH:1
BRF:0
BRH:0
end_of_record
TN:
SF:src\modules\ordens-servico\dto\update-ordem-servico.dto.ts
FNF:0
FNH:0
DA:3,16
LF:1
LH:1
BRF:0
BRH:0
end_of_record
TN:
SF:src\modules\paradas-ativos\paradas-ativos.controller.ts
FN:6,findAll
FN:31,findById
FN:41,create
FN:50,update
FN:60,encerrar
FN:71,cancelar
FNF:6
FNH:6
FNDA:1,findAll
FNDA:1,findById
FNDA:6,create
FNDA:1,update
FNDA:2,encerrar
FNDA:3,cancelar
DA:4,17
DA:7,1
DA:8,1
DA:16,1
DA:24,1
DA:25,1
DA:27,0
DA:32,1
DA:33,1
DA:34,1
DA:35,1
DA:37,0
DA:42,6
DA:43,6
DA:44,4
DA:46,2
DA:51,1
DA:52,1
DA:53,1
DA:54,1
DA:56,0
DA:61,2
DA:62,2
DA:63,2
DA:64,2
DA:65,2
DA:67,0
DA:72,3
DA:73,3
DA:74,3
DA:75,3
DA:76,3
DA:78,0
LF:33
LH:28
BRDA:17,0,0,1
BRDA:17,0,1,1
BRDA:18,1,0,1
BRDA:18,1,1,1
BRDA:19,2,0,1
BRDA:19,2,1,1
BRDA:20,3,0,1
BRDA:20,3,1,1
BRDA:21,4,0,1
BRDA:21,4,1,1
BRF:10
BRH:10
end_of_record
TN:
SF:src\modules\paradas-ativos\paradas-ativos.repository.ts
FN:51,(anonymous_0)
FN:71,(anonymous_1)
FN:78,(anonymous_2)
FN:85,(anonymous_3)
FN:100,(anonymous_4)
FN:108,(anonymous_5)
FN:123,(anonymous_6)
FN:134,(anonymous_7)
FN:145,(anonymous_8)
FNF:9
FNH:9
FNDA:1,(anonymous_0)
FNDA:4,(anonymous_1)
FNDA:5,(anonymous_2)
FNDA:4,(anonymous_3)
FNDA:1,(anonymous_4)
FNDA:2,(anonymous_5)
FNDA:3,(anonymous_6)
FNDA:5,(anonymous_7)
FNDA:1,(anonymous_8)
DA:27,19
DA:52,1
DA:72,4
DA:79,5
DA:86,4
DA:101,1
DA:109,2
DA:114,2
DA:116,2
DA:124,3
DA:135,5
DA:146,1
LF:12
LH:12
BRDA:54,0,0,1
BRDA:54,0,1,1
BRDA:55,1,0,1
BRDA:55,1,1,1
BRDA:56,2,0,1
BRDA:56,2,1,1
BRDA:57,3,0,1
BRDA:57,3,1,0
BRDA:57,4,0,1
BRDA:57,4,1,0
BRDA:60,5,0,1
BRDA:60,5,1,1
BRDA:61,6,0,1
BRDA:61,6,1,1
BRDA:90,7,0,4
BRDA:90,7,1,1
BRDA:91,8,0,4
BRDA:91,8,1,2
BRDA:92,9,0,4
BRDA:92,9,1,4
BRDA:93,10,0,4
BRDA:93,10,1,4
BRDA:94,11,0,4
BRDA:94,11,1,4
BRDA:128,12,0,3
BRDA:128,12,1,3
BRF:26
BRH:24
end_of_record
TN:
SF:src\modules\paradas-ativos\paradas-ativos.routes.ts
FNF:0
FNH:0
DA:6,16
DA:8,16
DA:10,16
DA:11,16
DA:12,16
DA:13,16
DA:14,16
DA:15,16
LF:8
LH:8
BRF:0
BRH:0
end_of_record
TN:
SF:src\modules\paradas-ativos\paradas-ativos.service.ts
FN:34,(anonymous_0)
FN:44,(anonymous_1)
FN:52,(anonymous_2)
FN:124,(anonymous_3)
FN:129,(anonymous_4)
FN:137,(anonymous_5)
FNF:6
FNH:6
FNDA:1,(anonymous_0)
FNDA:10,(anonymous_1)
FNDA:12,(anonymous_2)
FNDA:1,(anonymous_3)
FNDA:3,(anonymous_4)
FNDA:4,(anonymous_5)
DA:31,33
DA:32,33
DA:35,1
DA:45,10
DA:47,10
DA:49,9
DA:53,12
DA:55,12
DA:56,1
DA:63,11
DA:64,1
DA:71,10
DA:72,4
DA:76,4
DA:77,1
DA:84,3
DA:85,1
DA:92,2
DA:93,1
DA:101,7
DA:103,7
DA:105,5
DA:115,5
DA:121,5
DA:125,1
DA:126,1
DA:130,3
DA:132,3
DA:134,2
DA:138,4
DA:140,4
DA:142,3
LF:32
LH:32
BRDA:36,0,0,1
BRDA:36,0,1,1
BRDA:37,1,0,1
BRDA:37,1,1,1
BRDA:38,2,0,1
BRDA:38,2,1,1
BRDA:39,3,0,1
BRDA:39,3,1,1
BRDA:40,4,0,1
BRDA:40,4,1,1
BRDA:47,5,0,1
BRDA:47,5,1,9
BRDA:55,6,0,1
BRDA:55,6,1,11
BRDA:55,7,0,12
BRDA:55,7,1,11
BRDA:63,8,0,1
BRDA:63,8,1,10
BRDA:71,9,0,4
BRDA:71,9,1,6
BRDA:76,10,0,1
BRDA:76,10,1,3
BRDA:84,11,0,1
BRDA:84,11,1,2
BRDA:92,12,0,1
BRDA:92,12,1,1
BRDA:103,13,0,2
BRDA:103,13,1,5
BRDA:108,14,0,5
BRDA:108,14,1,1
BRDA:109,15,0,5
BRDA:109,15,1,2
BRDA:110,16,0,5
BRDA:110,16,1,4
BRDA:111,17,0,5
BRDA:111,17,1,4
BRDA:112,18,0,5
BRDA:112,18,1,4
BRDA:118,19,0,5
BRDA:118,19,1,4
BRDA:132,20,0,1
BRDA:132,20,1,2
BRDA:134,21,0,1
BRDA:134,21,1,1
BRDA:140,22,0,1
BRDA:140,22,1,3
BRF:46
BRH:46
end_of_record
TN:
SF:src\modules\usuarios\usuarios.controller.ts
FN:10,findAll
FN:33,findById
FN:49,create
FN:58,update
FN:68,resetPassword
FN:79,remove
FNF:6
FNH:6
FNDA:1,findAll
FNDA:4,findById
FNDA:5,create
FNDA:1,update
FNDA:1,resetPassword
FNDA:1,remove
DA:8,17
DA:11,1
DA:12,1
DA:19,1
DA:26,1
DA:27,1
DA:29,0
DA:34,4
DA:35,4
DA:36,4
DA:38,4
DA:39,2
DA:42,2
DA:43,2
DA:45,2
DA:50,5
DA:51,5
DA:52,2
DA:54,3
DA:59,1
DA:60,1
DA:61,1
DA:62,1
DA:64,0
DA:69,1
DA:70,1
DA:71,1
DA:72,1
DA:73,1
DA:75,0
DA:80,1
DA:81,1
DA:82,1
DA:83,1
DA:85,0
LF:35
LH:31
BRDA:20,0,0,1
BRDA:20,0,1,1
BRDA:21,1,0,1
BRDA:21,1,1,1
BRDA:22,2,0,1
BRDA:22,2,1,1
BRDA:23,3,0,1
BRDA:23,3,1,1
BRDA:38,4,0,2
BRDA:38,4,1,2
BRF:10
BRH:10
end_of_record
TN:
SF:src\modules\usuarios\usuarios.policy.ts
FN:3,canReadUsuario
FN:12,canWriteUsuario
FNF:2
FNH:2
FNDA:11,canReadUsuario
FNDA:5,canWriteUsuario
DA:4,11
DA:5,9
DA:6,8
DA:7,7
DA:8,5
DA:9,4
DA:13,5
LF:7
LH:7
BRDA:4,0,0,2
BRDA:4,0,1,9
BRDA:5,1,0,1
BRDA:5,1,1,8
BRDA:6,2,0,1
BRDA:6,2,1,7
BRDA:7,3,0,2
BRDA:7,3,1,5
BRDA:7,4,0,7
BRDA:7,4,1,4
BRDA:8,5,0,1
BRDA:8,5,1,4
BRDA:8,6,0,5
BRDA:8,6,1,3
BRF:14
BRH:14
end_of_record
TN:
SF:src\modules\usuarios\usuarios.repository.ts
FN:29,(anonymous_0)
FN:54,(anonymous_1)
FN:69,(anonymous_2)
FN:83,(anonymous_3)
FN:104,(anonymous_4)
FN:120,(anonymous_5)
FN:128,(anonymous_6)
FNF:7
FNH:7
FNDA:2,(anonymous_0)
FNDA:2,(anonymous_1)
FNDA:4,(anonymous_2)
FNDA:3,(anonymous_3)
FNDA:1,(anonymous_4)
FNDA:1,(anonymous_5)
FNDA:1,(anonymous_6)
DA:30,2
DA:55,2
DA:70,4
DA:84,3
DA:105,1
DA:121,1
DA:129,1
LF:7
LH:7
BRDA:32,0,0,2
BRDA:32,0,1,1
BRDA:33,1,0,2
BRDA:33,1,1,1
BRDA:34,2,0,2
BRDA:34,2,1,1
BRDA:35,3,0,2
BRDA:35,3,1,1
BRDA:90,4,0,3
BRDA:90,4,1,1
BRF:10
BRH:10
end_of_record
TN:
SF:src\modules\usuarios\usuarios.routes.ts
FNF:0
FNH:0
DA:6,16
DA:8,16
DA:10,16
DA:11,16
DA:12,16
DA:13,16
DA:14,16
DA:15,16
LF:8
LH:8
BRF:0
BRH:0
end_of_record
TN:
SF:src\modules\usuarios\usuarios.service.ts
FN:33,(anonymous_0)
FN:37,(anonymous_1)
FN:45,(anonymous_2)
FN:62,(anonymous_3)
FN:73,(anonymous_4)
FN:84,(anonymous_5)
FNF:6
FNH:6
FNDA:1,(anonymous_0)
FNDA:7,(anonymous_1)
FNDA:5,(anonymous_2)
FNDA:2,(anonymous_3)
FNDA:1,(anonymous_4)
FNDA:1,(anonymous_5)
DA:31,26
DA:34,1
DA:38,7
DA:40,7
DA:42,6
DA:46,5
DA:48,5
DA:50,2
DA:51,2
DA:53,2
DA:63,2
DA:65,2
DA:66,1
DA:67,1
DA:70,1
DA:74,1
DA:76,1
DA:77,1
DA:79,1
DA:81,1
DA:85,1
DA:86,1
LF:22
LH:22
BRDA:40,0,0,1
BRDA:40,0,1,6
BRDA:48,1,0,3
BRDA:48,1,1,2
BRDA:50,2,0,2
BRDA:50,2,1,0
BRDA:65,3,0,1
BRDA:65,3,1,1
BRDA:65,4,0,2
BRDA:65,4,1,2
BRDA:67,5,0,1
BRDA:67,5,1,0
BRDA:76,6,0,1
BRDA:76,6,1,0
BRF:14
BRH:11
end_of_record
TN:
SF:src\prisma\prisma.client.ts
FNF:0
FNH:0
DA:5,60
DA:7,60
DA:8,0
DA:11,60
DA:13,60
LF:5
LH:4
BRDA:7,0,0,0
BRDA:7,0,1,60
BRF:2
BRH:1
end_of_record
