TN:
SF:src\app.ts
FN:52,(anonymous_0)
FN:60,(anonymous_1)
FN:70,(anonymous_2)
FNF:3
FNH:2
FNDA:1,(anonymous_0)
FNDA:0,(anonymous_1)
FNDA:1,(anonymous_2)
DA:24,16
DA:25,16
DA:27,16
DA:31,16
DA:32,16
DA:33,16
DA:34,16
DA:35,16
DA:36,16
DA:38,16
DA:39,16
DA:40,16
DA:41,16
DA:42,16
DA:43,16
DA:44,16
DA:45,16
DA:46,16
DA:47,16
DA:48,16
DA:49,16
DA:50,16
DA:52,16
DA:53,1
DA:60,16
DA:61,0
DA:70,16
DA:71,1
DA:80,16
LF:29
LH:28
BRF:0
BRH:0
end_of_record
TN:
SF:src\auth\auth.controller.ts
FN:13,listSignupEmpresas
FN:26,signUp
FN:35,signUpTesting
FN:48,signIn
FN:58,refresh
FN:68,logout
FN:78,me
FN:88,changePassword
FNF:8
FNH:2
FNDA:0,listSignupEmpresas
FNDA:0,signUp
FNDA:0,signUpTesting
FNDA:53,signIn
FNDA:0,refresh
FNDA:0,logout
FNDA:8,me
FNDA:0,changePassword
DA:11,16
DA:18,0
DA:19,0
DA:20,0
DA:22,0
DA:27,0
DA:28,0
DA:29,0
DA:31,0
DA:40,0
DA:41,0
DA:42,0
DA:44,0
DA:49,53
DA:50,53
DA:51,53
DA:52,50
DA:54,3
DA:59,0
DA:60,0
DA:61,0
DA:62,0
DA:64,0
DA:69,0
DA:70,0
DA:71,0
DA:72,0
DA:74,0
DA:79,8
DA:80,8
DA:81,8
DA:82,8
DA:84,0
DA:93,0
DA:94,0
DA:96,0
DA:98,0
DA:105,0
DA:107,0
LF:39
LH:10
BRF:0
BRH:0
end_of_record
TN:
SF:src\auth\auth.repository.ts
FN:25,(anonymous_0)
FN:40,(anonymous_1)
FN:54,(anonymous_2)
FN:64,(anonymous_3)
FN:74,(anonymous_4)
FN:85,(anonymous_5)
FN:107,(anonymous_6)
FN:129,(anonymous_7)
FN:136,(anonymous_8)
FN:143,(anonymous_9)
FN:149,(anonymous_10)
FN:167,(anonymous_11)
FN:174,(anonymous_12)
FN:186,(anonymous_13)
FNF:14
FNH:4
FNDA:53,(anonymous_0)
FNDA:8,(anonymous_1)
FNDA:0,(anonymous_2)
FNDA:0,(anonymous_3)
FNDA:0,(anonymous_4)
FNDA:0,(anonymous_5)
FNDA:0,(anonymous_6)
FNDA:0,(anonymous_7)
FNDA:50,(anonymous_8)
FNDA:50,(anonymous_9)
FNDA:0,(anonymous_10)
FNDA:0,(anonymous_11)
FNDA:0,(anonymous_12)
FNDA:0,(anonymous_13)
DA:26,53
DA:41,8
DA:55,0
DA:65,0
DA:75,0
DA:86,0
DA:108,0
DA:130,0
DA:137,50
DA:144,50
DA:150,0
DA:168,0
DA:175,0
DA:187,0
LF:14
LH:4
BRF:0
BRH:0
end_of_record
TN:
SF:src\auth\auth.routes.ts
FNF:0
FNH:0
DA:22,16
DA:24,16
DA:25,16
DA:26,16
DA:32,16
DA:33,16
DA:34,16
DA:36,16
DA:37,16
LF:9
LH:9
BRF:0
BRH:0
end_of_record
TN:
SF:src\auth\auth.service.ts
FN:14,(anonymous_0)
FN:18,(anonymous_1)
FN:63,(anonymous_2)
FN:109,(anonymous_3)
FN:123,(anonymous_4)
FN:165,(anonymous_5)
FN:213,(anonymous_6)
FN:270,(anonymous_7)
FN:275,(anonymous_8)
FN:279,(anonymous_9)
FNF:10
FNH:3
FNDA:0,(anonymous_0)
FNDA:0,(anonymous_1)
FNDA:0,(anonymous_2)
FNDA:8,(anonymous_3)
FNDA:0,(anonymous_4)
FNDA:53,(anonymous_5)
FNDA:0,(anonymous_6)
FNDA:0,(anonymous_7)
FNDA:0,(anonymous_8)
FNDA:50,(anonymous_9)
DA:11,16
DA:12,16
DA:15,0
DA:19,0
DA:21,0
DA:22,0
DA:29,0
DA:31,0
DA:32,0
DA:39,0
DA:40,0
DA:47,0
DA:48,0
DA:50,0
DA:57,0
DA:64,0
DA:66,0
DA:67,0
DA:74,0
DA:76,0
DA:77,0
DA:84,0
DA:85,0
DA:92,0
DA:93,0
DA:95,0
DA:103,0
DA:110,8
DA:112,8
DA:113,0
DA:120,8
DA:129,0
DA:130,0
DA:137,0
DA:139,0
DA:140,0
DA:147,0
DA:149,0
DA:150,0
DA:157,0
DA:158,0
DA:160,0
DA:162,0
DA:166,53
DA:168,53
DA:169,1
DA:176,52
DA:177,1
DA:184,51
DA:186,51
DA:187,1
DA:194,50
DA:202,50
DA:203,50
DA:205,50
DA:207,50
DA:214,0
DA:215,0
DA:217,0
DA:218,0
DA:225,0
DA:226,0
DA:227,0
DA:230,0
DA:237,0
DA:239,0
DA:240,0
DA:242,0
DA:249,0
DA:251,0
DA:259,0
DA:264,0
DA:271,0
DA:272,0
DA:276,0
DA:280,50
DA:281,50
DA:283,50
DA:289,50
LF:79
LH:22
BRDA:21,0,0,0
BRDA:21,0,1,0
BRDA:31,1,0,0
BRDA:31,1,1,0
BRDA:39,2,0,0
BRDA:39,2,1,0
BRDA:47,3,0,0
BRDA:47,3,1,0
BRDA:66,4,0,0
BRDA:66,4,1,0
BRDA:76,5,0,0
BRDA:76,5,1,0
BRDA:84,6,0,0
BRDA:84,6,1,0
BRDA:92,7,0,0
BRDA:92,7,1,0
BRDA:112,8,0,0
BRDA:112,8,1,8
BRDA:129,9,0,0
BRDA:129,9,1,0
BRDA:139,10,0,0
BRDA:139,10,1,0
BRDA:149,11,0,0
BRDA:149,11,1,0
BRDA:157,12,0,0
BRDA:157,12,1,0
BRDA:168,13,0,1
BRDA:168,13,1,52
BRDA:176,14,0,1
BRDA:176,14,1,51
BRDA:186,15,0,1
BRDA:186,15,1,50
BRDA:217,16,0,0
BRDA:217,16,1,0
BRDA:225,17,0,0
BRDA:225,17,1,0
BRDA:225,18,0,0
BRDA:225,18,1,0
BRDA:226,19,0,0
BRDA:226,19,1,0
BRDA:239,20,0,0
BRDA:239,20,1,0
BRDA:286,21,0,50
BRDA:286,21,1,50
BRF:44
BRH:9
end_of_record
TN:
SF:src\auth\clean-refresh-tokens.ts
FN:6,main
FN:13,(anonymous_1)
FN:17,(anonymous_2)
FNF:3
FNH:0
FNDA:0,main
FNDA:0,(anonymous_1)
FNDA:0,(anonymous_2)
DA:7,0
DA:8,0
DA:9,0
DA:12,0
DA:14,0
DA:15,0
DA:18,0
LF:7
LH:0
BRF:0
BRH:0
end_of_record
TN:
SF:src\auth\token.service.ts
FN:7,(anonymous_0)
FN:33,(anonymous_1)
FN:37,(anonymous_2)
FN:41,(anonymous_3)
FNF:4
FNH:4
FNDA:50,(anonymous_0)
FNDA:50,(anonymous_1)
FNDA:50,(anonymous_2)
FNDA:50,(anonymous_3)
DA:8,50
DA:9,50
DA:13,50
DA:14,0
DA:17,50
DA:34,50
DA:38,50
DA:42,50
DA:43,50
DA:44,50
DA:45,50
LF:11
LH:10
BRDA:9,0,0,50
BRDA:9,0,1,0
BRDA:13,1,0,0
BRDA:13,1,1,50
BRDA:42,2,0,50
BRDA:42,2,1,0
BRF:6
BRH:3
end_of_record
TN:
SF:src\auth\dto\change-password.dto.ts
FN:15,(anonymous_0)
FNF:1
FNH:0
FNDA:0,(anonymous_0)
DA:3,16
DA:15,0
LF:2
LH:1
BRF:0
BRH:0
end_of_record
TN:
SF:src\auth\dto\refresh-token.dto.ts
FNF:0
FNH:0
DA:3,16
LF:1
LH:1
BRF:0
BRH:0
end_of_record
TN:
SF:src\auth\dto\sign-in.dto.ts
FNF:0
FNH:0
DA:3,16
LF:1
LH:1
BRF:0
BRH:0
end_of_record
TN:
SF:src\auth\dto\sign-up-testing.dto.ts
FNF:0
FNH:0
DA:3,16
LF:1
LH:1
BRF:0
BRH:0
end_of_record
TN:
SF:src\auth\dto\sign-up.dto.ts
FNF:0
FNH:0
DA:3,16
LF:1
LH:1
BRF:0
BRH:0
end_of_record
TN:
SF:src\common\errors\AppError.ts
FN:15,(anonymous_0)
FNF:1
FNH:1
FNDA:168,(anonymous_0)
DA:21,168
DA:22,168
DA:23,168
DA:24,168
DA:25,168
LF:5
LH:5
BRDA:17,0,0,0
BRDA:18,1,0,0
BRF:2
BRH:0
end_of_record
TN:
SF:src\common\errors\error-code.ts
FNF:0
FNH:0
DA:1,28
LF:1
LH:1
BRF:0
BRH:0
end_of_record
TN:
SF:src\common\middlewares\audit.middleware.ts
FN:11,resolverAcao
FN:28,resolverEntidade
FN:33,auditMiddleware
FN:40,(anonymous_3)
FN:45,(anonymous_4)
FN:49,(anonymous_5)
FN:78,(anonymous_6)
FNF:7
FNH:7
FNDA:238,resolverAcao
FNDA:238,resolverEntidade
FNDA:447,auditMiddleware
FNDA:400,(anonymous_3)
FNDA:403,(anonymous_4)
FNDA:526,(anonymous_5)
FNDA:7,(anonymous_6)
DA:5,16
DA:7,16
DA:9,16
DA:12,238
DA:13,222
DA:15,218
DA:17,169
DA:20,46
DA:22,3
DA:24,0
DA:29,238
DA:30,238
DA:34,447
DA:35,44
DA:39,403
DA:40,403
DA:41,400
DA:42,400
DA:45,403
DA:46,403
DA:48,288
DA:49,526
DA:51,238
DA:52,238
DA:55,238
DA:59,238
DA:60,238
DA:62,238
DA:64,238
DA:67,238
DA:69,238
DA:79,7
DA:83,403
LF:33
LH:32
BRDA:12,0,0,16
BRDA:12,0,1,222
BRDA:13,1,0,4
BRDA:13,1,1,218
BRDA:15,2,0,169
BRDA:15,2,1,0
BRDA:15,2,2,46
BRDA:15,2,3,3
BRDA:15,2,4,0
BRDA:30,3,0,238
BRDA:30,3,1,0
BRDA:34,4,0,44
BRDA:34,4,1,403
BRDA:46,5,0,115
BRDA:46,5,1,288
BRDA:46,6,0,403
BRDA:46,6,1,403
BRDA:48,7,0,288
BRDA:48,7,1,0
BRDA:49,8,0,50
BRDA:49,8,1,238
BRDA:52,9,0,0
BRDA:52,9,1,238
BRDA:55,10,0,235
BRDA:55,10,1,3
BRDA:55,11,0,238
BRDA:55,11,1,235
BRDA:60,12,0,238
BRDA:60,12,1,3
BRDA:60,12,2,0
BRDA:64,13,0,238
BRDA:64,13,1,83
BRDA:64,13,2,66
BRDA:64,14,0,155
BRDA:64,14,1,83
BRDA:67,15,0,238
BRDA:67,15,1,0
BRDA:76,16,0,238
BRDA:76,16,1,235
BRF:39
BRH:32
end_of_record
TN:
SF:src\common\middlewares\auth-rate-limit.middleware.ts
FN:16,(anonymous_0)
FNF:1
FNH:0
FNDA:0,(anonymous_0)
DA:7,16
DA:9,16
DA:11,16
DA:17,0
LF:4
LH:3
BRF:0
BRH:0
end_of_record
TN:
SF:src\common\middlewares\auth.middleware.ts
FN:8,getStringClaim
FN:14,getNullableStringClaim
FN:24,parseAuthUser
FN:44,authMiddleware
FNF:4
FNH:4
FNDA:1536,getStringClaim
FNDA:384,getNullableStringClaim
FNDA:384,parseAuthUser
FNDA:392,authMiddleware
DA:9,1536
DA:11,1536
DA:15,384
DA:17,384
DA:18,297
DA:21,87
DA:25,384
DA:26,384
DA:27,384
DA:28,384
DA:29,384
DA:31,384
DA:32,0
DA:35,384
DA:45,392
DA:47,392
DA:48,7
DA:57,385
DA:59,385
DA:60,0
DA:69,385
DA:71,385
DA:72,385
DA:74,384
DA:75,0
DA:78,384
DA:80,384
DA:81,0
DA:84,384
DA:86,384
DA:88,1
LF:31
LH:27
BRDA:11,0,0,1536
BRDA:11,0,1,0
BRDA:17,1,0,297
BRDA:17,1,1,87
BRDA:17,2,0,384
BRDA:17,2,1,87
BRDA:21,3,0,87
BRDA:21,3,1,0
BRDA:25,4,0,384
BRDA:25,4,1,0
BRDA:31,5,0,0
BRDA:31,5,1,384
BRDA:31,6,0,384
BRDA:31,6,1,384
BRDA:31,6,2,384
BRDA:31,6,3,384
BRDA:47,7,0,7
BRDA:47,7,1,385
BRDA:59,8,0,0
BRDA:59,8,1,385
BRDA:74,9,0,0
BRDA:74,9,1,384
BRDA:80,10,0,0
BRDA:80,10,1,384
BRF:24
BRH:17
end_of_record
TN:
SF:src\common\middlewares\error-handler.middleware.ts
FN:5,errorHandlerMiddleware
FNF:1
FNH:1
FNDA:127,errorHandlerMiddleware
DA:11,127
DA:12,127
DA:22,0
DA:24,0
LF:4
LH:2
BRDA:11,0,0,127
BRDA:11,0,1,0
BRDA:17,1,0,127
BRDA:17,1,1,0
BRDA:18,2,0,127
BRDA:18,2,1,118
BRDA:29,3,0,0
BRDA:29,3,1,0
BRF:8
BRH:4
end_of_record
TN:
SF:src\common\middlewares\request-context.middleware.ts
FN:4,requestContextMiddleware
FNF:1
FNH:1
FNDA:447,requestContextMiddleware
DA:9,447
DA:11,447
DA:12,447
DA:14,447
LF:4
LH:4
BRF:0
BRH:0
end_of_record
TN:
SF:src\common\middlewares\require-role.middleware.ts
FN:6,requireRole
FN:7,(anonymous_1)
FNF:2
FNH:2
FNDA:688,requireRole
FNDA:335,(anonymous_1)
DA:7,688
DA:8,335
DA:10,335
DA:11,0
DA:14,335
DA:15,26
DA:18,309
LF:7
LH:6
BRDA:10,0,0,0
BRDA:10,0,1,335
BRDA:14,1,0,26
BRDA:14,1,1,309
BRF:4
BRH:3
end_of_record
TN:
SF:src\common\middlewares\validate.middleware.ts
FN:8,validate
FN:9,(anonymous_1)
FNF:2
FNH:2
FNDA:416,validate
FNDA:229,(anonymous_1)
DA:9,416
DA:10,229
DA:11,229
DA:12,220
DA:13,211
DA:15,220
DA:17,9
DA:18,9
DA:27,0
LF:9
LH:8
BRDA:8,0,0,304
BRDA:12,1,0,211
BRDA:12,1,1,9
BRDA:17,2,0,9
BRDA:17,2,1,0
BRF:5
BRH:4
end_of_record
TN:
SF:src\common\types\auth-user.ts
FN:19,isPerfilUsuario
FNF:1
FNH:1
FNDA:384,isPerfilUsuario
DA:1,16
DA:20,384
LF:2
LH:2
BRF:0
BRH:0
end_of_record
TN:
SF:src\common\utils\date.ts
FN:1,formatDateToBR
FNF:1
FNH:1
FNDA:2,formatDateToBR
DA:2,2
DA:4,2
DA:5,1
DA:8,1
DA:9,1
DA:10,1
DA:12,1
LF:7
LH:7
BRDA:4,0,0,1
BRDA:4,0,1,1
BRF:2
BRH:2
end_of_record
TN:
SF:src\common\utils\get-current-user.ts
FN:7,getCurrentUser
FNF:1
FNH:1
FNDA:8,getCurrentUser
DA:8,8
DA:9,0
DA:16,8
LF:3
LH:2
BRDA:8,0,0,0
BRDA:8,0,1,8
BRF:2
BRH:1
end_of_record
TN:
SF:src\common\utils\jwt.ts
FN:5,generateAuthToken
FNF:1
FNH:1
FNDA:3,generateAuthToken
DA:6,3
DA:8,3
DA:9,1
DA:12,2
DA:16,2
DA:21,2
LF:6
LH:6
BRDA:8,0,0,1
BRDA:8,0,1,2
BRDA:12,1,0,2
BRDA:12,1,1,1
BRF:4
BRH:4
end_of_record
TN:
SF:src\common\utils\password.ts
FN:5,hashPassword
FN:9,comparePassword
FNF:2
FNH:2
FNDA:3,hashPassword
FNDA:2,comparePassword
DA:3,1
DA:6,3
DA:10,2
LF:3
LH:3
BRDA:3,0,0,1
BRDA:3,0,1,0
BRF:2
BRH:1
end_of_record
TN:
SF:src\modules\alertas\alertas.controller.ts
FN:7,findAll
FN:30,findMe
FN:55,findById
FN:65,create
FN:74,marcarLido
FN:84,resolver
FN:94,ignorar
FNF:7
FNH:6
FNDA:2,findAll
FNDA:1,findMe
FNDA:0,findById
FNDA:3,create
FNDA:1,marcarLido
FNDA:1,resolver
FNDA:1,ignorar
DA:5,16
DA:8,2
DA:9,2
DA:16,2
DA:23,2
DA:24,2
DA:26,0
DA:31,1
DA:32,1
DA:34,1
DA:35,0
DA:38,1
DA:43,1
DA:48,1
DA:49,1
DA:51,0
DA:56,0
DA:57,0
DA:58,0
DA:59,0
DA:61,0
DA:66,3
DA:67,3
DA:68,3
DA:70,0
DA:75,1
DA:76,1
DA:77,1
DA:78,1
DA:80,0
DA:85,1
DA:86,1
DA:87,1
DA:88,1
DA:90,0
DA:95,1
DA:96,1
DA:97,1
DA:98,1
DA:100,0
LF:40
LH:28
BRDA:17,0,0,2
BRDA:17,0,1,2
BRDA:18,1,0,2
BRDA:18,1,1,0
BRDA:19,2,0,2
BRDA:19,2,1,2
BRDA:20,3,0,2
BRDA:20,3,1,0
BRDA:34,4,0,0
BRDA:34,4,1,1
BRDA:44,5,0,1
BRDA:44,5,1,0
BRDA:45,6,0,1
BRDA:45,6,1,0
BRF:14
BRH:9
end_of_record
TN:
SF:src\modules\alertas\alertas.repository.ts
FN:57,(anonymous_0)
FN:70,(anonymous_1)
FN:77,(anonymous_2)
FN:95,(anonymous_3)
FN:107,(anonymous_4)
FN:151,(anonymous_5)
FN:190,(anonymous_6)
FN:245,(anonymous_7)
FN:256,(anonymous_8)
FNF:9
FNH:9
FNDA:3,(anonymous_0)
FNDA:3,(anonymous_1)
FNDA:3,(anonymous_2)
FNDA:3,(anonymous_3)
FNDA:3,(anonymous_4)
FNDA:2,(anonymous_5)
FNDA:2,(anonymous_6)
FNDA:7,(anonymous_7)
FNDA:7,(anonymous_8)
DA:4,18
DA:39,18
DA:58,3
DA:71,3
DA:78,3
DA:96,3
DA:112,3
DA:121,3
DA:123,0
DA:129,0
DA:135,0
DA:155,2
DA:164,2
DA:166,2
DA:171,2
DA:173,2
DA:191,2
DA:193,2
DA:209,2
DA:211,2
DA:212,9
DA:221,9
DA:223,1
DA:239,1
DA:242,2
DA:246,7
DA:257,7
DA:261,7
DA:262,0
DA:265,7
LF:30
LH:26
BRDA:60,0,0,3
BRDA:60,0,1,2
BRDA:61,1,0,3
BRDA:61,1,1,0
BRDA:62,2,0,3
BRDA:62,2,1,2
BRDA:63,3,0,3
BRDA:63,3,1,1
BRDA:84,4,0,3
BRDA:84,4,1,0
BRDA:85,5,0,3
BRDA:85,5,1,0
BRDA:86,6,0,3
BRDA:86,6,1,0
BRDA:89,7,0,3
BRDA:89,7,1,0
BRDA:100,8,0,3
BRDA:100,8,1,1
BRDA:101,9,0,3
BRDA:101,9,1,1
BRDA:121,10,0,3
BRDA:121,10,1,0
BRDA:129,11,0,0
BRDA:129,11,1,0
BRDA:131,12,0,0
BRDA:131,12,1,0
BRDA:142,13,0,0
BRDA:142,13,1,0
BRDA:144,14,0,0
BRDA:144,14,1,0
BRDA:144,15,0,0
BRDA:144,15,1,0
BRDA:145,16,0,0
BRDA:145,16,1,0
BRDA:164,17,0,0
BRDA:164,17,1,2
BRDA:171,18,0,0
BRDA:171,18,1,2
BRDA:184,19,0,1
BRDA:184,19,1,1
BRDA:195,20,0,2
BRDA:195,20,1,2
BRDA:221,21,0,8
BRDA:221,21,1,1
BRDA:234,22,0,1
BRDA:234,22,1,0
BRDA:261,23,0,0
BRDA:261,23,1,7
BRF:48
BRH:26
end_of_record
TN:
SF:src\modules\alertas\alertas.routes.ts
FNF:0
FNH:0
DA:17,16
DA:19,16
DA:21,16
DA:22,16
DA:23,16
DA:24,16
DA:30,16
DA:31,16
DA:36,16
LF:9
LH:9
BRF:0
BRH:0
end_of_record
TN:
SF:src\modules\alertas\alertas.service.ts
FN:27,(anonymous_0)
FN:32,(anonymous_1)
FN:36,(anonymous_2)
FN:50,(anonymous_3)
FN:54,(anonymous_4)
FN:62,(anonymous_5)
FN:70,(anonymous_6)
FNF:7
FNH:7
FNDA:3,(anonymous_0)
FNDA:1,(anonymous_1)
FNDA:6,(anonymous_2)
FNDA:3,(anonymous_3)
FNDA:2,(anonymous_4)
FNDA:2,(anonymous_5)
FNDA:1,(anonymous_6)
DA:25,20
DA:28,3
DA:29,3
DA:33,1
DA:37,6
DA:39,6
DA:40,1
DA:47,5
DA:51,3
DA:55,2
DA:56,2
DA:63,2
DA:64,2
DA:71,1
DA:72,1
LF:15
LH:15
BRDA:39,0,0,1
BRDA:39,0,1,5
BRF:2
BRH:2
end_of_record
TN:
SF:src\modules\alertas\dto\create-alerta.dto.ts
FNF:0
FNH:0
DA:3,16
LF:1
LH:1
BRF:0
BRH:0
end_of_record
TN:
SF:src\modules\alertas\dto\list-alertas.dto.ts
FNF:0
FNH:0
DA:3,16
LF:1
LH:1
BRF:0
BRH:0
end_of_record
TN:
SF:src\modules\apontamentos-os\apontamentos-os.controller.ts
FN:8,findByOrdemServico
FN:18,findById
FN:28,create
FN:65,update
FN:75,encerrar
FN:85,remove
FNF:6
FNH:3
FNDA:0,findByOrdemServico
FNDA:0,findById
FNDA:41,create
FNDA:0,update
FNDA:30,encerrar
FNDA:2,remove
DA:6,16
DA:9,0
DA:10,0
DA:11,0
DA:12,0
DA:14,0
DA:19,0
DA:20,0
DA:21,0
DA:22,0
DA:24,0
DA:29,41
DA:30,41
DA:31,41
DA:33,41
DA:34,2
DA:41,39
DA:43,39
DA:44,0
DA:51,39
DA:59,20
DA:61,21
DA:66,0
DA:67,0
DA:68,0
DA:69,0
DA:71,0
DA:76,30
DA:77,30
DA:78,30
DA:79,13
DA:81,17
DA:86,2
DA:87,2
DA:88,2
DA:89,1
DA:91,1
LF:37
LH:21
BRDA:33,0,0,2
BRDA:33,0,1,39
BRDA:43,1,0,0
BRDA:43,1,1,39
BRDA:55,2,0,39
BRDA:55,2,1,2
BRDA:56,3,0,39
BRDA:56,3,1,12
BRF:8
BRH:7
end_of_record
TN:
SF:src\modules\apontamentos-os\apontamentos-os.repository.ts
FN:36,(anonymous_0)
FN:44,(anonymous_1)
FN:51,(anonymous_2)
FN:58,(anonymous_3)
FN:73,(anonymous_4)
FN:81,(anonymous_5)
FN:82,(anonymous_6)
FN:104,(anonymous_7)
FN:105,(anonymous_8)
FN:117,(anonymous_9)
FN:127,(anonymous_10)
FNF:11
FNH:9
FNDA:0,(anonymous_0)
FNDA:32,(anonymous_1)
FNDA:37,(anonymous_2)
FNDA:20,(anonymous_3)
FNDA:0,(anonymous_4)
FNDA:13,(anonymous_5)
FNDA:13,(anonymous_6)
FNDA:1,(anonymous_7)
FNDA:1,(anonymous_8)
FNDA:14,(anonymous_9)
FNDA:14,(anonymous_10)
DA:21,16
DA:37,0
DA:45,32
DA:52,37
DA:59,20
DA:74,0
DA:82,13
DA:83,13
DA:88,13
DA:98,13
DA:100,13
DA:105,1
DA:106,1
DA:111,1
DA:113,1
DA:121,14
DA:126,14
DA:127,14
DA:131,14
DA:136,14
DA:138,14
LF:21
LH:19
BRDA:64,0,0,20
BRDA:64,0,1,2
BRDA:65,1,0,20
BRDA:65,1,1,7
BRDA:93,2,0,13
BRDA:93,2,1,5
BRDA:127,3,0,14
BRDA:127,3,1,8
BRF:8
BRH:8
end_of_record
TN:
SF:src\modules\apontamentos-os\apontamentos-os.routes.ts
FNF:0
FNH:0
DA:6,16
DA:8,16
DA:10,16
DA:11,16
DA:12,16
DA:13,16
LF:6
LH:6
BRF:0
BRH:0
end_of_record
TN:
SF:src\modules\apontamentos-os\apontamentos-os.service.ts
FN:31,(anonymous_0)
FN:35,(anonymous_1)
FN:43,(anonymous_2)
FN:67,(anonymous_3)
FN:85,(anonymous_4)
FN:103,(anonymous_5)
FNF:6
FNH:4
FNDA:0,(anonymous_0)
FNDA:32,(anonymous_1)
FNDA:39,(anonymous_2)
FNDA:0,(anonymous_3)
FNDA:30,(anonymous_4)
FNDA:2,(anonymous_5)
DA:28,16
DA:29,16
DA:32,0
DA:36,32
DA:38,32
DA:40,16
DA:44,39
DA:46,39
DA:47,2
DA:54,37
DA:56,37
DA:57,17
DA:64,20
DA:68,0
DA:70,0
DA:72,0
DA:73,0
DA:75,0
DA:77,0
DA:86,30
DA:88,15
DA:90,14
DA:91,14
DA:93,14
DA:95,13
DA:97,13
DA:98,13
DA:100,13
DA:104,2
DA:105,1
LF:30
LH:23
BRDA:38,0,0,16
BRDA:38,0,1,16
BRDA:46,1,0,2
BRDA:46,1,1,37
BRDA:56,2,0,17
BRDA:56,2,1,20
BRDA:70,3,0,0
BRDA:70,3,1,0
BRDA:72,4,0,0
BRDA:72,4,1,0
BRDA:73,5,0,0
BRDA:73,5,1,0
BRDA:75,6,0,0
BRDA:75,6,1,0
BRDA:75,7,0,0
BRDA:75,7,1,0
BRDA:78,8,0,0
BRDA:78,8,1,0
BRDA:79,9,0,0
BRDA:79,9,1,0
BRDA:80,10,0,0
BRDA:80,10,1,0
BRDA:81,11,0,0
BRDA:81,11,1,0
BRDA:88,12,0,1
BRDA:88,12,1,14
BRDA:90,13,0,4
BRDA:90,13,1,10
BRDA:93,14,0,1
BRDA:93,14,1,13
BRDA:97,15,0,5
BRDA:97,15,1,8
BRDA:98,16,0,5
BRDA:98,16,1,8
BRF:34
BRH:16
end_of_record
TN:
SF:src\modules\ativos\ativos.controller.ts
FN:7,findAll
FN:34,findById
FN:44,create
FN:53,update
FN:63,updateStatus
FN:74,remove
FNF:6
FNH:3
FNDA:2,findAll
FNDA:0,findById
FNDA:9,create
FNDA:2,update
FNDA:0,updateStatus
FNDA:0,remove
DA:5,16
DA:8,2
DA:9,2
DA:18,2
DA:27,2
DA:28,2
DA:30,0
DA:35,0
DA:36,0
DA:37,0
DA:38,0
DA:40,0
DA:45,9
DA:46,9
DA:47,8
DA:49,1
DA:54,2
DA:55,2
DA:56,2
DA:57,2
DA:59,0
DA:64,0
DA:65,0
DA:66,0
DA:67,0
DA:68,0
DA:70,0
DA:75,0
DA:76,0
DA:77,0
DA:78,0
DA:80,0
LF:32
LH:14
BRDA:19,0,0,2
BRDA:19,0,1,1
BRDA:20,1,0,2
BRDA:20,1,1,0
BRDA:21,2,0,2
BRDA:21,2,1,0
BRDA:22,3,0,2
BRDA:22,3,1,0
BRDA:23,4,0,2
BRDA:23,4,1,0
BRDA:24,5,0,2
BRDA:24,5,1,0
BRF:12
BRH:7
end_of_record
TN:
SF:src\modules\ativos\ativos.policy.ts
FN:3,canReadAtivo
FN:7,canCreateAtivo
FN:11,canUpdateAtivo
FN:15,canDeleteAtivo
FNF:4
FNH:0
FNDA:0,canReadAtivo
FNDA:0,canCreateAtivo
FNDA:0,canUpdateAtivo
FNDA:0,canDeleteAtivo
DA:4,0
DA:8,0
DA:12,0
DA:16,0
LF:4
LH:0
BRDA:8,0,0,0
BRDA:8,0,1,0
BRDA:12,1,0,0
BRDA:12,1,1,0
BRF:4
BRH:0
end_of_record
TN:
SF:src\modules\ativos\ativos.repository.ts
FN:48,(anonymous_0)
FN:85,(anonymous_1)
FN:110,(anonymous_2)
FN:117,(anonymous_3)
FN:158,(anonymous_4)
FN:184,(anonymous_5)
FN:192,(anonymous_6)
FNF:7
FNH:5
FNDA:2,(anonymous_0)
FNDA:2,(anonymous_1)
FNDA:9,(anonymous_2)
FNDA:8,(anonymous_3)
FNDA:2,(anonymous_4)
FNDA:0,(anonymous_5)
FNDA:0,(anonymous_6)
DA:49,2
DA:86,2
DA:111,9
DA:118,8
DA:159,2
DA:185,0
DA:193,0
LF:7
LH:5
BRDA:51,0,0,2
BRDA:51,0,1,1
BRDA:52,1,0,2
BRDA:52,1,1,0
BRDA:53,2,0,2
BRDA:53,2,1,0
BRDA:54,3,0,2
BRDA:54,3,1,0
BRDA:55,4,0,2
BRDA:55,4,1,0
BRDA:56,5,0,2
BRDA:56,5,1,0
BRDA:124,6,0,8
BRDA:124,6,1,0
BRDA:125,7,0,8
BRDA:125,7,1,0
BRDA:126,8,0,8
BRDA:126,8,1,1
BRDA:127,9,0,8
BRDA:127,9,1,1
BRDA:128,10,0,8
BRDA:128,10,1,0
BRDA:129,11,0,8
BRDA:129,11,1,0
BRDA:130,12,0,8
BRDA:130,12,1,0
BRDA:131,13,0,8
BRDA:131,13,1,0
BRDA:132,14,0,8
BRDA:132,14,1,0
BRDA:133,15,0,8
BRDA:133,15,1,0
BRDA:134,16,0,8
BRDA:134,16,1,0
BRF:34
BRH:20
end_of_record
TN:
SF:src\modules\ativos\ativos.routes.ts
FNF:0
FNH:0
DA:11,16
DA:13,16
DA:15,16
DA:16,16
DA:17,16
DA:18,16
DA:19,16
DA:20,16
LF:8
LH:8
BRF:0
BRH:0
end_of_record
TN:
SF:src\modules\ativos\ativos.service.ts
FN:54,(anonymous_0)
FN:58,(anonymous_1)
FN:66,(anonymous_2)
FN:74,(anonymous_3)
FN:85,(anonymous_4)
FN:100,(anonymous_5)
FNF:6
FNH:4
FNDA:2,(anonymous_0)
FNDA:2,(anonymous_1)
FNDA:9,(anonymous_2)
FNDA:2,(anonymous_3)
FNDA:0,(anonymous_4)
FNDA:0,(anonymous_5)
DA:51,16
DA:52,16
DA:55,2
DA:59,2
DA:61,2
DA:63,2
DA:67,9
DA:69,9
DA:71,8
DA:75,2
DA:77,2
DA:78,0
DA:79,0
DA:82,2
DA:86,0
DA:88,0
DA:90,0
DA:91,0
DA:97,0
DA:101,0
DA:102,0
LF:21
LH:12
BRDA:61,0,0,0
BRDA:61,0,1,2
BRDA:69,1,0,1
BRDA:69,1,1,8
BRDA:77,2,0,0
BRDA:77,2,1,2
BRDA:77,3,0,2
BRDA:77,3,1,0
BRDA:79,4,0,0
BRDA:79,4,1,0
BRDA:90,5,0,0
BRDA:90,5,1,0
BRF:12
BRH:5
end_of_record
TN:
SF:src\modules\ativos\dto\create-ativo.dto.ts
FNF:0
FNH:0
DA:3,16
LF:1
LH:1
BRF:0
BRH:0
end_of_record
TN:
SF:src\modules\ativos\dto\list-ativos.dto.ts
FNF:0
FNH:0
DA:3,16
LF:1
LH:1
BRF:0
BRH:0
end_of_record
TN:
SF:src\modules\ativos\dto\update-ativo.dto.ts
FNF:0
FNH:0
DA:3,16
DA:21,16
LF:2
LH:2
BRF:0
BRH:0
end_of_record
TN:
SF:src\modules\auditoria\auditoria.controller.ts
FN:7,findAll
FN:35,findById
FNF:2
FNH:1
FNDA:3,findAll
FNDA:0,findById
DA:5,16
DA:8,3
DA:10,3
DA:19,3
DA:28,3
DA:29,3
DA:31,0
DA:36,0
DA:37,0
DA:38,0
DA:39,0
DA:41,0
LF:12
LH:6
BRDA:20,0,0,3
BRDA:20,0,1,0
BRDA:21,1,0,3
BRDA:21,1,1,0
BRDA:22,2,0,3
BRDA:22,2,1,2
BRDA:23,3,0,3
BRDA:23,3,1,2
BRDA:24,4,0,3
BRDA:24,4,1,1
BRDA:25,5,0,3
BRDA:25,5,1,0
BRF:12
BRH:9
end_of_record
TN:
SF:src\modules\auditoria\auditoria.repository.ts
FN:45,(anonymous_0)
FN:64,(anonymous_1)
FN:79,(anonymous_2)
FNF:3
FNH:2
FNDA:238,(anonymous_0)
FNDA:3,(anonymous_1)
FNDA:0,(anonymous_2)
DA:24,16
DA:46,238
DA:65,3
DA:80,0
LF:4
LH:3
BRDA:51,0,0,238
BRDA:51,0,1,172
BRDA:52,1,0,238
BRDA:52,1,1,238
BRDA:53,2,0,238
BRDA:53,2,1,0
BRDA:56,3,0,238
BRDA:56,3,1,235
BRDA:67,4,0,3
BRDA:67,4,1,0
BRDA:68,5,0,3
BRDA:68,5,1,0
BRDA:69,6,0,3
BRDA:69,6,1,2
BRDA:70,7,0,3
BRDA:70,7,1,2
BRDA:71,8,0,3
BRDA:71,8,1,1
BRDA:74,9,0,3
BRDA:74,9,1,3
BRF:20
BRH:17
end_of_record
TN:
SF:src\modules\auditoria\auditoria.routes.ts
FNF:0
FNH:0
DA:8,16
DA:10,16
DA:12,16
DA:18,16
LF:4
LH:4
BRF:0
BRH:0
end_of_record
TN:
SF:src\modules\auditoria\auditoria.service.ts
FN:28,(anonymous_0)
FN:32,(anonymous_1)
FN:36,(anonymous_2)
FNF:3
FNH:3
FNDA:239,(anonymous_0)
FNDA:4,(anonymous_1)
FNDA:1,(anonymous_2)
DA:26,35
DA:29,239
DA:33,4
DA:37,1
DA:39,1
DA:40,1
DA:47,0
LF:7
LH:6
BRDA:39,0,0,1
BRDA:39,0,1,0
BRF:2
BRH:1
end_of_record
TN:
SF:src\modules\auditoria\dto\list-auditoria.dto.ts
FNF:0
FNH:0
DA:3,16
LF:1
LH:1
BRF:0
BRH:0
end_of_record
TN:
SF:src\modules\dashboard\dashboard.controller.ts
FN:6,getEmpresaId
FN:12,getResumo
FN:22,getAtivos
FN:32,getOrdensServico
FN:42,getMateriais
FN:52,getCustos
FNF:6
FNH:6
FNDA:7,getEmpresaId
FNDA:3,getResumo
FNDA:1,getAtivos
FNDA:1,getOrdensServico
FNDA:1,getMateriais
FNDA:1,getCustos
DA:4,17
DA:7,7
DA:8,7
DA:9,1
DA:13,3
DA:14,3
DA:15,3
DA:16,2
DA:18,1
DA:23,1
DA:24,1
DA:25,1
DA:26,1
DA:28,0
DA:33,1
DA:34,1
DA:35,1
DA:36,1
DA:38,0
DA:43,1
DA:44,1
DA:45,1
DA:46,1
DA:48,0
DA:53,1
DA:54,1
DA:55,1
DA:56,1
DA:58,0
LF:29
LH:25
BRDA:8,0,0,6
BRDA:8,0,1,1
BRDA:9,1,0,1
BRDA:9,1,1,0
BRF:4
BRH:3
end_of_record
TN:
SF:src\modules\dashboard\dashboard.repository.ts
FN:4,(anonymous_0)
FN:10,(anonymous_1)
FN:16,(anonymous_2)
FN:26,(anonymous_3)
FN:32,(anonymous_4)
FN:49,(anonymous_5)
FN:60,(anonymous_6)
FN:76,(anonymous_7)
FN:92,(anonymous_8)
FNF:9
FNH:0
FNDA:0,(anonymous_0)
FNDA:0,(anonymous_1)
FNDA:0,(anonymous_2)
FNDA:0,(anonymous_3)
FNDA:0,(anonymous_4)
FNDA:0,(anonymous_5)
FNDA:0,(anonymous_6)
FNDA:0,(anonymous_7)
FNDA:0,(anonymous_8)
DA:5,0
DA:11,0
DA:17,0
DA:27,0
DA:33,0
DA:42,0
DA:50,0
DA:57,0
DA:61,0
DA:67,0
DA:73,0
DA:77,0
DA:83,0
DA:89,0
DA:93,0
LF:15
LH:0
BRDA:43,0,0,0
BRDA:43,0,1,0
BRDA:44,1,0,0
BRDA:44,1,1,0
BRDA:45,2,0,0
BRDA:45,2,1,0
BRDA:57,3,0,0
BRDA:57,3,1,0
BRF:8
BRH:0
end_of_record
TN:
SF:src\modules\dashboard\dashboard.routes.ts
FNF:0
FNH:0
DA:12,16
DA:14,16
DA:16,16
DA:17,16
DA:18,16
DA:19,16
DA:20,16
LF:7
LH:7
BRF:0
BRH:0
end_of_record
TN:
SF:src\modules\dashboard\dashboard.service.ts
FN:6,(anonymous_0)
FN:37,(anonymous_1)
FN:41,(anonymous_2)
FN:46,(anonymous_3)
FN:54,(anonymous_4)
FN:58,(anonymous_5)
FN:63,(anonymous_6)
FN:71,(anonymous_7)
FN:76,(anonymous_8)
FN:86,(anonymous_9)
FNF:10
FNH:10
FNDA:1,(anonymous_0)
FNDA:1,(anonymous_1)
FNDA:2,(anonymous_2)
FNDA:2,(anonymous_3)
FNDA:1,(anonymous_4)
FNDA:2,(anonymous_5)
FNDA:2,(anonymous_6)
FNDA:1,(anonymous_7)
FNDA:1,(anonymous_8)
FNDA:1,(anonymous_9)
DA:3,18
DA:7,1
DA:16,1
DA:25,1
DA:39,1
DA:41,2
DA:46,2
DA:51,1
DA:56,1
DA:58,2
DA:63,2
DA:68,1
DA:73,1
DA:75,1
DA:76,1
DA:87,1
LF:16
LH:16
BRF:0
BRH:0
end_of_record
TN:
SF:src\modules\empresas\empresas.controller.ts
FN:6,findAll
FN:22,findById
FN:36,create
FN:46,update
FN:57,remove
FNF:5
FNH:5
FNDA:1,findAll
FNDA:2,findById
FNDA:3,create
FNDA:2,update
FNDA:2,remove
DA:4,16
DA:7,1
DA:8,1
DA:10,1
DA:15,1
DA:16,1
DA:18,0
DA:27,2
DA:28,2
DA:29,2
DA:30,1
DA:32,1
DA:37,3
DA:38,3
DA:39,3
DA:40,1
DA:42,2
DA:47,2
DA:48,2
DA:49,2
DA:50,2
DA:51,1
DA:53,1
DA:58,2
DA:59,2
DA:60,2
DA:61,2
DA:62,1
DA:64,1
LF:29
LH:28
BRDA:11,0,0,1
BRDA:11,0,1,0
BRDA:12,1,0,1
BRDA:12,1,1,0
BRF:4
BRH:2
end_of_record
TN:
SF:src\modules\empresas\empresas.policy.ts
FN:7,canReadEmpresa
FN:12,canCreateEmpresa
FN:22,canUpdateEmpresa
FN:32,canDeleteEmpresa
FNF:4
FNH:4
FNDA:2,canReadEmpresa
FNDA:9,canCreateEmpresa
FNDA:6,canUpdateEmpresa
FNDA:6,canDeleteEmpresa
DA:9,2
DA:13,9
DA:14,5
DA:23,6
DA:24,3
DA:33,6
DA:34,3
LF:7
LH:7
BRDA:13,0,0,5
BRDA:13,0,1,4
BRDA:23,1,0,3
BRDA:23,1,1,3
BRDA:33,2,0,3
BRDA:33,2,1,3
BRF:6
BRH:6
end_of_record
TN:
SF:src\modules\empresas\empresas.repository.ts
FN:21,(anonymous_0)
FN:39,(anonymous_1)
FN:52,(anonymous_2)
FN:59,(anonymous_3)
FN:72,(anonymous_4)
FN:86,(anonymous_5)
FNF:6
FNH:6
FNDA:1,(anonymous_0)
FNDA:4,(anonymous_1)
FNDA:1,(anonymous_2)
FNDA:1,(anonymous_3)
FNDA:1,(anonymous_4)
FNDA:1,(anonymous_5)
DA:22,1
DA:40,4
DA:53,1
DA:60,1
DA:73,1
DA:87,1
LF:6
LH:6
BRDA:24,0,0,1
BRDA:24,0,1,0
BRDA:25,1,0,1
BRDA:25,1,1,0
BRF:4
BRH:2
end_of_record
TN:
SF:src\modules\empresas\empresas.routes.ts
FNF:0
FNH:0
DA:9,16
DA:11,16
DA:13,16
DA:14,16
DA:15,16
DA:16,16
DA:17,16
LF:7
LH:7
BRF:0
BRH:0
end_of_record
TN:
SF:src\modules\empresas\empresas.service.ts
FN:35,(anonymous_0)
FN:39,(anonymous_1)
FN:52,(anonymous_2)
FN:70,(anonymous_3)
FN:90,(anonymous_4)
FNF:5
FNH:5
FNDA:1,(anonymous_0)
FNDA:8,(anonymous_1)
FNDA:7,(anonymous_2)
FNDA:4,(anonymous_3)
FNDA:4,(anonymous_4)
DA:33,26
DA:36,1
DA:40,8
DA:42,8
DA:43,2
DA:49,6
DA:53,7
DA:55,3
DA:56,3
DA:59,3
DA:60,1
DA:67,2
DA:71,4
DA:73,2
DA:75,2
DA:77,0
DA:78,0
DA:79,0
DA:87,2
DA:91,4
DA:93,2
DA:94,2
LF:22
LH:19
BRDA:42,0,0,2
BRDA:42,0,1,6
BRDA:55,1,0,3
BRDA:55,1,1,0
BRDA:59,2,0,1
BRDA:59,2,1,2
BRDA:75,3,0,0
BRDA:75,3,1,2
BRDA:78,4,0,0
BRDA:78,4,1,0
BRDA:78,5,0,0
BRDA:78,5,1,0
BRF:12
BRH:6
end_of_record
TN:
SF:src\modules\empresas\dto\create-empresa.dto.ts
FNF:0
FNH:0
DA:3,16
LF:1
LH:1
BRF:0
BRH:0
end_of_record
TN:
SF:src\modules\empresas\dto\list-empresas.dto.ts
FN:7,(anonymous_0)
FNF:1
FNH:0
FNDA:0,(anonymous_0)
DA:3,16
DA:7,0
LF:2
LH:1
BRF:0
BRH:0
end_of_record
TN:
SF:src\modules\empresas\dto\update-empresa.dto.ts
FNF:0
FNH:0
DA:3,16
LF:1
LH:1
BRF:0
BRH:0
end_of_record
TN:
SF:src\modules\localizacoes\localizacoes.controller.ts
FN:6,findAll
FN:28,findById
FN:43,create
FN:53,update
FN:64,remove
FNF:5
FNH:5
FNDA:1,findAll
FNDA:2,findById
FNDA:4,create
FNDA:2,update
FNDA:2,remove
DA:4,16
DA:7,1
DA:8,1
DA:9,1
DA:15,1
DA:21,1
DA:22,1
DA:24,0
DA:33,2
DA:34,2
DA:35,2
DA:36,2
DA:37,1
DA:39,1
DA:44,4
DA:45,4
DA:46,4
DA:47,2
DA:49,2
DA:54,2
DA:55,2
DA:56,2
DA:57,2
DA:58,1
DA:60,1
DA:65,2
DA:66,2
DA:67,2
DA:68,2
DA:69,1
DA:71,1
LF:31
LH:30
BRDA:16,0,0,1
BRDA:16,0,1,0
BRDA:17,1,0,1
BRDA:17,1,1,0
BRDA:18,2,0,1
BRDA:18,2,1,0
BRF:6
BRH:3
end_of_record
TN:
SF:src\modules\localizacoes\localizacoes.policy.ts
FN:7,canReadLocalizacao
FN:12,canCreateLocalizacao
FN:22,canUpdateLocalizacao
FN:32,canDeleteLocalizacao
FNF:4
FNH:4
FNDA:2,canReadLocalizacao
FNDA:11,canCreateLocalizacao
FNDA:8,canUpdateLocalizacao
FNDA:7,canDeleteLocalizacao
DA:9,2
DA:13,11
DA:14,5
DA:23,8
DA:24,3
DA:33,7
DA:34,3
LF:7
LH:7
BRDA:13,0,0,5
BRDA:13,0,1,6
BRDA:13,1,0,11
BRDA:13,1,1,9
BRDA:23,2,0,3
BRDA:23,2,1,5
BRDA:23,3,0,8
BRDA:23,3,1,6
BRDA:33,4,0,3
BRDA:33,4,1,4
BRDA:33,5,0,7
BRDA:33,5,1,4
BRF:12
BRH:12
end_of_record
TN:
SF:src\modules\localizacoes\localizacoes.repository.ts
FN:25,(anonymous_0)
FN:47,(anonymous_1)
FN:63,(anonymous_2)
FN:70,(anonymous_3)
FN:86,(anonymous_4)
FN:103,(anonymous_5)
FNF:6
FNH:6
FNDA:1,(anonymous_0)
FNDA:4,(anonymous_1)
FNDA:2,(anonymous_2)
FNDA:2,(anonymous_3)
FNDA:1,(anonymous_4)
FNDA:1,(anonymous_5)
DA:26,1
DA:48,4
DA:64,2
DA:71,2
DA:87,1
DA:104,1
LF:6
LH:6
BRDA:28,0,0,1
BRDA:28,0,1,0
BRDA:29,1,0,1
BRDA:29,1,1,0
BRDA:30,2,0,1
BRDA:30,2,1,0
BRF:6
BRH:3
end_of_record
TN:
SF:src\modules\localizacoes\localizacoes.routes.ts
FNF:0
FNH:0
DA:15,16
DA:17,16
DA:19,16
DA:20,16
DA:21,16
DA:22,16
DA:23,16
LF:7
LH:7
BRF:0
BRH:0
end_of_record
TN:
SF:src\modules\localizacoes\localizacoes.service.ts
FN:37,(anonymous_0)
FN:56,(anonymous_1)
FN:81,(anonymous_2)
FN:111,(anonymous_3)
FN:133,(anonymous_4)
FNF:5
FNH:5
FNDA:4,(anonymous_0)
FNDA:10,(anonymous_1)
FNDA:8,(anonymous_2)
FNDA:5,(anonymous_3)
FNDA:4,(anonymous_4)
DA:35,31
DA:38,4
DA:39,0
DA:47,4
DA:49,4
DA:57,10
DA:59,10
DA:60,2
DA:67,8
DA:71,1
DA:78,7
DA:82,8
DA:85,4
DA:87,4
DA:88,0
DA:95,4
DA:96,4
DA:100,4
DA:101,1
DA:108,3
DA:112,5
DA:114,3
DA:116,3
DA:117,0
DA:121,0
DA:122,0
DA:130,3
DA:134,4
DA:136,2
DA:137,2
LF:30
LH:25
BRDA:38,0,0,0
BRDA:38,0,1,4
BRDA:38,1,0,4
BRDA:38,1,1,2
BRDA:47,2,0,2
BRDA:47,2,1,2
BRDA:47,3,0,2
BRDA:47,3,1,0
BRDA:50,4,0,4
BRDA:50,4,1,0
BRDA:51,5,0,4
BRDA:51,5,1,0
BRDA:52,6,0,4
BRDA:52,6,1,2
BRDA:59,7,0,2
BRDA:59,7,1,8
BRDA:67,8,0,1
BRDA:67,8,1,7
BRDA:68,9,0,8
BRDA:68,9,1,4
BRDA:87,10,0,0
BRDA:87,10,1,4
BRDA:95,11,0,4
BRDA:95,11,1,0
BRDA:100,12,0,1
BRDA:100,12,1,3
BRDA:116,13,0,0
BRDA:116,13,1,3
BRDA:116,14,0,3
BRDA:116,14,1,0
BRDA:121,15,0,0
BRDA:121,15,1,0
BRDA:121,16,0,0
BRDA:121,16,1,0
BRF:34
BRH:22
end_of_record
TN:
SF:src\modules\localizacoes\dto\create-localizacao.dto.ts
FNF:0
FNH:0
DA:3,16
LF:1
LH:1
BRF:0
BRH:0
end_of_record
TN:
SF:src\modules\localizacoes\dto\list-localizacoes.dto.ts
FNF:0
FNH:0
DA:3,16
LF:1
LH:1
BRF:0
BRH:0
end_of_record
TN:
SF:src\modules\localizacoes\dto\update-localizacao.dto.ts
FNF:0
FNH:0
DA:3,16
LF:1
LH:1
BRF:0
BRH:0
end_of_record
TN:
SF:src\modules\materiais\materiais.controller.ts
FN:6,findAll
FN:29,findById
FN:39,create
FN:48,update
FN:58,updateEstoque
FN:68,remove
FNF:6
FNH:3
FNDA:0,findAll
FNDA:0,findById
FNDA:36,create
FNDA:2,update
FNDA:16,updateEstoque
FNDA:0,remove
DA:4,16
DA:7,0
DA:8,0
DA:15,0
DA:22,0
DA:23,0
DA:25,0
DA:30,0
DA:31,0
DA:32,0
DA:33,0
DA:35,0
DA:40,36
DA:41,36
DA:42,34
DA:44,2
DA:49,2
DA:50,2
DA:51,2
DA:52,2
DA:54,0
DA:59,16
DA:60,16
DA:61,16
DA:62,10
DA:64,6
DA:69,0
DA:70,0
DA:71,0
DA:72,0
DA:74,0
LF:31
LH:14
BRDA:16,0,0,0
BRDA:16,0,1,0
BRDA:17,1,0,0
BRDA:17,1,1,0
BRDA:18,2,0,0
BRDA:18,2,1,0
BRDA:19,3,0,0
BRDA:19,3,1,0
BRF:8
BRH:0
end_of_record
TN:
SF:src\modules\materiais\materiais.policy.ts
FN:3,canReadMaterial
FN:7,canCreateMaterial
FN:11,canUpdateMaterial
FN:15,canDeleteMaterial
FNF:4
FNH:4
FNDA:2,canReadMaterial
FNDA:3,canCreateMaterial
FNDA:3,canUpdateMaterial
FNDA:3,canDeleteMaterial
DA:4,2
DA:8,3
DA:12,3
DA:16,3
LF:4
LH:4
BRDA:8,0,0,3
BRDA:8,0,1,2
BRDA:12,1,0,3
BRDA:12,1,1,2
BRF:4
BRH:4
end_of_record
TN:
SF:src\modules\materiais\materiais.repository.ts
FN:34,(anonymous_0)
FN:64,(anonymous_1)
FN:74,(anonymous_2)
FN:93,(anonymous_3)
FN:100,(anonymous_4)
FN:129,(anonymous_5)
FN:149,(anonymous_6)
FN:161,(anonymous_7)
FNF:8
FNH:5
FNDA:0,(anonymous_0)
FNDA:0,(anonymous_1)
FNDA:18,(anonymous_2)
FNDA:36,(anonymous_3)
FNDA:34,(anonymous_4)
FNDA:2,(anonymous_5)
FNDA:10,(anonymous_6)
FNDA:0,(anonymous_7)
DA:35,0
DA:62,0
DA:63,0
DA:65,0
DA:71,0
DA:75,18
DA:94,36
DA:101,34
DA:130,2
DA:150,10
DA:162,0
LF:11
LH:5
BRDA:37,0,0,0
BRDA:37,0,1,0
BRDA:38,1,0,0
BRDA:38,1,1,0
BRDA:39,2,0,0
BRDA:39,2,1,0
BRDA:62,3,0,0
BRDA:62,3,1,0
BRDA:106,4,0,34
BRDA:106,4,1,0
BRDA:107,5,0,34
BRDA:107,5,1,34
BRDA:108,6,0,34
BRDA:108,6,1,32
BRDA:109,7,0,34
BRDA:109,7,1,32
BRDA:110,8,0,34
BRDA:110,8,1,31
BRDA:111,9,0,34
BRDA:111,9,1,31
BRF:20
BRH:11
end_of_record
TN:
SF:src\modules\materiais\materiais.routes.ts
FNF:0
FNH:0
DA:10,16
DA:12,16
DA:14,16
DA:15,16
DA:16,16
DA:17,16
DA:18,16
DA:19,16
LF:8
LH:8
BRF:0
BRH:0
end_of_record
TN:
SF:src\modules\materiais\materiais.service.ts
FN:47,(anonymous_0)
FN:51,(anonymous_1)
FN:65,(anonymous_2)
FN:98,(anonymous_3)
FN:135,(anonymous_4)
FN:206,(anonymous_5)
FNF:6
FNH:4
FNDA:0,(anonymous_0)
FNDA:20,(anonymous_1)
FNDA:38,(anonymous_2)
FNDA:2,(anonymous_3)
FNDA:17,(anonymous_4)
FNDA:0,(anonymous_5)
DA:44,20
DA:45,20
DA:48,0
DA:52,20
DA:54,20
DA:55,3
DA:62,17
DA:66,38
DA:71,38
DA:72,3
DA:79,35
DA:81,35
DA:82,35
DA:84,35
DA:85,8
DA:95,35
DA:99,2
DA:101,2
DA:102,0
DA:107,0
DA:108,0
DA:116,2
DA:118,2
DA:119,2
DA:121,2
DA:122,0
DA:132,2
DA:136,17
DA:138,15
DA:142,15
DA:143,4
DA:144,0
DA:151,4
DA:152,11
DA:153,7
DA:154,0
DA:161,7
DA:163,7
DA:164,3
DA:171,4
DA:173,4
DA:174,2
DA:181,2
DA:184,10
DA:189,10
DA:190,10
DA:192,10
DA:193,0
DA:203,10
DA:207,0
DA:208,0
LF:51
LH:41
BRDA:54,0,0,3
BRDA:54,0,1,17
BRDA:71,1,0,3
BRDA:71,1,1,35
BRDA:81,2,0,35
BRDA:81,2,1,0
BRDA:82,3,0,35
BRDA:82,3,1,0
BRDA:84,4,0,8
BRDA:84,4,1,27
BRDA:101,5,0,0
BRDA:101,5,1,2
BRDA:101,6,0,2
BRDA:101,6,1,0
BRDA:107,7,0,0
BRDA:107,7,1,0
BRDA:118,8,0,2
BRDA:118,8,1,0
BRDA:119,9,0,2
BRDA:119,9,1,0
BRDA:121,10,0,0
BRDA:121,10,1,2
BRDA:138,11,0,15
BRDA:138,11,1,0
BRDA:142,12,0,4
BRDA:142,12,1,11
BRDA:143,13,0,0
BRDA:143,13,1,4
BRDA:143,14,0,4
BRDA:143,14,1,4
BRDA:152,15,0,7
BRDA:152,15,1,4
BRDA:153,16,0,0
BRDA:153,16,1,7
BRDA:153,17,0,7
BRDA:153,17,1,7
BRDA:163,18,0,3
BRDA:163,18,1,4
BRDA:173,19,0,2
BRDA:173,19,1,2
BRDA:173,20,0,4
BRDA:173,20,1,2
BRDA:192,21,0,0
BRDA:192,21,1,10
BRF:44
BRH:31
end_of_record
TN:
SF:src\modules\materiais\dto\create-material.dto.ts
FNF:0
FNH:0
DA:3,16
LF:1
LH:1
BRF:0
BRH:0
end_of_record
TN:
SF:src\modules\materiais\dto\list-materiais.dto.ts
FNF:0
FNH:0
DA:3,16
LF:1
LH:1
BRF:0
BRH:0
end_of_record
TN:
SF:src\modules\materiais\dto\update-material.dto.ts
FNF:0
FNH:0
DA:3,16
DA:13,16
LF:2
LH:2
BRF:0
BRH:0
end_of_record
TN:
SF:src\modules\ordens-servico\ordens-servico.controller.ts
FN:9,findAll
FN:37,findById
FN:47,create
FN:56,update
FN:66,iniciar
FN:85,aguardarPeca
FN:104,retomar
FN:123,encerrar
FN:152,cancelar
FNF:9
FNH:7
FNDA:0,findAll
FNDA:10,findById
FNDA:79,create
FNDA:0,update
FNDA:12,iniciar
FNDA:4,aguardarPeca
FNDA:2,retomar
FNDA:4,encerrar
FNDA:2,cancelar
DA:7,16
DA:10,0
DA:12,0
DA:21,0
DA:30,0
DA:31,0
DA:33,0
DA:38,10
DA:39,10
DA:40,10
DA:41,10
DA:43,0
DA:48,79
DA:49,79
DA:50,79
DA:52,0
DA:57,0
DA:58,0
DA:59,0
DA:60,0
DA:62,0
DA:67,12
DA:68,12
DA:69,12
DA:70,12
DA:72,12
DA:74,12
DA:75,2
DA:78,10
DA:79,9
DA:81,3
DA:86,4
DA:87,4
DA:88,4
DA:89,4
DA:91,4
DA:93,4
DA:94,1
DA:97,3
DA:98,2
DA:100,2
DA:105,2
DA:106,2
DA:107,2
DA:108,2
DA:110,2
DA:112,2
DA:113,0
DA:116,2
DA:117,1
DA:119,1
DA:124,4
DA:125,4
DA:126,4
DA:127,4
DA:134,4
DA:136,4
DA:137,1
DA:140,3
DA:146,2
DA:148,2
DA:153,2
DA:154,2
DA:155,2
DA:156,2
DA:161,2
DA:162,0
DA:165,2
DA:169,1
DA:171,1
LF:70
LH:55
BRDA:22,0,0,0
BRDA:22,0,1,0
BRDA:23,1,0,0
BRDA:23,1,1,0
BRDA:24,2,0,0
BRDA:24,2,1,0
BRDA:25,3,0,0
BRDA:25,3,1,0
BRDA:26,4,0,0
BRDA:26,4,1,0
BRDA:27,5,0,0
BRDA:27,5,1,0
BRDA:70,6,0,12
BRDA:70,6,1,0
BRDA:74,7,0,2
BRDA:74,7,1,10
BRDA:93,8,0,1
BRDA:93,8,1,3
BRDA:112,9,0,0
BRDA:112,9,1,2
BRDA:136,10,0,1
BRDA:136,10,1,3
BRDA:141,11,0,3
BRDA:141,11,1,3
BRDA:142,12,0,3
BRDA:142,12,1,3
BRDA:143,13,0,3
BRDA:143,13,1,0
BRDA:144,14,0,3
BRDA:144,14,1,0
BRDA:161,15,0,0
BRDA:161,15,1,2
BRDA:166,16,0,2
BRDA:166,16,1,2
BRDA:167,17,0,2
BRDA:167,17,1,0
BRF:36
BRH:18
end_of_record
TN:
SF:src\modules\ordens-servico\ordens-servico.policy.ts
FN:7,canIniciarOS
FN:13,canAguardarPecaOS
FN:19,canRetomarOS
FN:25,canEncerrarOS
FN:31,canCancelarOS
FN:35,canReadOrdemServico
FN:39,canCreateOrdemServico
FN:43,canUpdateOrdemServico
FNF:8
FNH:5
FNDA:12,canIniciarOS
FNDA:4,canAguardarPecaOS
FNDA:2,canRetomarOS
FNDA:4,canEncerrarOS
FNDA:2,canCancelarOS
FNDA:0,canReadOrdemServico
FNDA:0,canCreateOrdemServico
FNDA:0,canUpdateOrdemServico
DA:8,12
DA:9,3
DA:10,2
DA:14,4
DA:15,1
DA:16,1
DA:20,2
DA:21,0
DA:22,0
DA:26,4
DA:27,1
DA:28,1
DA:32,2
DA:36,0
DA:40,0
DA:44,0
LF:16
LH:11
BRDA:8,0,0,9
BRDA:8,0,1,3
BRDA:8,1,0,12
BRDA:8,1,1,3
BRDA:9,2,0,1
BRDA:9,2,1,2
BRDA:9,3,0,3
BRDA:9,3,1,3
BRDA:14,4,0,3
BRDA:14,4,1,1
BRDA:14,5,0,4
BRDA:14,5,1,1
BRDA:15,6,0,0
BRDA:15,6,1,1
BRDA:15,7,0,1
BRDA:15,7,1,1
BRDA:20,8,0,2
BRDA:20,8,1,0
BRDA:20,9,0,2
BRDA:20,9,1,0
BRDA:21,10,0,0
BRDA:21,10,1,0
BRDA:21,11,0,0
BRDA:21,11,1,0
BRDA:26,12,0,3
BRDA:26,12,1,1
BRDA:26,13,0,4
BRDA:26,13,1,1
BRDA:27,14,0,0
BRDA:27,14,1,1
BRDA:27,15,0,1
BRDA:27,15,1,1
BRDA:32,16,0,2
BRDA:32,16,1,0
BRDA:40,17,0,0
BRDA:40,17,1,0
BRDA:40,17,2,0
BRDA:44,18,0,0
BRDA:44,18,1,0
BRDA:44,18,2,0
BRF:40
BRH:25
end_of_record
TN:
SF:src\modules\ordens-servico\ordens-servico.repository.ts
FN:110,(anonymous_0)
FN:135,(anonymous_1)
FN:158,(anonymous_2)
FN:172,(anonymous_3)
FN:184,(anonymous_4)
FN:185,(anonymous_5)
FN:234,(anonymous_6)
FN:235,(anonymous_7)
FN:254,(anonymous_8)
FN:255,(anonymous_9)
FN:275,(anonymous_10)
FN:276,(anonymous_11)
FN:306,(anonymous_12)
FN:312,(anonymous_13)
FN:374,(anonymous_14)
FN:378,(anonymous_15)
FN:427,(anonymous_16)
FNF:17
FNH:15
FNDA:0,(anonymous_0)
FNDA:111,(anonymous_1)
FNDA:27887,(anonymous_2)
FNDA:79,(anonymous_3)
FNDA:79,(anonymous_4)
FNDA:79,(anonymous_5)
FNDA:9,(anonymous_6)
FNDA:9,(anonymous_7)
FNDA:2,(anonymous_8)
FNDA:2,(anonymous_9)
FNDA:1,(anonymous_10)
FNDA:1,(anonymous_11)
FNDA:2,(anonymous_12)
FNDA:2,(anonymous_13)
FNDA:1,(anonymous_14)
FNDA:1,(anonymous_15)
FNDA:0,(anonymous_16)
DA:58,16
DA:111,0
DA:136,111
DA:159,27887
DA:173,79
DA:185,79
DA:186,79
DA:221,79
DA:222,0
DA:225,79
DA:235,9
DA:236,9
DA:245,9
DA:250,9
DA:255,2
DA:256,2
DA:266,2
DA:271,2
DA:276,1
DA:277,1
DA:282,1
DA:286,1
DA:297,1
DA:302,1
DA:312,2
DA:313,2
DA:323,2
DA:324,2
DA:325,2
DA:327,2
DA:341,2
DA:354,2
DA:363,2
DA:364,2
DA:370,2
DA:378,1
DA:379,1
DA:384,1
DA:386,1
DA:396,1
DA:407,1
DA:416,1
DA:417,1
DA:423,1
DA:428,0
LF:45
LH:42
BRDA:113,0,0,0
BRDA:113,0,1,0
BRDA:114,1,0,0
BRDA:114,1,1,0
BRDA:115,2,0,0
BRDA:115,2,1,0
BRDA:118,3,0,0
BRDA:118,3,1,0
BRDA:119,4,0,0
BRDA:119,4,1,0
BRDA:120,5,0,0
BRDA:120,5,1,0
BRDA:195,6,0,79
BRDA:195,6,1,0
BRDA:198,7,0,79
BRDA:198,7,1,0
BRDA:201,8,0,79
BRDA:201,8,1,2
BRDA:204,9,0,79
BRDA:204,9,1,78
BRDA:205,10,0,79
BRDA:205,10,1,78
BRDA:206,11,0,79
BRDA:206,11,1,1
BRDA:207,12,0,79
BRDA:207,12,1,0
BRDA:208,13,0,79
BRDA:208,13,1,0
BRDA:209,14,0,79
BRDA:209,14,1,0
BRDA:221,15,0,0
BRDA:221,15,1,79
BRDA:261,16,0,2
BRDA:261,16,1,1
BRDA:282,17,0,1
BRDA:282,17,1,0
BRDA:291,18,0,1
BRDA:291,18,1,1
BRDA:292,19,0,1
BRDA:292,19,1,1
BRDA:323,20,0,2
BRDA:323,20,1,2
BRDA:324,21,0,2
BRDA:324,21,1,0
BRDA:333,22,0,2
BRDA:333,22,1,2
BRDA:334,23,0,2
BRDA:334,23,1,2
BRDA:335,24,0,2
BRDA:335,24,1,0
BRDA:363,25,0,2
BRDA:363,25,1,0
BRDA:384,26,0,1
BRDA:384,26,1,1
BRDA:391,27,0,1
BRDA:391,27,1,1
BRDA:416,28,0,1
BRDA:416,28,1,0
BRF:58
BRH:35
end_of_record
TN:
SF:src\modules\ordens-servico\ordens-servico.routes.ts
FNF:0
FNH:0
DA:12,16
DA:14,16
DA:16,16
DA:17,16
DA:18,16
DA:19,16
DA:21,16
DA:28,16
DA:34,16
DA:40,16
DA:47,16
DA:53,16
DA:59,16
DA:65,16
DA:71,16
LF:15
LH:15
BRF:0
BRH:0
end_of_record
TN:
SF:src\modules\ordens-servico\ordens-servico.service.ts
FN:64,(anonymous_0)
FN:68,(anonymous_1)
FN:82,(anonymous_2)
FN:146,(anonymous_3)
FN:162,(anonymous_4)
FN:183,(anonymous_5)
FN:197,(anonymous_6)
FN:221,(anonymous_7)
FN:241,(anonymous_8)
FN:265,(anonymous_9)
FNF:10
FNH:8
FNDA:0,(anonymous_0)
FNDA:57,(anonymous_1)
FNDA:79,(anonymous_2)
FNDA:11,(anonymous_3)
FNDA:4,(anonymous_4)
FNDA:2,(anonymous_5)
FNDA:4,(anonymous_6)
FNDA:3,(anonymous_7)
FNDA:0,(anonymous_8)
FNDA:79,(anonymous_9)
DA:61,21
DA:62,21
DA:65,0
DA:69,57
DA:71,57
DA:72,1
DA:79,56
DA:83,79
DA:85,79
DA:86,0
DA:93,79
DA:94,0
DA:101,79
DA:103,79
DA:108,79
DA:109,0
DA:116,79
DA:134,79
DA:135,0
DA:142,79
DA:147,11
DA:149,11
DA:150,2
DA:157,9
DA:159,9
DA:163,4
DA:165,4
DA:166,1
DA:173,3
DA:175,3
DA:180,3
DA:184,2
DA:186,2
DA:187,1
DA:194,1
DA:203,4
DA:205,4
DA:206,2
DA:213,2
DA:225,3
DA:227,3
DA:228,2
DA:235,1
DA:242,0
DA:244,0
DA:266,79
DA:268,79
DA:269,27808
DA:270,27808
DA:275,27808
DA:276,79
DA:280,0
LF:52
LH:44
BRDA:71,0,0,1
BRDA:71,0,1,56
BRDA:85,1,0,0
BRDA:85,1,1,79
BRDA:85,2,0,79
BRDA:85,2,1,79
BRDA:93,3,0,0
BRDA:93,3,1,79
BRDA:101,4,0,79
BRDA:101,4,1,79
BRDA:108,5,0,0
BRDA:108,5,1,79
BRDA:122,6,0,79
BRDA:122,6,1,0
BRDA:123,7,0,79
BRDA:123,7,1,0
BRDA:124,8,0,79
BRDA:124,8,1,0
BRDA:125,9,0,79
BRDA:125,9,1,2
BRDA:126,10,0,79
BRDA:126,10,1,78
BRDA:127,11,0,79
BRDA:127,11,1,78
BRDA:128,12,0,79
BRDA:128,12,1,1
BRDA:129,13,0,79
BRDA:129,13,1,0
BRDA:130,14,0,79
BRDA:130,14,1,0
BRDA:131,15,0,79
BRDA:131,15,1,0
BRDA:134,16,0,0
BRDA:134,16,1,79
BRDA:149,17,0,2
BRDA:149,17,1,9
BRDA:157,18,0,0
BRDA:157,18,1,9
BRDA:157,19,0,9
BRDA:157,19,1,9
BRDA:165,20,0,1
BRDA:165,20,1,3
BRDA:177,21,0,3
BRDA:177,21,1,2
BRDA:186,22,0,1
BRDA:186,22,1,1
BRDA:205,23,0,2
BRDA:205,23,1,2
BRDA:214,24,0,2
BRDA:214,24,1,2
BRDA:215,25,0,2
BRDA:215,25,1,2
BRDA:216,26,0,2
BRDA:216,26,1,0
BRDA:217,27,0,2
BRDA:217,27,1,0
BRDA:227,28,0,2
BRDA:227,28,1,1
BRDA:227,29,0,3
BRDA:227,29,1,1
BRDA:236,30,0,1
BRDA:236,30,1,1
BRDA:237,31,0,1
BRDA:237,31,1,0
BRDA:245,32,0,0
BRDA:245,32,1,0
BRDA:246,33,0,0
BRDA:246,33,1,0
BRDA:247,34,0,0
BRDA:247,34,1,0
BRDA:248,35,0,0
BRDA:248,35,1,0
BRDA:249,36,0,0
BRDA:249,36,1,0
BRDA:250,37,0,0
BRDA:250,37,1,0
BRDA:251,38,0,0
BRDA:251,38,1,0
BRDA:252,39,0,0
BRDA:252,39,1,0
BRDA:253,40,0,0
BRDA:253,40,1,0
BRDA:256,41,0,0
BRDA:256,41,1,0
BRDA:257,42,0,0
BRDA:257,42,1,0
BRDA:259,43,0,0
BRDA:259,43,1,0
BRDA:260,44,0,0
BRDA:260,44,1,0
BRDA:261,45,0,0
BRDA:261,45,1,0
BRDA:275,46,0,79
BRDA:275,46,1,27729
BRF:94
BRH:52
end_of_record
TN:
SF:src\modules\ordens-servico\ordens-servico.workflow.ts
FN:19,aplicarImpactoDisponibilidade
FNF:1
FNH:0
FNDA:0,aplicarImpactoDisponibilidade
DA:23,0
DA:32,0
LF:2
LH:0
BRF:0
BRH:0
end_of_record
TN:
SF:src\modules\ordens-servico-materiais\ordens-servico-materiais.controller.ts
FN:6,findByOrdemServico
FN:16,findById
FN:26,create
FN:36,update
FN:46,consumir
FN:57,devolver
FN:68,cancelar
FNF:7
FNH:4
FNDA:0,findByOrdemServico
FNDA:0,findById
FNDA:21,create
FNDA:0,update
FNDA:14,consumir
FNDA:7,devolver
FNDA:1,cancelar
DA:4,16
DA:7,0
DA:8,0
DA:9,0
DA:10,0
DA:12,0
DA:17,0
DA:18,0
DA:19,0
DA:20,0
DA:22,0
DA:27,21
DA:28,21
DA:29,21
DA:30,18
DA:32,3
DA:37,0
DA:38,0
DA:39,0
DA:40,0
DA:42,0
DA:47,14
DA:48,14
DA:49,14
DA:50,14
DA:51,11
DA:53,3
DA:58,7
DA:59,7
DA:60,7
DA:61,7
DA:62,4
DA:64,3
DA:69,1
DA:70,1
DA:71,1
DA:72,1
DA:74,0
LF:38
LH:22
BRF:0
BRH:0
end_of_record
TN:
SF:src\modules\ordens-servico-materiais\ordens-servico-materiais.repository.ts
FN:38,(anonymous_0)
FN:45,(anonymous_1)
FN:52,(anonymous_2)
FN:64,(anonymous_3)
FN:79,(anonymous_4)
FN:96,(anonymous_5)
FN:97,(anonymous_6)
FN:122,(anonymous_7)
FN:123,(anonymous_8)
FN:146,(anonymous_9)
FN:154,(anonymous_10)
FN:164,(anonymous_11)
FNF:12
FNH:10
FNDA:0,(anonymous_0)
FNDA:22,(anonymous_1)
FNDA:31,(anonymous_2)
FNDA:18,(anonymous_3)
FNDA:0,(anonymous_4)
FNDA:11,(anonymous_5)
FNDA:11,(anonymous_6)
FNDA:4,(anonymous_7)
FNDA:4,(anonymous_8)
FNDA:1,(anonymous_9)
FNDA:15,(anonymous_10)
FNDA:12,(anonymous_11)
DA:16,16
DA:39,0
DA:46,22
DA:53,31
DA:65,18
DA:67,18
DA:80,0
DA:85,0
DA:86,0
DA:87,0
DA:89,0
DA:97,11
DA:98,11
DA:103,11
DA:105,11
DA:111,11
DA:116,11
DA:118,11
DA:123,4
DA:124,4
DA:129,4
DA:135,4
DA:140,4
DA:142,4
DA:147,1
DA:158,15
DA:163,15
DA:164,12
DA:168,15
LF:29
LH:23
BRDA:85,0,0,0
BRDA:85,0,1,0
BRDA:86,1,0,0
BRDA:86,1,1,0
BRF:4
BRH:0
end_of_record
TN:
SF:src\modules\ordens-servico-materiais\ordens-servico-materiais.routes.ts
FNF:0
FNH:0
DA:6,16
DA:8,16
DA:10,16
DA:11,16
DA:12,16
DA:13,16
DA:14,16
LF:7
LH:7
BRF:0
BRH:0
end_of_record
TN:
SF:src\modules\ordens-servico-materiais\ordens-servico-materiais.service.ts
FN:22,(anonymous_0)
FN:26,(anonymous_1)
FN:34,(anonymous_2)
FN:76,(anonymous_3)
FN:81,(anonymous_4)
FN:97,(anonymous_5)
FN:107,(anonymous_6)
FNF:7
FNH:5
FNDA:0,(anonymous_0)
FNDA:22,(anonymous_1)
FNDA:21,(anonymous_2)
FNDA:0,(anonymous_3)
FNDA:14,(anonymous_4)
FNDA:7,(anonymous_5)
FNDA:1,(anonymous_6)
DA:19,16
DA:20,16
DA:23,0
DA:27,22
DA:29,22
DA:31,20
DA:35,21
DA:36,1
DA:43,20
DA:45,20
DA:46,1
DA:53,19
DA:55,19
DA:56,1
DA:64,18
DA:68,18
DA:77,0
DA:78,0
DA:82,14
DA:84,13
DA:86,12
DA:88,12
DA:90,12
DA:92,12
DA:94,11
DA:98,7
DA:100,6
DA:102,4
DA:104,4
DA:108,1
DA:110,1
DA:112,1
DA:114,1
LF:33
LH:30
BRDA:29,0,0,2
BRDA:29,0,1,20
BRDA:35,1,0,1
BRDA:35,1,1,20
BRDA:45,2,0,1
BRDA:45,2,1,19
BRDA:55,3,0,1
BRDA:55,3,1,18
BRDA:55,4,0,19
BRDA:55,4,1,18
BRDA:64,5,0,6
BRDA:64,5,1,12
BRDA:84,6,0,1
BRDA:84,6,1,12
BRDA:86,7,0,12
BRDA:86,7,1,11
BRDA:90,8,0,0
BRDA:90,8,1,12
BRDA:92,9,0,1
BRDA:92,9,1,11
BRDA:100,10,0,2
BRDA:100,10,1,4
BRDA:102,11,0,4
BRDA:102,11,1,3
BRDA:110,12,0,0
BRDA:110,12,1,1
BRDA:112,13,0,0
BRDA:112,13,1,1
BRF:28
BRH:25
end_of_record
TN:
SF:src\modules\ordens-servico\dto\create-ordem-servico.dto.ts
FNF:0
FNH:0
DA:3,16
LF:1
LH:1
BRF:0
BRH:0
end_of_record
TN:
SF:src\modules\ordens-servico\dto\list-ordens-servico.dto.ts
FNF:0
FNH:0
DA:3,16
LF:1
LH:1
BRF:0
BRH:0
end_of_record
TN:
SF:src\modules\ordens-servico\dto\update-ordem-servico.dto.ts
FNF:0
FNH:0
DA:3,16
LF:1
LH:1
BRF:0
BRH:0
end_of_record
TN:
SF:src\modules\paradas-ativos\paradas-ativos.controller.ts
FN:6,findAll
FN:31,findById
FN:41,create
FN:50,update
FN:60,encerrar
FN:71,cancelar
FNF:6
FNH:6
FNDA:1,findAll
FNDA:1,findById
FNDA:6,create
FNDA:1,update
FNDA:2,encerrar
FNDA:3,cancelar
DA:4,17
DA:7,1
DA:8,1
DA:16,1
DA:24,1
DA:25,1
DA:27,0
DA:32,1
DA:33,1
DA:34,1
DA:35,1
DA:37,0
DA:42,6
DA:43,6
DA:44,4
DA:46,2
DA:51,1
DA:52,1
DA:53,1
DA:54,1
DA:56,0
DA:61,2
DA:62,2
DA:63,2
DA:64,2
DA:65,2
DA:67,0
DA:72,3
DA:73,3
DA:74,3
DA:75,3
DA:76,3
DA:78,0
LF:33
LH:28
BRDA:17,0,0,1
BRDA:17,0,1,1
BRDA:18,1,0,1
BRDA:18,1,1,1
BRDA:19,2,0,1
BRDA:19,2,1,1
BRDA:20,3,0,1
BRDA:20,3,1,1
BRDA:21,4,0,1
BRDA:21,4,1,1
BRF:10
BRH:10
end_of_record
TN:
SF:src\modules\paradas-ativos\paradas-ativos.repository.ts
FN:51,(anonymous_0)
FN:71,(anonymous_1)
FN:78,(anonymous_2)
FN:85,(anonymous_3)
FN:100,(anonymous_4)
FN:108,(anonymous_5)
FN:123,(anonymous_6)
FN:134,(anonymous_7)
FN:145,(anonymous_8)
FNF:9
FNH:6
FNDA:0,(anonymous_0)
FNDA:3,(anonymous_1)
FNDA:4,(anonymous_2)
FNDA:3,(anonymous_3)
FNDA:0,(anonymous_4)
FNDA:1,(anonymous_5)
FNDA:2,(anonymous_6)
FNDA:4,(anonymous_7)
FNDA:0,(anonymous_8)
DA:27,18
DA:52,0
DA:72,3
DA:79,4
DA:86,3
DA:101,0
DA:109,1
DA:114,1
DA:116,1
DA:124,2
DA:135,4
DA:146,0
LF:12
LH:9
BRDA:54,0,0,0
BRDA:54,0,1,0
BRDA:55,1,0,0
BRDA:55,1,1,0
BRDA:56,2,0,0
BRDA:56,2,1,0
BRDA:57,3,0,0
BRDA:57,3,1,0
BRDA:57,4,0,0
BRDA:57,4,1,0
BRDA:60,5,0,0
BRDA:60,5,1,0
BRDA:61,6,0,0
BRDA:61,6,1,0
BRDA:90,7,0,3
BRDA:90,7,1,0
BRDA:91,8,0,3
BRDA:91,8,1,1
BRDA:92,9,0,3
BRDA:92,9,1,3
BRDA:93,10,0,3
BRDA:93,10,1,3
BRDA:94,11,0,3
BRDA:94,11,1,3
BRDA:128,12,0,2
BRDA:128,12,1,2
BRF:26
BRH:11
end_of_record
TN:
SF:src\modules\paradas-ativos\paradas-ativos.routes.ts
FNF:0
FNH:0
DA:6,16
DA:8,16
DA:10,16
DA:11,16
DA:12,16
DA:13,16
DA:14,16
DA:15,16
LF:8
LH:8
BRF:0
BRH:0
end_of_record
TN:
SF:src\modules\paradas-ativos\paradas-ativos.service.ts
FN:34,(anonymous_0)
FN:44,(anonymous_1)
FN:52,(anonymous_2)
FN:124,(anonymous_3)
FN:129,(anonymous_4)
FN:137,(anonymous_5)
FNF:6
FNH:6
FNDA:1,(anonymous_0)
FNDA:10,(anonymous_1)
FNDA:12,(anonymous_2)
FNDA:1,(anonymous_3)
FNDA:3,(anonymous_4)
FNDA:4,(anonymous_5)
DA:31,33
DA:32,33
DA:35,1
DA:45,10
DA:47,10
DA:49,9
DA:53,12
DA:55,12
DA:56,1
DA:63,11
DA:64,1
DA:71,10
DA:72,4
DA:76,4
DA:77,1
DA:84,3
DA:85,1
DA:92,2
DA:93,1
DA:101,7
DA:103,7
DA:105,5
DA:115,5
DA:121,5
DA:125,1
DA:126,1
DA:130,3
DA:132,3
DA:134,2
DA:138,4
DA:140,4
DA:142,3
LF:32
LH:32
BRDA:36,0,0,1
BRDA:36,0,1,1
BRDA:37,1,0,1
BRDA:37,1,1,1
BRDA:38,2,0,1
BRDA:38,2,1,1
BRDA:39,3,0,1
BRDA:39,3,1,1
BRDA:40,4,0,1
BRDA:40,4,1,1
BRDA:47,5,0,1
BRDA:47,5,1,9
BRDA:55,6,0,1
BRDA:55,6,1,11
BRDA:55,7,0,12
BRDA:55,7,1,11
BRDA:63,8,0,1
BRDA:63,8,1,10
BRDA:71,9,0,4
BRDA:71,9,1,6
BRDA:76,10,0,1
BRDA:76,10,1,3
BRDA:84,11,0,1
BRDA:84,11,1,2
BRDA:92,12,0,1
BRDA:92,12,1,1
BRDA:103,13,0,2
BRDA:103,13,1,5
BRDA:108,14,0,5
BRDA:108,14,1,1
BRDA:109,15,0,5
BRDA:109,15,1,2
BRDA:110,16,0,5
BRDA:110,16,1,4
BRDA:111,17,0,5
BRDA:111,17,1,4
BRDA:112,18,0,5
BRDA:112,18,1,4
BRDA:118,19,0,5
BRDA:118,19,1,4
BRDA:132,20,0,1
BRDA:132,20,1,2
BRDA:134,21,0,1
BRDA:134,21,1,1
BRDA:140,22,0,1
BRDA:140,22,1,3
BRF:46
BRH:46
end_of_record
TN:
SF:src\modules\usuarios\usuarios.controller.ts
FN:10,findAll
FN:33,findById
FN:49,create
FN:58,update
FN:68,resetPassword
FN:79,remove
FNF:6
FNH:6
FNDA:1,findAll
FNDA:4,findById
FNDA:5,create
FNDA:1,update
FNDA:1,resetPassword
FNDA:1,remove
DA:8,17
DA:11,1
DA:12,1
DA:19,1
DA:26,1
DA:27,1
DA:29,0
DA:34,4
DA:35,4
DA:36,4
DA:38,4
DA:39,2
DA:42,2
DA:43,2
DA:45,2
DA:50,5
DA:51,5
DA:52,2
DA:54,3
DA:59,1
DA:60,1
DA:61,1
DA:62,1
DA:64,0
DA:69,1
DA:70,1
DA:71,1
DA:72,1
DA:73,1
DA:75,0
DA:80,1
DA:81,1
DA:82,1
DA:83,1
DA:85,0
LF:35
LH:31
BRDA:20,0,0,1
BRDA:20,0,1,1
BRDA:21,1,0,1
BRDA:21,1,1,1
BRDA:22,2,0,1
BRDA:22,2,1,1
BRDA:23,3,0,1
BRDA:23,3,1,1
BRDA:38,4,0,2
BRDA:38,4,1,2
BRF:10
BRH:10
end_of_record
TN:
SF:src\modules\usuarios\usuarios.policy.ts
FN:3,canReadUsuario
FN:12,canWriteUsuario
FNF:2
FNH:2
FNDA:11,canReadUsuario
FNDA:5,canWriteUsuario
DA:4,11
DA:5,9
DA:6,8
DA:7,7
DA:8,5
DA:9,4
DA:13,5
LF:7
LH:7
BRDA:4,0,0,2
BRDA:4,0,1,9
BRDA:5,1,0,1
BRDA:5,1,1,8
BRDA:6,2,0,1
BRDA:6,2,1,7
BRDA:7,3,0,2
BRDA:7,3,1,5
BRDA:7,4,0,7
BRDA:7,4,1,4
BRDA:8,5,0,1
BRDA:8,5,1,4
BRDA:8,6,0,5
BRDA:8,6,1,3
BRF:14
BRH:14
end_of_record
TN:
SF:src\modules\usuarios\usuarios.repository.ts
FN:29,(anonymous_0)
FN:54,(anonymous_1)
FN:69,(anonymous_2)
FN:83,(anonymous_3)
FN:104,(anonymous_4)
FN:120,(anonymous_5)
FN:128,(anonymous_6)
FNF:7
FNH:3
FNDA:0,(anonymous_0)
FNDA:1,(anonymous_1)
FNDA:3,(anonymous_2)
FNDA:1,(anonymous_3)
FNDA:0,(anonymous_4)
FNDA:0,(anonymous_5)
FNDA:0,(anonymous_6)
DA:30,0
DA:55,1
DA:70,3
DA:84,1
DA:105,0
DA:121,0
DA:129,0
LF:7
LH:3
BRDA:32,0,0,0
BRDA:32,0,1,0
BRDA:33,1,0,0
BRDA:33,1,1,0
BRDA:34,2,0,0
BRDA:34,2,1,0
BRDA:35,3,0,0
BRDA:35,3,1,0
BRDA:90,4,0,1
BRDA:90,4,1,0
BRF:10
BRH:1
end_of_record
TN:
SF:src\modules\usuarios\usuarios.routes.ts
FNF:0
FNH:0
DA:6,16
DA:8,16
DA:10,16
DA:11,16
DA:12,16
DA:13,16
DA:14,16
DA:15,16
LF:8
LH:8
BRF:0
BRH:0
end_of_record
TN:
SF:src\modules\usuarios\usuarios.service.ts
FN:33,(anonymous_0)
FN:37,(anonymous_1)
FN:45,(anonymous_2)
FN:62,(anonymous_3)
FN:73,(anonymous_4)
FN:84,(anonymous_5)
FNF:6
FNH:6
FNDA:1,(anonymous_0)
FNDA:7,(anonymous_1)
FNDA:5,(anonymous_2)
FNDA:2,(anonymous_3)
FNDA:1,(anonymous_4)
FNDA:1,(anonymous_5)
DA:31,26
DA:34,1
DA:38,7
DA:40,7
DA:42,6
DA:46,5
DA:48,5
DA:50,2
DA:51,2
DA:53,2
DA:63,2
DA:65,2
DA:66,1
DA:67,1
DA:70,1
DA:74,1
DA:76,1
DA:77,1
DA:79,1
DA:81,1
DA:85,1
DA:86,1
LF:22
LH:22
BRDA:40,0,0,1
BRDA:40,0,1,6
BRDA:48,1,0,3
BRDA:48,1,1,2
BRDA:50,2,0,2
BRDA:50,2,1,0
BRDA:65,3,0,1
BRDA:65,3,1,1
BRDA:65,4,0,2
BRDA:65,4,1,2
BRDA:67,5,0,1
BRDA:67,5,1,0
BRDA:76,6,0,1
BRDA:76,6,1,0
BRF:14
BRH:11
end_of_record
TN:
SF:src\prisma\prisma.client.ts
FNF:0
FNH:0
DA:5,36
DA:7,36
DA:8,0
DA:11,36
DA:13,36
LF:5
LH:4
BRDA:7,0,0,0
BRDA:7,0,1,36
BRF:2
BRH:1
end_of_record
